#
# There is insufficient memory for the Java Runtime Environment to continue.
# Native memory allocation (mmap) failed to map 68157440 bytes for Failed to commit area from 0x0000000087a00000 to 0x000000008bb00000 of length 68157440.
# Possible reasons:
#   The system is out of physical RAM or swap space
#   The process is running with CompressedOops enabled, and the Java Heap may be blocking the growth of the native heap
# Possible solutions:
#   Reduce memory load on the system
#   Increase physical memory or swap space
#   Check if swap backing store is full
#   Decrease Java heap size (-Xmx/-Xms)
#   Decrease number of Java threads
#   Decrease Java thread stack sizes (-Xss)
#   Set larger code cache with -XX:ReservedCodeCacheSize=
#   JVM is running with Unscaled Compressed Oops mode in which the Java heap is
#     placed in the first 4GB address space. The Java Heap base address is the
#     maximum limit for the native heap growth. Please use -XX:HeapBaseMinAddress
#     to set the Java Heap base and to place the Java Heap above 4GB virtual address.
# This output file may be truncated or incomplete.
#
#  Out of Memory Error (./src/hotspot/os/windows/os_windows.cpp:3303), pid=18308, tid=18400
#
# JRE version: OpenJDK Runtime Environment (11.0.8+10) (build 11.0.8+10-b944.6842174)
# Java VM: OpenJDK 64-Bit Server VM (11.0.8+10-b944.6842174, mixed mode, tiered, compressed oops, g1 gc, windows-amd64)
# No core dump will be written. Minidumps are not enabled by default on client versions of Windows
#

---------------  S U M M A R Y ------------

Command Line: --add-opens=java.base/java.util=ALL-UNNAMED --add-opens=java.base/java.lang=ALL-UNNAMED --add-opens=java.base/java.lang.invoke=ALL-UNNAMED --add-opens=java.prefs/java.util.prefs=ALL-UNNAMED -Xmx2048m -Dfile.encoding=UTF-8 -Duser.country=US -Duser.language=en -Duser.variant org.gradle.launcher.daemon.bootstrap.GradleDaemon 6.7.1

Host: Intel(R) Core(TM) i3-7100U CPU @ 2.40GHz, 4 cores, 3G,  Windows 10 , 64 bit Build 18362 (10.0.18362.1350)
Time: Mon Jul 12 13:39:38 2021 Pakistan Standard Time elapsed time: 102 seconds (0d 0h 1m 42s)

---------------  T H R E A D  ---------------

Current thread (0x0000016cefd05000):  VMThread "VM Thread" [stack: 0x0000005137800000,0x0000005137900000] [id=18400]

Stack: [0x0000005137800000,0x0000005137900000]
[error occurred during error reporting (printing stack bounds), id 0xc0000005, EXCEPTION_ACCESS_VIOLATION (0xc0000005) at pc=0x0000016cd9c50dad]

Native frames: (J=compiled Java code, j=interpreted, Vv=VM code, C=native code)
V  [jvm.dll+0x5de50a]
V  [jvm.dll+0x7122f5]
V  [jvm.dll+0x71384d]
V  [jvm.dll+0x713e65]
V  [jvm.dll+0x713e1b]
V  [jvm.dll+0x5dd958]
V  [jvm.dll+0x5de0f8]
C  [ntdll.dll+0xa1eef]
C  [ntdll.dll+0x6aad9]
C  [ntdll.dll+0xa0b5e]
C  0x0000016cd9c50dad

VM_Operation (0x00000051402faa20): G1CollectForAllocation, mode: safepoint, requested by thread 0x0000016cf754c000


---------------  P R O C E S S  ---------------

Threads class SMR info:
_java_thread_list=0x0000016cf4c33a50, length=138, elements={
0x0000016cd62dc000, 0x0000016cefd08000, 0x0000016cefd11800, 0x0000016cf0683800,
0x0000016cf0686800, 0x0000016cf068c800, 0x0000016cefd6a000, 0x0000016cefd7c800,
0x0000016cf07d9000, 0x0000016cf0809800, 0x0000016cf0c03000, 0x0000016cf1bf3800,
0x0000016cf264e000, 0x0000016cf2291000, 0x0000016cf2649000, 0x0000016cefd6d800,
0x0000016cefd6f800, 0x0000016cefd6c800, 0x0000016cefd70800, 0x0000016cf4bcc000,
0x0000016cf4bcd000, 0x0000016cf4bce800, 0x0000016cf4bce000, 0x0000016cf4bc9000,
0x0000016cf4bcf800, 0x0000016cf4bd5000, 0x0000016cf4bd2800, 0x0000016cf4bd6000,
0x0000016cf4bd1000, 0x0000016cf4bd2000, 0x0000016cf4bd3800, 0x0000016cf4bd0000,
0x0000016cf4bd4800, 0x0000016cf4bd7000, 0x0000016cf4bd7800, 0x0000016cefd6b000,
0x0000016cefd6b800, 0x0000016cefd6e000, 0x0000016cefd6f000, 0x0000016cf0b0c800,
0x0000016cf0b0b800, 0x0000016cf0b0e000, 0x0000016cf0b0b000, 0x0000016cf0b0d800,
0x0000016cf0b08800, 0x0000016cf0b0f000, 0x0000016cf0b09000, 0x0000016cf0b0f800,
0x0000016cf0b0a000, 0x0000016cf0b14000, 0x0000016cf0b14800, 0x0000016cf0b12000,
0x0000016cf0b15800, 0x0000016cf0b11800, 0x0000016cf0b16000, 0x0000016cf0b10800,
0x0000016cf0b17000, 0x0000016cf0b13000, 0x0000016cf18d1800, 0x0000016cf18d1000,
0x0000016cf18cd800, 0x0000016cf18cc000, 0x0000016cf18d2800, 0x0000016cf18d0000,
0x0000016cf18ce800, 0x0000016cf18cf000, 0x0000016cf18cd000, 0x0000016cf18d8000,
0x0000016cf18d9000, 0x0000016cf18d6800, 0x0000016cf18d5000, 0x0000016cf18d3800,
0x0000016cf18d7800, 0x0000016cf18da000, 0x0000016cf18d6000, 0x0000016cf18d4000,
0x0000016cf18da800, 0x0000016cf2845800, 0x0000016cf2846800, 0x0000016cf2847000,
0x0000016cf2844800, 0x0000016cf2841800, 0x0000016cf2843000, 0x0000016cf2848000,
0x0000016cf2844000, 0x0000016cf2842800, 0x0000016cf284d000, 0x0000016cf284a800,
0x0000016cf2849000, 0x0000016cf2849800, 0x0000016cf284f800, 0x0000016cf284b800,
0x0000016cf284c000, 0x0000016cf284d800, 0x0000016cf284e800, 0x0000016cf2850000,
0x0000016cf335e000, 0x0000016cf3361800, 0x0000016cf335d800, 0x0000016cf335f000,
0x0000016cf3360000, 0x0000016cf3360800, 0x0000016cf335b800, 0x0000016cf3362000,
0x0000016cf335c800, 0x0000016cf3368800, 0x0000016cf3363000, 0x0000016cf3366800,
0x0000016cf3365800, 0x0000016cf3369800, 0x0000016cf3364000, 0x0000016cf3364800,
0x0000016cf3367000, 0x0000016cf3368000, 0x0000016cf336a800, 0x0000016cf2864000,
0x0000016cf2866800, 0x0000016cf2865800, 0x0000016cf2868000, 0x0000016cf2863000,
0x0000016cf2867800, 0x0000016cf286a800, 0x0000016cf2869000, 0x0000016cf286a000,
0x0000016cf2865000, 0x0000016cf286b800, 0x0000016cf286f800, 0x0000016cf2870800,
0x0000016cf286e800, 0x0000016cf2871000, 0x0000016cf2872000, 0x0000016cf286c000,
0x0000016cf286e000, 0x0000016cf754f800, 0x0000016cf754d800, 0x0000016cf754c000,
0x0000016cf754e800, 0x0000016cf754a800
}

Java Threads: ( => current thread )
  0x0000016cd62dc000 JavaThread "main" [_thread_blocked, id=15432, stack(0x0000005137200000,0x0000005137300000)]
  0x0000016cefd08000 JavaThread "Reference Handler" daemon [_thread_blocked, id=17936, stack(0x0000005137900000,0x0000005137a00000)]
  0x0000016cefd11800 JavaThread "Finalizer" daemon [_thread_blocked, id=10280, stack(0x0000005137a00000,0x0000005137b00000)]
  0x0000016cf0683800 JavaThread "Signal Dispatcher" daemon [_thread_blocked, id=17776, stack(0x0000005137b00000,0x0000005137c00000)]
  0x0000016cf0686800 JavaThread "Attach Listener" daemon [_thread_blocked, id=3560, stack(0x0000005137c00000,0x0000005137d00000)]
  0x0000016cf068c800 JavaThread "C2 CompilerThread0" daemon [_thread_blocked, id=18408, stack(0x0000005137d00000,0x0000005137e00000)]
  0x0000016cefd6a000 JavaThread "C1 CompilerThread0" daemon [_thread_blocked, id=16424, stack(0x0000005137e00000,0x0000005137f00000)]
  0x0000016cefd7c800 JavaThread "Sweeper thread" daemon [_thread_blocked, id=16860, stack(0x0000005137f00000,0x0000005138000000)]
  0x0000016cf07d9000 JavaThread "Common-Cleaner" daemon [_thread_blocked, id=15760, stack(0x0000005138000000,0x0000005138100000)]
  0x0000016cf0809800 JavaThread "Service Thread" daemon [_thread_blocked, id=18184, stack(0x0000005138100000,0x0000005138200000)]
  0x0000016cf0c03000 JavaThread "Daemon health stats" [_thread_blocked, id=10268, stack(0x0000005138400000,0x0000005138500000)]
  0x0000016cf1bf3800 JavaThread "Incoming local TCP Connector on port 50157" [_thread_in_native, id=17156, stack(0x0000005138700000,0x0000005138800000)]
  0x0000016cf264e000 JavaThread "Daemon periodic checks" [_thread_blocked, id=16616, stack(0x0000005138800000,0x0000005138900000)]
  0x0000016cf2291000 JavaThread "Daemon" [_thread_blocked, id=17160, stack(0x0000005138900000,0x0000005138a00000)]
  0x0000016cf2649000 JavaThread "Daemon worker" [_thread_blocked, id=16824, stack(0x0000005138c00000,0x0000005138d00000)]
  0x0000016cefd6d800 JavaThread "Cache worker for file hash cache (C:\Users\Amjad Khan\.gradle\caches\6.7.1\fileHashes)" [_thread_blocked, id=16272, stack(0x0000005139200000,0x0000005139300000)]
  0x0000016cefd6f800 JavaThread "File lock request listener" [_thread_in_native, id=17668, stack(0x0000005139300000,0x0000005139400000)]
  0x0000016cefd6c800 JavaThread "Cache worker for journal cache (C:\Users\Amjad Khan\.gradle\caches\journal-1)" [_thread_blocked, id=17692, stack(0x0000005139400000,0x0000005139500000)]
  0x0000016cefd70800 JavaThread "Cache worker for execution history cache (C:\Users\Amjad Khan\.gradle\caches\6.7.1\executionHistory)" [_thread_blocked, id=6896, stack(0x0000005139900000,0x0000005139a00000)]
  0x0000016cf4bcc000 JavaThread "jar transforms" [_thread_blocked, id=17720, stack(0x0000005139a00000,0x0000005139b00000)]
  0x0000016cf4bcd000 JavaThread "Cache worker for file content cache (C:\Users\Amjad Khan\.gradle\caches\6.7.1\fileContent)" [_thread_blocked, id=8572, stack(0x0000005139b00000,0x0000005139c00000)]
  0x0000016cf4bce800 JavaThread "Handler for socket connection from /127.0.0.1:50157 to /127.0.0.1:50190" [_thread_in_native, id=18564, stack(0x0000005138a00000,0x0000005138b00000)]
  0x0000016cf4bce000 JavaThread "Cancel handler" [_thread_blocked, id=18740, stack(0x0000005138b00000,0x0000005138c00000)]
  0x0000016cf4bc9000 JavaThread "Asynchronous log dispatcher for DefaultDaemonConnection: socket connection from /127.0.0.1:50157 to /127.0.0.1:50190" [_thread_blocked, id=18764, stack(0x0000005138d00000,0x0000005138e00000)]
  0x0000016cf4bcf800 JavaThread "Stdin handler" [_thread_blocked, id=17980, stack(0x0000005138e00000,0x0000005138f00000)]
  0x0000016cf4bd5000 JavaThread "Thread-22" [_thread_blocked, id=18672, stack(0x0000005138f00000,0x0000005139000000)]
  0x0000016cf4bd2800 JavaThread "Cache worker for file hash cache (C:\Users\Amjad Khan\AndroidStudioProjects\MobileCalculater\.gradle\6.7.1\fileHashes)" [_thread_blocked, id=18824, stack(0x0000005139500000,0x0000005139600000)]
  0x0000016cf4bd6000 JavaThread "Cache worker for checksums cache (C:\Users\Amjad Khan\AndroidStudioProjects\MobileCalculater\.gradle\checksums)" [_thread_blocked, id=18944, stack(0x0000005139600000,0x0000005139700000)]
  0x0000016cf4bd1000 JavaThread "Cache worker for cache directory md-supplier (C:\Users\Amjad Khan\.gradle\caches\6.7.1\md-supplier)" [_thread_blocked, id=18744, stack(0x0000005139700000,0x0000005139800000)]
  0x0000016cf4bd2000 JavaThread "Cache worker for cache directory md-rule (C:\Users\Amjad Khan\.gradle\caches\6.7.1\md-rule)" [_thread_blocked, id=18936, stack(0x0000005139800000,0x0000005139900000)]
  0x0000016cf4bd3800 JavaThread "Cache worker for Build Output Cleanup Cache (C:\Users\Amjad Khan\AndroidStudioProjects\MobileCalculater\.gradle\buildOutputCleanup)" [_thread_blocked, id=17900, stack(0x0000005136f00000,0x0000005137000000)]
  0x0000016cf4bd0000 JavaThread "Build operations" [_thread_blocked, id=18876, stack(0x0000005137000000,0x0000005137100000)]
  0x0000016cf4bd4800 JavaThread "Build operations Thread 2" [_thread_blocked, id=18872, stack(0x0000005137100000,0x0000005137200000)]
  0x0000016cf4bd7000 JavaThread "Build operations Thread 3" [_thread_blocked, id=19124, stack(0x0000005139c00000,0x0000005139d00000)]
  0x0000016cf4bd7800 JavaThread "Build operations Thread 4" [_thread_blocked, id=18992, stack(0x0000005139d00000,0x0000005139e00000)]
  0x0000016cefd6b000 JavaThread "jar transforms Thread 2" [_thread_blocked, id=19252, stack(0x0000005139e00000,0x0000005139f00000)]
  0x0000016cefd6b800 JavaThread "jar transforms Thread 3" [_thread_blocked, id=19268, stack(0x0000005139f00000,0x000000513a000000)]
  0x0000016cefd6e000 JavaThread "jar transforms Thread 4" [_thread_blocked, id=19248, stack(0x000000513a000000,0x000000513a100000)]
  0x0000016cefd6f000 JavaThread "jar transforms Thread 5" [_thread_blocked, id=19256, stack(0x000000513a100000,0x000000513a200000)]
  0x0000016cf0b0c800 JavaThread "jar transforms Thread 6" [_thread_blocked, id=19296, stack(0x000000513a200000,0x000000513a300000)]
  0x0000016cf0b0b800 JavaThread "jar transforms Thread 7" [_thread_blocked, id=19228, stack(0x000000513a300000,0x000000513a400000)]
  0x0000016cf0b0e000 JavaThread "jar transforms Thread 8" [_thread_blocked, id=19316, stack(0x000000513a400000,0x000000513a500000)]
  0x0000016cf0b0b000 JavaThread "jar transforms Thread 9" [_thread_blocked, id=19220, stack(0x000000513a500000,0x000000513a600000)]
  0x0000016cf0b0d800 JavaThread "jar transforms Thread 10" [_thread_blocked, id=19224, stack(0x000000513a600000,0x000000513a700000)]
  0x0000016cf0b08800 JavaThread "jar transforms Thread 11" [_thread_blocked, id=18864, stack(0x000000513a700000,0x000000513a800000)]
  0x0000016cf0b0f000 JavaThread "jar transforms Thread 12" [_thread_blocked, id=18860, stack(0x000000513a800000,0x000000513a900000)]
  0x0000016cf0b09000 JavaThread "jar transforms Thread 13" [_thread_blocked, id=17644, stack(0x000000513a900000,0x000000513aa00000)]
  0x0000016cf0b0f800 JavaThread "jar transforms Thread 14" [_thread_blocked, id=12252, stack(0x000000513aa00000,0x000000513ab00000)]
  0x0000016cf0b0a000 JavaThread "jar transforms Thread 15" [_thread_blocked, id=17812, stack(0x000000513ab00000,0x000000513ac00000)]
  0x0000016cf0b14000 JavaThread "jar transforms Thread 16" [_thread_blocked, id=17288, stack(0x000000513ac00000,0x000000513ad00000)]
  0x0000016cf0b14800 JavaThread "jar transforms Thread 17" [_thread_blocked, id=18244, stack(0x000000513ad00000,0x000000513ae00000)]
  0x0000016cf0b12000 JavaThread "jar transforms Thread 18" [_thread_blocked, id=18196, stack(0x000000513ae00000,0x000000513af00000)]
  0x0000016cf0b15800 JavaThread "jar transforms Thread 19" [_thread_blocked, id=12280, stack(0x000000513af00000,0x000000513b000000)]
  0x0000016cf0b11800 JavaThread "jar transforms Thread 20" [_thread_blocked, id=15116, stack(0x000000513b000000,0x000000513b100000)]
  0x0000016cf0b16000 JavaThread "jar transforms Thread 21" [_thread_blocked, id=15124, stack(0x000000513b100000,0x000000513b200000)]
  0x0000016cf0b10800 JavaThread "jar transforms Thread 22" [_thread_blocked, id=18220, stack(0x000000513b200000,0x000000513b300000)]
  0x0000016cf0b17000 JavaThread "jar transforms Thread 23" [_thread_blocked, id=6884, stack(0x000000513b300000,0x000000513b400000)]
  0x0000016cf0b13000 JavaThread "jar transforms Thread 24" [_thread_blocked, id=17624, stack(0x000000513b400000,0x000000513b500000)]
  0x0000016cf18d1800 JavaThread "jar transforms Thread 25" [_thread_blocked, id=10392, stack(0x000000513b500000,0x000000513b600000)]
  0x0000016cf18d1000 JavaThread "jar transforms Thread 26" [_thread_blocked, id=18980, stack(0x000000513b600000,0x000000513b700000)]
  0x0000016cf18cd800 JavaThread "jar transforms Thread 27" [_thread_blocked, id=13172, stack(0x000000513b700000,0x000000513b800000)]
  0x0000016cf18cc000 JavaThread "jar transforms Thread 28" [_thread_blocked, id=15144, stack(0x000000513b800000,0x000000513b900000)]
  0x0000016cf18d2800 JavaThread "jar transforms Thread 29" [_thread_blocked, id=18880, stack(0x000000513b900000,0x000000513ba00000)]
  0x0000016cf18d0000 JavaThread "jar transforms Thread 30" [_thread_blocked, id=18996, stack(0x000000513ba00000,0x000000513bb00000)]
  0x0000016cf18ce800 JavaThread "jar transforms Thread 31" [_thread_blocked, id=18968, stack(0x000000513bb00000,0x000000513bc00000)]
  0x0000016cf18cf000 JavaThread "jar transforms Thread 32" [_thread_blocked, id=19020, stack(0x000000513bc00000,0x000000513bd00000)]
  0x0000016cf18cd000 JavaThread "jar transforms Thread 33" [_thread_blocked, id=19016, stack(0x000000513bd00000,0x000000513be00000)]
  0x0000016cf18d8000 JavaThread "jar transforms Thread 34" [_thread_blocked, id=19012, stack(0x000000513be00000,0x000000513bf00000)]
  0x0000016cf18d9000 JavaThread "jar transforms Thread 35" [_thread_blocked, id=19024, stack(0x000000513bf00000,0x000000513c000000)]
  0x0000016cf18d6800 JavaThread "jar transforms Thread 36" [_thread_blocked, id=19028, stack(0x000000513c000000,0x000000513c100000)]
  0x0000016cf18d5000 JavaThread "jar transforms Thread 37" [_thread_blocked, id=19032, stack(0x000000513c100000,0x000000513c200000)]
  0x0000016cf18d3800 JavaThread "jar transforms Thread 38" [_thread_blocked, id=19008, stack(0x000000513c200000,0x000000513c300000)]
  0x0000016cf18d7800 JavaThread "jar transforms Thread 39" [_thread_blocked, id=19004, stack(0x000000513c300000,0x000000513c400000)]
  0x0000016cf18da000 JavaThread "jar transforms Thread 40" [_thread_blocked, id=18812, stack(0x000000513c400000,0x000000513c500000)]
  0x0000016cf18d6000 JavaThread "jar transforms Thread 41" [_thread_blocked, id=18840, stack(0x000000513c500000,0x000000513c600000)]
  0x0000016cf18d4000 JavaThread "jar transforms Thread 42" [_thread_blocked, id=17652, stack(0x000000513c600000,0x000000513c700000)]
  0x0000016cf18da800 JavaThread "jar transforms Thread 43" [_thread_blocked, id=18484, stack(0x000000513c700000,0x000000513c800000)]
  0x0000016cf2845800 JavaThread "jar transforms Thread 44" [_thread_blocked, id=17880, stack(0x000000513c800000,0x000000513c900000)]
  0x0000016cf2846800 JavaThread "jar transforms Thread 45" [_thread_blocked, id=17028, stack(0x000000513c900000,0x000000513ca00000)]
  0x0000016cf2847000 JavaThread "jar transforms Thread 46" [_thread_blocked, id=18272, stack(0x000000513ca00000,0x000000513cb00000)]
  0x0000016cf2844800 JavaThread "jar transforms Thread 47" [_thread_blocked, id=19452, stack(0x000000513cb00000,0x000000513cc00000)]
  0x0000016cf2841800 JavaThread "jar transforms Thread 48" [_thread_blocked, id=17336, stack(0x000000513cc00000,0x000000513cd00000)]
  0x0000016cf2843000 JavaThread "jar transforms Thread 49" [_thread_blocked, id=18956, stack(0x000000513cd00000,0x000000513ce00000)]
  0x0000016cf2848000 JavaThread "jar transforms Thread 50" [_thread_blocked, id=16368, stack(0x000000513ce00000,0x000000513cf00000)]
  0x0000016cf2844000 JavaThread "jar transforms Thread 51" [_thread_blocked, id=17996, stack(0x000000513cf00000,0x000000513d000000)]
  0x0000016cf2842800 JavaThread "jar transforms Thread 52" [_thread_blocked, id=13328, stack(0x000000513d000000,0x000000513d100000)]
  0x0000016cf284d000 JavaThread "jar transforms Thread 53" [_thread_blocked, id=10296, stack(0x000000513d100000,0x000000513d200000)]
  0x0000016cf284a800 JavaThread "jar transforms Thread 54" [_thread_blocked, id=10488, stack(0x000000513d200000,0x000000513d300000)]
  0x0000016cf2849000 JavaThread "jar transforms Thread 55" [_thread_blocked, id=18952, stack(0x000000513d300000,0x000000513d400000)]
  0x0000016cf2849800 JavaThread "jar transforms Thread 56" [_thread_blocked, id=9980, stack(0x000000513d400000,0x000000513d500000)]
  0x0000016cf284f800 JavaThread "jar transforms Thread 57" [_thread_blocked, id=9944, stack(0x000000513d500000,0x000000513d600000)]
  0x0000016cf284b800 JavaThread "jar transforms Thread 58" [_thread_blocked, id=17088, stack(0x000000513d600000,0x000000513d700000)]
  0x0000016cf284c000 JavaThread "jar transforms Thread 59" [_thread_blocked, id=9884, stack(0x000000513d700000,0x000000513d800000)]
  0x0000016cf284d800 JavaThread "jar transforms Thread 60" [_thread_blocked, id=17048, stack(0x000000513d800000,0x000000513d900000)]
  0x0000016cf284e800 JavaThread "jar transforms Thread 61" [_thread_blocked, id=18724, stack(0x000000513d900000,0x000000513da00000)]
  0x0000016cf2850000 JavaThread "jar transforms Thread 62" [_thread_blocked, id=18708, stack(0x000000513da00000,0x000000513db00000)]
  0x0000016cf335e000 JavaThread "jar transforms Thread 63" [_thread_blocked, id=18684, stack(0x000000513db00000,0x000000513dc00000)]
  0x0000016cf3361800 JavaThread "jar transforms Thread 64" [_thread_blocked, id=18692, stack(0x000000513dc00000,0x000000513dd00000)]
  0x0000016cf335d800 JavaThread "jar transforms Thread 65" [_thread_blocked, id=18688, stack(0x000000513dd00000,0x000000513de00000)]
  0x0000016cf335f000 JavaThread "jar transforms Thread 66" [_thread_blocked, id=18768, stack(0x000000513de00000,0x000000513df00000)]
  0x0000016cf3360000 JavaThread "jar transforms Thread 67" [_thread_blocked, id=17040, stack(0x000000513df00000,0x000000513e000000)]
  0x0000016cf3360800 JavaThread "jar transforms Thread 68" [_thread_blocked, id=17484, stack(0x000000513e000000,0x000000513e100000)]
  0x0000016cf335b800 JavaThread "jar transforms Thread 69" [_thread_blocked, id=17892, stack(0x000000513e100000,0x000000513e200000)]
  0x0000016cf3362000 JavaThread "jar transforms Thread 70" [_thread_blocked, id=18436, stack(0x000000513e200000,0x000000513e300000)]
  0x0000016cf335c800 JavaThread "jar transforms Thread 71" [_thread_blocked, id=16668, stack(0x000000513e300000,0x000000513e400000)]
  0x0000016cf3368800 JavaThread "jar transforms Thread 72" [_thread_blocked, id=18596, stack(0x000000513e400000,0x000000513e500000)]
  0x0000016cf3363000 JavaThread "jar transforms Thread 73" [_thread_blocked, id=18556, stack(0x000000513e500000,0x000000513e600000)]
  0x0000016cf3366800 JavaThread "jar transforms Thread 74" [_thread_blocked, id=18552, stack(0x000000513e600000,0x000000513e700000)]
  0x0000016cf3365800 JavaThread "jar transforms Thread 75" [_thread_blocked, id=18548, stack(0x000000513e700000,0x000000513e800000)]
  0x0000016cf3369800 JavaThread "jar transforms Thread 76" [_thread_blocked, id=18544, stack(0x000000513e800000,0x000000513e900000)]
  0x0000016cf3364000 JavaThread "jar transforms Thread 77" [_thread_blocked, id=18576, stack(0x000000513e900000,0x000000513ea00000)]
  0x0000016cf3364800 JavaThread "jar transforms Thread 78" [_thread_blocked, id=18516, stack(0x000000513ea00000,0x000000513eb00000)]
  0x0000016cf3367000 JavaThread "jar transforms Thread 79" [_thread_blocked, id=18572, stack(0x000000513eb00000,0x000000513ec00000)]
  0x0000016cf3368000 JavaThread "jar transforms Thread 80" [_thread_blocked, id=18584, stack(0x000000513ec00000,0x000000513ed00000)]
  0x0000016cf336a800 JavaThread "jar transforms Thread 81" [_thread_blocked, id=18592, stack(0x000000513ed00000,0x000000513ee00000)]
  0x0000016cf2864000 JavaThread "jar transforms Thread 82" [_thread_blocked, id=18012, stack(0x000000513ee00000,0x000000513ef00000)]
  0x0000016cf2866800 JavaThread "jar transforms Thread 83" [_thread_blocked, id=18660, stack(0x000000513ef00000,0x000000513f000000)]
  0x0000016cf2865800 JavaThread "jar transforms Thread 84" [_thread_blocked, id=18676, stack(0x000000513f000000,0x000000513f100000)]
  0x0000016cf2868000 JavaThread "jar transforms Thread 85" [_thread_blocked, id=18704, stack(0x000000513f100000,0x000000513f200000)]
  0x0000016cf2863000 JavaThread "jar transforms Thread 86" [_thread_blocked, id=18600, stack(0x000000513f200000,0x000000513f300000)]
  0x0000016cf2867800 JavaThread "jar transforms Thread 87" [_thread_blocked, id=18716, stack(0x000000513f300000,0x000000513f400000)]
  0x0000016cf286a800 JavaThread "jar transforms Thread 88" [_thread_blocked, id=19436, stack(0x000000513f400000,0x000000513f500000)]
  0x0000016cf2869000 JavaThread "jar transforms Thread 89" [_thread_blocked, id=18680, stack(0x000000513f500000,0x000000513f600000)]
  0x0000016cf286a000 JavaThread "jar transforms Thread 90" [_thread_blocked, id=18616, stack(0x000000513f600000,0x000000513f700000)]
  0x0000016cf2865000 JavaThread "jar transforms Thread 91" [_thread_blocked, id=18752, stack(0x000000513f700000,0x000000513f800000)]
  0x0000016cf286b800 JavaThread "jar transforms Thread 92" [_thread_blocked, id=9692, stack(0x000000513f800000,0x000000513f900000)]
  0x0000016cf286f800 JavaThread "jar transforms Thread 93" [_thread_blocked, id=15036, stack(0x000000513f900000,0x000000513fa00000)]
  0x0000016cf2870800 JavaThread "jar transforms Thread 94" [_thread_blocked, id=18728, stack(0x000000513fa00000,0x000000513fb00000)]
  0x0000016cf286e800 JavaThread "jar transforms Thread 95" [_thread_blocked, id=4272, stack(0x000000513fb00000,0x000000513fc00000)]
  0x0000016cf2871000 JavaThread "jar transforms Thread 96" [_thread_blocked, id=18800, stack(0x000000513fc00000,0x000000513fd00000)]
  0x0000016cf2872000 JavaThread "jar transforms Thread 97" [_thread_blocked, id=11800, stack(0x000000513fd00000,0x000000513fe00000)]
  0x0000016cf286c000 JavaThread "Memory manager" [_thread_blocked, id=19284, stack(0x000000513fe00000,0x000000513ff00000)]
  0x0000016cf286e000 JavaThread "build event listener" [_thread_blocked, id=18500, stack(0x000000513ff00000,0x0000005140000000)]
  0x0000016cf754f800 JavaThread "build event listener" [_thread_blocked, id=18580, stack(0x0000005140000000,0x0000005140100000)]
  0x0000016cf754d800 JavaThread "Execution worker for ':'" [_thread_blocked, id=18232, stack(0x0000005140100000,0x0000005140200000)]
  0x0000016cf754c000 JavaThread "Execution worker for ':' Thread 2" [_thread_blocked, id=19412, stack(0x0000005140200000,0x0000005140300000)]
  0x0000016cf754e800 JavaThread "Execution worker for ':' Thread 3" [_thread_blocked, id=13836, stack(0x0000005140300000,0x0000005140400000)]
  0x0000016cf754a800 JavaThread "Cache worker for execution history cache (C:\Users\Amjad Khan\AndroidStudioProjects\MobileCalculater\.gradle\6.7.1\executionHistory)" [_thread_blocked, id=19192, stack(0x0000005140400000,0x0000005140500000)]

Other Threads:
=>0x0000016cefd05000 VMThread "VM Thread" [stack: 0x0000005137800000,0x0000005137900000] [id=18400]
  0x0000016cf080a800 WatcherThread [stack: 0x0000005138200000,0x0000005138300000] [id=10340]
  0x0000016cd62f5000 GCTaskThread "GC Thread#0" [stack: 0x0000005137300000,0x0000005137400000] [id=18164]
  0x0000016cf1016800 GCTaskThread "GC Thread#1" [stack: 0x0000005138300000,0x0000005138400000] [id=15628]
  0x0000016cf28b4000 GCTaskThread "GC Thread#2" [stack: 0x0000005139000000,0x0000005139100000] [id=17972]
  0x0000016cf0c9c800 GCTaskThread "GC Thread#3" [stack: 0x0000005139100000,0x0000005139200000] [id=16800]
  0x0000016cd6324800 ConcurrentGCThread "G1 Main Marker" [stack: 0x0000005137400000,0x0000005137500000] [id=17524]
  0x0000016cd6327000 ConcurrentGCThread "G1 Conc#0" [stack: 0x0000005137500000,0x0000005137600000] [id=17800]
  0x0000016cd6383000 ConcurrentGCThread "G1 Refine#0" [stack: 0x0000005137600000,0x0000005137700000] [id=17680]
  0x0000016cf50e6800 ConcurrentGCThread "G1 Refine#1" [stack: 0x0000005140500000,0x0000005140600000] [id=18472]
  0x0000016cd6384000 ConcurrentGCThread "G1 Young RemSet Sampling" [stack: 0x0000005137700000,0x0000005137800000] [id=17780]

Threads with active compile tasks:

VM state:at safepoint (normal execution)

VM Mutex/Monitor currently owned by a thread:  ([mutex/lock_event])
[0x0000016cd62d90e0] Threads_lock - owner thread: 0x0000016cefd05000
[0x0000016cd62d9680] Heap_lock - owner thread: 0x0000016cf754c000

Heap address: 0x0000000080000000, size: 2048 MB, Compressed Oops mode: 32-bit
Narrow klass base: 0x0000000000000000, Narrow klass shift: 3
Compressed class space size: 1073741824 Address: 0x0000000100000000

Heap:
 garbage-first heap   total 191488K, used 78078K [0x0000000080000000, 0x0000000100000000)
  region size 1024K, 1 young (1024K), 1 survivors (1024K)
 Metaspace       used 77273K, capacity 79075K, committed 79228K, reserved 1118208K
  class space    used 10031K, capacity 10665K, committed 10752K, reserved 1048576K
Heap Regions: E=young(eden), S=young(survivor), O=old, HS=humongous(starts), HC=humongous(continues), CS=collection set, F=free, A=archive, TAMS=top-at-mark-start (previous, next)
|   0|0x0000000080000000, 0x0000000080100000, 0x0000000080100000|100%| O|  |TAMS 0x0000000080100000, 0x0000000080100000| Untracked 
|   1|0x0000000080100000, 0x0000000080200000, 0x0000000080200000|100%| O|  |TAMS 0x0000000080200000, 0x0000000080200000| Untracked 
|   2|0x0000000080200000, 0x0000000080300000, 0x0000000080300000|100%| O|  |TAMS 0x0000000080300000, 0x0000000080300000| Untracked 
|   3|0x0000000080300000, 0x0000000080400000, 0x0000000080400000|100%|HS|  |TAMS 0x0000000080400000, 0x0000000080400000| Complete 
|   4|0x0000000080400000, 0x0000000080500000, 0x0000000080500000|100%|HC|  |TAMS 0x0000000080500000, 0x0000000080500000| Complete 
|   5|0x0000000080500000, 0x0000000080600000, 0x0000000080600000|100%|HC|  |TAMS 0x0000000080600000, 0x0000000080600000| Complete 
|   6|0x0000000080600000, 0x0000000080700000, 0x0000000080700000|100%| O|  |TAMS 0x0000000080700000, 0x0000000080700000| Untracked 
|   7|0x0000000080700000, 0x0000000080800000, 0x0000000080800000|100%| O|  |TAMS 0x0000000080800000, 0x0000000080800000| Untracked 
|   8|0x0000000080800000, 0x0000000080900000, 0x0000000080900000|100%| O|  |TAMS 0x0000000080900000, 0x0000000080900000| Untracked 
|   9|0x0000000080900000, 0x0000000080a00000, 0x0000000080a00000|100%| O|  |TAMS 0x0000000080a00000, 0x0000000080a00000| Untracked 
|  10|0x0000000080a00000, 0x0000000080b00000, 0x0000000080b00000|100%| O|  |TAMS 0x0000000080b00000, 0x0000000080b00000| Untracked 
|  11|0x0000000080b00000, 0x0000000080c00000, 0x0000000080c00000|100%| O|  |TAMS 0x0000000080c00000, 0x0000000080c00000| Untracked 
|  12|0x0000000080c00000, 0x0000000080d00000, 0x0000000080d00000|100%| O|  |TAMS 0x0000000080d00000, 0x0000000080d00000| Untracked 
|  13|0x0000000080d00000, 0x0000000080e00000, 0x0000000080e00000|100%| O|  |TAMS 0x0000000080e00000, 0x0000000080e00000| Untracked 
|  14|0x0000000080e00000, 0x0000000080f00000, 0x0000000080f00000|100%| O|  |TAMS 0x0000000080f00000, 0x0000000080f00000| Untracked 
|  15|0x0000000080f00000, 0x0000000081000000, 0x0000000081000000|100%| O|  |TAMS 0x0000000081000000, 0x0000000081000000| Untracked 
|  16|0x0000000081000000, 0x0000000081100000, 0x0000000081100000|100%| O|  |TAMS 0x0000000081100000, 0x0000000081100000| Untracked 
|  17|0x0000000081100000, 0x0000000081200000, 0x0000000081200000|100%| O|  |TAMS 0x0000000081200000, 0x0000000081200000| Untracked 
|  18|0x0000000081200000, 0x0000000081300000, 0x0000000081300000|100%| O|  |TAMS 0x0000000081300000, 0x0000000081300000| Untracked 
|  19|0x0000000081300000, 0x0000000081400000, 0x0000000081400000|100%| O|  |TAMS 0x0000000081400000, 0x0000000081400000| Untracked 
|  20|0x0000000081400000, 0x0000000081500000, 0x0000000081500000|100%| O|  |TAMS 0x0000000081500000, 0x0000000081500000| Untracked 
|  21|0x0000000081500000, 0x0000000081600000, 0x0000000081600000|100%| O|  |TAMS 0x0000000081600000, 0x0000000081600000| Untracked 
|  22|0x0000000081600000, 0x0000000081700000, 0x0000000081700000|100%| O|  |TAMS 0x0000000081700000, 0x0000000081700000| Untracked 
|  23|0x0000000081700000, 0x0000000081800000, 0x0000000081800000|100%| O|  |TAMS 0x0000000081800000, 0x0000000081800000| Untracked 
|  24|0x0000000081800000, 0x0000000081900000, 0x0000000081900000|100%| O|  |TAMS 0x0000000081900000, 0x0000000081900000| Untracked 
|  25|0x0000000081900000, 0x0000000081a00000, 0x0000000081a00000|100%|HS|  |TAMS 0x0000000081a00000, 0x0000000081a00000| Complete 
|  26|0x0000000081a00000, 0x0000000081b00000, 0x0000000081b00000|100%|HS|  |TAMS 0x0000000081b00000, 0x0000000081b00000| Complete 
|  27|0x0000000081b00000, 0x0000000081c00000, 0x0000000081c00000|100%|HC|  |TAMS 0x0000000081c00000, 0x0000000081c00000| Complete 
|  28|0x0000000081c00000, 0x0000000081d00000, 0x0000000081d00000|100%| O|  |TAMS 0x0000000081d00000, 0x0000000081d00000| Untracked 
|  29|0x0000000081d00000, 0x0000000081e00000, 0x0000000081e00000|100%| O|  |TAMS 0x0000000081e00000, 0x0000000081e00000| Untracked 
|  30|0x0000000081e00000, 0x0000000081f00000, 0x0000000081f00000|100%| O|  |TAMS 0x0000000081f00000, 0x0000000081f00000| Untracked 
|  31|0x0000000081f00000, 0x0000000082000000, 0x0000000082000000|100%| O|  |TAMS 0x0000000082000000, 0x0000000082000000| Untracked 
|  32|0x0000000082000000, 0x0000000082100000, 0x0000000082100000|100%| O|  |TAMS 0x0000000082100000, 0x0000000082100000| Untracked 
|  33|0x0000000082100000, 0x0000000082200000, 0x0000000082200000|100%| O|  |TAMS 0x0000000082200000, 0x0000000082200000| Untracked 
|  34|0x0000000082200000, 0x0000000082300000, 0x0000000082300000|100%| O|  |TAMS 0x0000000082300000, 0x0000000082300000| Untracked 
|  35|0x0000000082300000, 0x0000000082400000, 0x0000000082400000|100%| O|  |TAMS 0x0000000082400000, 0x0000000082400000| Untracked 
|  36|0x0000000082400000, 0x0000000082500000, 0x0000000082500000|100%| O|  |TAMS 0x0000000082500000, 0x0000000082500000| Untracked 
|  37|0x0000000082500000, 0x0000000082600000, 0x0000000082600000|100%| O|  |TAMS 0x0000000082600000, 0x0000000082600000| Untracked 
|  38|0x0000000082600000, 0x0000000082700000, 0x0000000082700000|100%| O|  |TAMS 0x0000000082700000, 0x0000000082700000| Untracked 
|  39|0x0000000082700000, 0x0000000082800000, 0x0000000082800000|100%| O|  |TAMS 0x0000000082800000, 0x0000000082800000| Untracked 
|  40|0x0000000082800000, 0x0000000082900000, 0x0000000082900000|100%| O|  |TAMS 0x0000000082900000, 0x0000000082900000| Untracked 
|  41|0x0000000082900000, 0x0000000082a00000, 0x0000000082a00000|100%| O|  |TAMS 0x0000000082a00000, 0x0000000082a00000| Untracked 
|  42|0x0000000082a00000, 0x0000000082b00000, 0x0000000082b00000|100%| O|  |TAMS 0x0000000082b00000, 0x0000000082b00000| Untracked 
|  43|0x0000000082b00000, 0x0000000082c00000, 0x0000000082c00000|100%| O|  |TAMS 0x0000000082c00000, 0x0000000082c00000| Untracked 
|  44|0x0000000082c00000, 0x0000000082d00000, 0x0000000082d00000|100%| O|  |TAMS 0x0000000082d00000, 0x0000000082d00000| Untracked 
|  45|0x0000000082d00000, 0x0000000082e00000, 0x0000000082e00000|100%| O|  |TAMS 0x0000000082e00000, 0x0000000082e00000| Untracked 
|  46|0x0000000082e00000, 0x0000000082f00000, 0x0000000082f00000|100%| O|  |TAMS 0x0000000082f00000, 0x0000000082f00000| Untracked 
|  47|0x0000000082f00000, 0x0000000083000000, 0x0000000083000000|100%| O|  |TAMS 0x0000000083000000, 0x0000000083000000| Untracked 
|  48|0x0000000083000000, 0x0000000083100000, 0x0000000083100000|100%| O|  |TAMS 0x0000000083100000, 0x0000000083100000| Untracked 
|  49|0x0000000083100000, 0x0000000083200000, 0x0000000083200000|100%| O|  |TAMS 0x0000000083200000, 0x0000000083200000| Untracked 
|  50|0x0000000083200000, 0x0000000083300000, 0x0000000083300000|100%| O|  |TAMS 0x0000000083300000, 0x0000000083300000| Untracked 
|  51|0x0000000083300000, 0x0000000083400000, 0x0000000083400000|100%| O|  |TAMS 0x0000000083400000, 0x0000000083400000| Untracked 
|  52|0x0000000083400000, 0x0000000083500000, 0x0000000083500000|100%| O|  |TAMS 0x0000000083500000, 0x0000000083500000| Untracked 
|  53|0x0000000083500000, 0x0000000083600000, 0x0000000083600000|100%| O|  |TAMS 0x0000000083600000, 0x0000000083600000| Untracked 
|  54|0x0000000083600000, 0x0000000083700000, 0x0000000083700000|100%| O|  |TAMS 0x0000000083700000, 0x0000000083700000| Untracked 
|  55|0x0000000083700000, 0x0000000083800000, 0x0000000083800000|100%| O|  |TAMS 0x0000000083800000, 0x0000000083800000| Untracked 
|  56|0x0000000083800000, 0x0000000083900000, 0x0000000083900000|100%| O|  |TAMS 0x0000000083900000, 0x0000000083900000| Untracked 
|  57|0x0000000083900000, 0x0000000083a00000, 0x0000000083a00000|100%| O|  |TAMS 0x0000000083a00000, 0x0000000083a00000| Untracked 
|  58|0x0000000083a00000, 0x0000000083b00000, 0x0000000083b00000|100%| O|  |TAMS 0x0000000083b00000, 0x0000000083b00000| Untracked 
|  59|0x0000000083b00000, 0x0000000083c00000, 0x0000000083c00000|100%| O|  |TAMS 0x0000000083c00000, 0x0000000083c00000| Untracked 
|  60|0x0000000083c00000, 0x0000000083d00000, 0x0000000083d00000|100%| O|  |TAMS 0x0000000083d00000, 0x0000000083d00000| Untracked 
|  61|0x0000000083d00000, 0x0000000083e00000, 0x0000000083e00000|100%| O|  |TAMS 0x0000000083e00000, 0x0000000083e00000| Untracked 
|  62|0x0000000083e00000, 0x0000000083f00000, 0x0000000083f00000|100%| O|  |TAMS 0x0000000083f00000, 0x0000000083f00000| Untracked 
|  63|0x0000000083f00000, 0x0000000084000000, 0x0000000084000000|100%| O|  |TAMS 0x0000000084000000, 0x0000000084000000| Untracked 
|  64|0x0000000084000000, 0x0000000084100000, 0x0000000084100000|100%| O|  |TAMS 0x0000000084100000, 0x0000000084100000| Untracked 
|  65|0x0000000084100000, 0x0000000084200000, 0x0000000084200000|100%| O|  |TAMS 0x0000000084200000, 0x0000000084200000| Untracked 
|  66|0x0000000084200000, 0x0000000084300000, 0x0000000084300000|100%| O|  |TAMS 0x0000000084300000, 0x0000000084300000| Untracked 
|  67|0x0000000084300000, 0x0000000084400000, 0x0000000084400000|100%| O|  |TAMS 0x0000000084400000, 0x0000000084400000| Untracked 
|  68|0x0000000084400000, 0x0000000084500000, 0x0000000084500000|100%| O|  |TAMS 0x0000000084500000, 0x0000000084500000| Untracked 
|  69|0x0000000084500000, 0x0000000084600000, 0x0000000084600000|100%| O|  |TAMS 0x0000000084600000, 0x0000000084600000| Untracked 
|  70|0x0000000084600000, 0x0000000084700000, 0x0000000084700000|100%| O|  |TAMS 0x0000000084700000, 0x0000000084700000| Untracked 
|  71|0x0000000084700000, 0x0000000084800000, 0x0000000084800000|100%| O|  |TAMS 0x0000000084800000, 0x0000000084800000| Untracked 
|  72|0x0000000084800000, 0x0000000084900000, 0x0000000084900000|100%| O|  |TAMS 0x0000000084900000, 0x0000000084900000| Untracked 
|  73|0x0000000084900000, 0x0000000084900000, 0x0000000084a00000|  0%| F|  |TAMS 0x0000000084900000, 0x0000000084900000| Untracked 
|  74|0x0000000084a00000, 0x0000000084a00000, 0x0000000084b00000|  0%| F|  |TAMS 0x0000000084a00000, 0x0000000084a00000| Untracked 
|  75|0x0000000084b00000, 0x0000000084b00000, 0x0000000084c00000|  0%| F|  |TAMS 0x0000000084b00000, 0x0000000084b00000| Untracked 
|  76|0x0000000084c00000, 0x0000000084c00000, 0x0000000084d00000|  0%| F|  |TAMS 0x0000000084c00000, 0x0000000084c00000| Untracked 
|  77|0x0000000084d00000, 0x0000000084d00000, 0x0000000084e00000|  0%| F|  |TAMS 0x0000000084d00000, 0x0000000084d00000| Untracked 
|  78|0x0000000084e00000, 0x0000000084e00000, 0x0000000084f00000|  0%| F|  |TAMS 0x0000000084e00000, 0x0000000084e00000| Untracked 
|  79|0x0000000084f00000, 0x0000000084f00000, 0x0000000085000000|  0%| F|  |TAMS 0x0000000084f00000, 0x0000000084f00000| Untracked 
|  80|0x0000000085000000, 0x0000000085000000, 0x0000000085100000|  0%| F|  |TAMS 0x0000000085000000, 0x0000000085000000| Untracked 
|  81|0x0000000085100000, 0x0000000085100000, 0x0000000085200000|  0%| F|  |TAMS 0x0000000085100000, 0x0000000085100000| Untracked 
|  82|0x0000000085200000, 0x0000000085300000, 0x0000000085300000|100%|HS|  |TAMS 0x0000000085200000, 0x0000000085300000| Complete 
|  83|0x0000000085300000, 0x0000000085400000, 0x0000000085400000|100%|HC|  |TAMS 0x0000000085300000, 0x0000000085400000| Complete 
|  84|0x0000000085400000, 0x0000000085500000, 0x0000000085500000|100%|HC|  |TAMS 0x0000000085400000, 0x0000000085500000| Complete 
|  85|0x0000000085500000, 0x0000000085500000, 0x0000000085600000|  0%| F|  |TAMS 0x0000000085500000, 0x0000000085500000| Untracked 
|  86|0x0000000085600000, 0x0000000085600000, 0x0000000085700000|  0%| F|  |TAMS 0x0000000085600000, 0x0000000085600000| Untracked 
|  87|0x0000000085700000, 0x0000000085700000, 0x0000000085800000|  0%| F|  |TAMS 0x0000000085700000, 0x0000000085700000| Untracked 
|  88|0x0000000085800000, 0x0000000085800000, 0x0000000085900000|  0%| F|  |TAMS 0x0000000085800000, 0x0000000085800000| Untracked 
|  89|0x0000000085900000, 0x0000000085900000, 0x0000000085a00000|  0%| F|  |TAMS 0x0000000085900000, 0x0000000085900000| Untracked 
|  90|0x0000000085a00000, 0x0000000085a00000, 0x0000000085b00000|  0%| F|  |TAMS 0x0000000085a00000, 0x0000000085a00000| Untracked 
|  91|0x0000000085b00000, 0x0000000085b00000, 0x0000000085c00000|  0%| F|  |TAMS 0x0000000085b00000, 0x0000000085b00000| Untracked 
|  92|0x0000000085c00000, 0x0000000085c00000, 0x0000000085d00000|  0%| F|  |TAMS 0x0000000085c00000, 0x0000000085c00000| Untracked 
|  93|0x0000000085d00000, 0x0000000085d00000, 0x0000000085e00000|  0%| F|  |TAMS 0x0000000085d00000, 0x0000000085d00000| Untracked 
|  94|0x0000000085e00000, 0x0000000085e00000, 0x0000000085f00000|  0%| F|  |TAMS 0x0000000085e00000, 0x0000000085e00000| Untracked 
|  95|0x0000000085f00000, 0x0000000085f00000, 0x0000000086000000|  0%| F|  |TAMS 0x0000000085f00000, 0x0000000085f00000| Untracked 
|  96|0x0000000086000000, 0x0000000086000000, 0x0000000086100000|  0%| F|  |TAMS 0x0000000086000000, 0x0000000086000000| Untracked 
|  97|0x0000000086100000, 0x0000000086100000, 0x0000000086200000|  0%| F|  |TAMS 0x0000000086100000, 0x0000000086100000| Untracked 
|  98|0x0000000086200000, 0x0000000086200000, 0x0000000086300000|  0%| F|  |TAMS 0x0000000086200000, 0x0000000086200000| Untracked 
|  99|0x0000000086300000, 0x0000000086300000, 0x0000000086400000|  0%| F|  |TAMS 0x0000000086300000, 0x0000000086300000| Untracked 
| 100|0x0000000086400000, 0x0000000086400000, 0x0000000086500000|  0%| F|  |TAMS 0x0000000086400000, 0x0000000086400000| Untracked 
| 101|0x0000000086500000, 0x0000000086500000, 0x0000000086600000|  0%| F|  |TAMS 0x0000000086500000, 0x0000000086500000| Untracked 
| 102|0x0000000086600000, 0x0000000086600000, 0x0000000086700000|  0%| F|  |TAMS 0x0000000086600000, 0x0000000086600000| Untracked 
| 103|0x0000000086700000, 0x0000000086700000, 0x0000000086800000|  0%| F|  |TAMS 0x0000000086700000, 0x0000000086700000| Untracked 
| 104|0x0000000086800000, 0x0000000086800000, 0x0000000086900000|  0%| F|  |TAMS 0x0000000086800000, 0x0000000086800000| Untracked 
| 105|0x0000000086900000, 0x0000000086900000, 0x0000000086a00000|  0%| F|  |TAMS 0x0000000086900000, 0x0000000086900000| Untracked 
| 106|0x0000000086a00000, 0x0000000086a00000, 0x0000000086b00000|  0%| F|  |TAMS 0x0000000086a00000, 0x0000000086a00000| Untracked 
| 107|0x0000000086b00000, 0x0000000086b00000, 0x0000000086c00000|  0%| F|  |TAMS 0x0000000086b00000, 0x0000000086b00000| Untracked 
| 108|0x0000000086c00000, 0x0000000086c00000, 0x0000000086d00000|  0%| F|  |TAMS 0x0000000086c00000, 0x0000000086c00000| Untracked 
| 109|0x0000000086d00000, 0x0000000086d00000, 0x0000000086e00000|  0%| F|  |TAMS 0x0000000086d00000, 0x0000000086d00000| Untracked 
| 110|0x0000000086e00000, 0x0000000086e00000, 0x0000000086f00000|  0%| F|  |TAMS 0x0000000086e00000, 0x0000000086e00000| Untracked 
| 111|0x0000000086f00000, 0x0000000086f00000, 0x0000000087000000|  0%| F|  |TAMS 0x0000000086f00000, 0x0000000086f00000| Untracked 
| 112|0x0000000087000000, 0x0000000087000000, 0x0000000087100000|  0%| F|  |TAMS 0x0000000087000000, 0x0000000087000000| Untracked 
| 113|0x0000000087100000, 0x0000000087100000, 0x0000000087200000|  0%| F|  |TAMS 0x0000000087100000, 0x0000000087100000| Untracked 
| 114|0x0000000087200000, 0x0000000087200000, 0x0000000087300000|  0%| F|  |TAMS 0x0000000087200000, 0x0000000087200000| Untracked 
| 115|0x0000000087300000, 0x0000000087300000, 0x0000000087400000|  0%| F|  |TAMS 0x0000000087300000, 0x0000000087300000| Untracked 
| 116|0x0000000087400000, 0x0000000087400000, 0x0000000087500000|  0%| F|  |TAMS 0x0000000087400000, 0x0000000087400000| Untracked 
| 117|0x0000000087500000, 0x000000008753f880, 0x0000000087600000| 24%| S|CS|TAMS 0x0000000087500000, 0x0000000087500000| Complete 
| 118|0x0000000087600000, 0x0000000087600000, 0x0000000087700000|  0%| F|  |TAMS 0x0000000087600000, 0x0000000087600000| Untracked 
| 119|0x0000000087700000, 0x0000000087700000, 0x0000000087800000|  0%| F|  |TAMS 0x0000000087700000, 0x0000000087700000| Untracked 
| 120|0x0000000087800000, 0x0000000087800000, 0x0000000087900000|  0%| F|  |TAMS 0x0000000087800000, 0x0000000087800000| Untracked 
| 121|0x0000000087900000, 0x0000000087900000, 0x0000000087a00000|  0%| F|  |TAMS 0x0000000087900000, 0x0000000087900000| Untracked 

Card table byte_map: [0x0000016ce9050000,0x0000016ce9450000] _byte_map_base: 0x0000016ce8c50000

Marking Bits (Prev, Next): (CMBitMap*) 0x0000016cd631bc90, (CMBitMap*) 0x0000016cd631bc58
 Prev Bits: [0x0000016ceb850000, 0x0000016ced850000)
 Next Bits: [0x0000016ce9850000, 0x0000016ceb850000)

Polling page: 0x0000016cd42a0000

Metaspace:

Usage:
  Non-class:     66.81 MB capacity,    65.67 MB ( 98%) used,   978.42 KB (  1%) free+waste,   190.19 KB ( <1%) overhead. 
      Class:     10.42 MB capacity,     9.80 MB ( 94%) used,   545.66 KB (  5%) free+waste,    87.56 KB ( <1%) overhead. 
       Both:     77.22 MB capacity,    75.46 MB ( 98%) used,     1.49 MB (  2%) free+waste,   277.75 KB ( <1%) overhead. 

Virtual space:
  Non-class space:       68.00 MB reserved,      66.87 MB ( 98%) committed 
      Class space:        1.00 GB reserved,      10.50 MB (  1%) committed 
             Both:        1.07 GB reserved,      77.37 MB (  7%) committed 

Chunk freelists:
   Non-Class:  66.00 KB
       Class:  55.00 KB
        Both:  121.00 KB

MaxMetaspaceSize: 17179869184.00 GB
CompressedClassSpaceSize: 1.00 GB

CodeHeap 'non-profiled nmethods': size=120064Kb used=4733Kb max_used=4733Kb free=115330Kb
 bounds [0x0000016ce1710000, 0x0000016ce1bb0000, 0x0000016ce8c50000]
CodeHeap 'profiled nmethods': size=120000Kb used=17906Kb max_used=17906Kb free=102093Kb
 bounds [0x0000016cda1e0000, 0x0000016cdb360000, 0x0000016ce1710000]
CodeHeap 'non-nmethods': size=5696Kb used=2247Kb max_used=2289Kb free=3448Kb
 bounds [0x0000016cd9c50000, 0x0000016cd9ec0000, 0x0000016cda1e0000]
 total_blobs=9197 nmethods=8360 adapters=748
 compilation: enabled
              stopped_count=0, restarted_count=0
 full_count=0

Compilation events (20 events):
Event: 99.841 Thread 0x0000016cf068c800 8685       4       com.android.utils.XmlUtils::append (647 bytes)
Event: 99.842 Thread 0x0000016cefd6a000 8686 %     3       com.android.utils.XmlUtils::toXmlAttributeValue @ 7 (89 bytes)
Event: 99.844 Thread 0x0000016cefd6a000 nmethod 8686% 0x0000016cdb35b110 code [0x0000016cdb35b400, 0x0000016cdb35c518]
Event: 99.845 Thread 0x0000016cefd6a000 8687       3       com.android.utils.XmlUtils::toXmlAttributeValue (89 bytes)
Event: 99.846 Thread 0x0000016cefd6a000 nmethod 8687 0x0000016cdb35cc10 code [0x0000016cdb35cf00, 0x0000016cdb35df98]
Event: 101.325 Thread 0x0000016cf068c800 nmethod 8685 0x0000016ce1ba1490 code [0x0000016ce1ba1a00, 0x0000016ce1ba9310]
Event: 101.326 Thread 0x0000016cf068c800 8689       4       com.android.utils.XmlUtils::toXmlAttributeValue (89 bytes)
Event: 101.358 Thread 0x0000016cf068c800 nmethod 8689 0x0000016ce1bac810 code [0x0000016ce1bac9e0, 0x0000016ce1bad038]
Event: 101.358 Thread 0x0000016cf068c800 8681       4       java.util.HashMap::remove (26 bytes)
Event: 101.362 Thread 0x0000016cf068c800 nmethod 8681 0x0000016ce1bad310 code [0x0000016ce1bad4c0, 0x0000016ce1bad5e8]
Event: 101.362 Thread 0x0000016cf068c800 8680       4       java.util.HashSet::size (8 bytes)
Event: 101.363 Thread 0x0000016cf068c800 nmethod 8680 0x0000016ce1bad710 code [0x0000016ce1bad8a0, 0x0000016ce1bad918]
Event: 101.363 Thread 0x0000016cf068c800 8684       4       java.util.HashSet::remove (20 bytes)
Event: 101.366 Thread 0x0000016cf068c800 nmethod 8684 0x0000016ce1bad990 code [0x0000016ce1badb60, 0x0000016ce1baddb8]
Event: 101.367 Thread 0x0000016cf068c800 8677       4       org.apache.xerces.dom.CharacterDataImpl::getNodeValue (16 bytes)
Event: 101.377 Thread 0x0000016cf068c800 nmethod 8677 0x0000016ce1badf90 code [0x0000016ce1bae160, 0x0000016ce1bae5a8]
Event: 101.606 Thread 0x0000016cf068c800 8690       4       java.lang.StringLatin1::compareToCI (108 bytes)
Event: 101.619 Thread 0x0000016cf068c800 nmethod 8690 0x0000016ce1bae910 code [0x0000016ce1baeac0, 0x0000016ce1baeef8]
Event: 101.718 Thread 0x0000016cf068c800 8691       4       java.util.stream.AbstractPipeline::sequential (10 bytes)
Event: 101.719 Thread 0x0000016cf068c800 nmethod 8691 0x0000016ce1baf290 code [0x0000016ce1baf420, 0x0000016ce1baf498]

GC Heap History (20 events):
Event: 85.437 GC heap after
{Heap after GC invocations=50 (full 0):
 garbage-first heap   total 76800K, used 50479K [0x0000000080000000, 0x0000000100000000)
  region size 1024K, 2 young (2048K), 2 survivors (2048K)
 Metaspace       used 66533K, capacity 68125K, committed 68220K, reserved 1107968K
  class space    used 8649K, capacity 9193K, committed 9216K, reserved 1048576K
}
Event: 85.940 GC heap before
{Heap before GC invocations=51 (full 0):
 garbage-first heap   total 76800K, used 60719K [0x0000000080000000, 0x0000000100000000)
  region size 1024K, 12 young (12288K), 2 survivors (2048K)
 Metaspace       used 67178K, capacity 68823K, committed 68860K, reserved 1110016K
  class space    used 8751K, capacity 9332K, committed 9344K, reserved 1048576K
}
Event: 85.950 GC heap after
{Heap after GC invocations=52 (full 0):
 garbage-first heap   total 76800K, used 51095K [0x0000000080000000, 0x0000000100000000)
  region size 1024K, 2 young (2048K), 2 survivors (2048K)
 Metaspace       used 67178K, capacity 68823K, committed 68860K, reserved 1110016K
  class space    used 8751K, capacity 9332K, committed 9344K, reserved 1048576K
}
Event: 86.378 GC heap before
{Heap before GC invocations=52 (full 0):
 garbage-first heap   total 76800K, used 61335K [0x0000000080000000, 0x0000000100000000)
  region size 1024K, 12 young (12288K), 2 survivors (2048K)
 Metaspace       used 68163K, capacity 69851K, committed 70140K, reserved 1110016K
  class space    used 8895K, capacity 9484K, committed 9600K, reserved 1048576K
}
Event: 86.389 GC heap after
{Heap after GC invocations=53 (full 0):
 garbage-first heap   total 93184K, used 51957K [0x0000000080000000, 0x0000000100000000)
  region size 1024K, 2 young (2048K), 2 survivors (2048K)
 Metaspace       used 68163K, capacity 69851K, committed 70140K, reserved 1110016K
  class space    used 8895K, capacity 9484K, committed 9600K, reserved 1048576K
}
Event: 87.163 GC heap before
{Heap before GC invocations=54 (full 0):
 garbage-first heap   total 93184K, used 69365K [0x0000000080000000, 0x0000000100000000)
  region size 1024K, 19 young (19456K), 2 survivors (2048K)
 Metaspace       used 69905K, capacity 71546K, committed 71676K, reserved 1112064K
  class space    used 9180K, capacity 9786K, committed 9856K, reserved 1048576K
}
Event: 87.173 GC heap after
{Heap after GC invocations=55 (full 0):
 garbage-first heap   total 93184K, used 52687K [0x0000000080000000, 0x0000000100000000)
  region size 1024K, 3 young (3072K), 3 survivors (3072K)
 Metaspace       used 69905K, capacity 71546K, committed 71676K, reserved 1112064K
  class space    used 9180K, capacity 9786K, committed 9856K, reserved 1048576K
}
Event: 88.320 GC heap before
{Heap before GC invocations=55 (full 0):
 garbage-first heap   total 93184K, used 70095K [0x0000000080000000, 0x0000000100000000)
  region size 1024K, 20 young (20480K), 3 survivors (3072K)
 Metaspace       used 72330K, capacity 74063K, committed 74236K, reserved 1114112K
  class space    used 9467K, capacity 10066K, committed 10112K, reserved 1048576K
}
Event: 88.334 GC heap after
{Heap after GC invocations=56 (full 0):
 garbage-first heap   total 93184K, used 53903K [0x0000000080000000, 0x0000000100000000)
  region size 1024K, 3 young (3072K), 3 survivors (3072K)
 Metaspace       used 72330K, capacity 74063K, committed 74236K, reserved 1114112K
  class space    used 9467K, capacity 10066K, committed 10112K, reserved 1048576K
}
Event: 89.604 GC heap before
{Heap before GC invocations=57 (full 0):
 garbage-first heap   total 93184K, used 71311K [0x0000000080000000, 0x0000000100000000)
  region size 1024K, 21 young (21504K), 3 survivors (3072K)
 Metaspace       used 74965K, capacity 76763K, committed 76924K, reserved 1116160K
  class space    used 9800K, capacity 10437K, committed 10496K, reserved 1048576K
}
Event: 89.654 GC heap after
{Heap after GC invocations=58 (full 0):
 garbage-first heap   total 93184K, used 55203K [0x0000000080000000, 0x0000000100000000)
  region size 1024K, 3 young (3072K), 3 survivors (3072K)
 Metaspace       used 74965K, capacity 76763K, committed 76924K, reserved 1116160K
  class space    used 9800K, capacity 10437K, committed 10496K, reserved 1048576K
}
Event: 90.525 GC heap before
{Heap before GC invocations=58 (full 0):
 garbage-first heap   total 93184K, used 72611K [0x0000000080000000, 0x0000000100000000)
  region size 1024K, 21 young (21504K), 3 survivors (3072K)
 Metaspace       used 75575K, capacity 77450K, committed 77564K, reserved 1116160K
  class space    used 9877K, capacity 10555K, committed 10624K, reserved 1048576K
}
Event: 90.544 GC heap after
{Heap after GC invocations=59 (full 0):
 garbage-first heap   total 124928K, used 56346K [0x0000000080000000, 0x0000000100000000)
  region size 1024K, 3 young (3072K), 3 survivors (3072K)
 Metaspace       used 75575K, capacity 77450K, committed 77564K, reserved 1116160K
  class space    used 9877K, capacity 10555K, committed 10624K, reserved 1048576K
}
Event: 93.113 GC heap before
{Heap before GC invocations=60 (full 0):
 garbage-first heap   total 124928K, used 88090K [0x0000000080000000, 0x0000000100000000)
  region size 1024K, 35 young (35840K), 3 survivors (3072K)
 Metaspace       used 75924K, capacity 77805K, committed 78076K, reserved 1116160K
  class space    used 9888K, capacity 10564K, committed 10624K, reserved 1048576K
}
Event: 93.155 GC heap after
{Heap after GC invocations=61 (full 0):
 garbage-first heap   total 124928K, used 58274K [0x0000000080000000, 0x0000000100000000)
  region size 1024K, 5 young (5120K), 5 survivors (5120K)
 Metaspace       used 75924K, capacity 77805K, committed 78076K, reserved 1116160K
  class space    used 9888K, capacity 10564K, committed 10624K, reserved 1048576K
}
Event: 99.504 GC heap before
{Heap before GC invocations=61 (full 0):
 garbage-first heap   total 124928K, used 95138K [0x0000000080000000, 0x0000000100000000)
  region size 1024K, 39 young (39936K), 5 survivors (5120K)
 Metaspace       used 77297K, capacity 79157K, committed 79228K, reserved 1118208K
  class space    used 10044K, capacity 10693K, committed 10752K, reserved 1048576K
}
Event: 99.679 GC heap after
{Heap after GC invocations=62 (full 0):
 garbage-first heap   total 124928K, used 73325K [0x0000000080000000, 0x0000000100000000)
  region size 1024K, 5 young (5120K), 5 survivors (5120K)
 Metaspace       used 77297K, capacity 79157K, committed 79228K, reserved 1118208K
  class space    used 10044K, capacity 10693K, committed 10752K, reserved 1048576K
}
Event: 99.775 GC heap before
{Heap before GC invocations=62 (full 0):
 garbage-first heap   total 124928K, used 73325K [0x0000000080000000, 0x0000000100000000)
  region size 1024K, 7 young (7168K), 5 survivors (5120K)
 Metaspace       used 77313K, capacity 79157K, committed 79228K, reserved 1118208K
  class space    used 10045K, capacity 10693K, committed 10752K, reserved 1048576K
}
Event: 99.801 GC heap after
{Heap after GC invocations=63 (full 0):
 garbage-first heap   total 124928K, used 76013K [0x0000000080000000, 0x0000000100000000)
  region size 1024K, 2 young (2048K), 2 survivors (2048K)
 Metaspace       used 77313K, capacity 79157K, committed 79228K, reserved 1118208K
  class space    used 10045K, capacity 10693K, committed 10752K, reserved 1048576K
}
Event: 102.229 GC heap before
{Heap before GC invocations=64 (full 0):
 garbage-first heap   total 124928K, used 89325K [0x0000000080000000, 0x0000000100000000)
  region size 1024K, 4 young (4096K), 2 survivors (2048K)
 Metaspace       used 77273K, capacity 79075K, committed 79228K, reserved 1118208K
  class space    used 10031K, capacity 10665K, committed 10752K, reserved 1048576K
}

Deoptimization events (20 events):
Event: 96.926 Thread 0x0000016cf754c000 DEOPT PACKING pc=0x0000016ce1b76220 sp=0x00000051402fae50
Event: 96.926 Thread 0x0000016cf754c000 DEOPT UNPACKING pc=0x0000016cd9c774af sp=0x00000051402fadd8 mode 2
Event: 96.927 Thread 0x0000016cf754c000 Uncommon trap: trap_request=0xffffffde fr.pc=0x0000016ce1b76220 relative=0x00000000000002e0
Event: 96.927 Thread 0x0000016cf754c000 Uncommon trap: reason=class_check action=maybe_recompile pc=0x0000016ce1b76220 method=com.android.ide.common.resources.NodeUtils.processSingleNodeNamespace(Lorg/w3c/dom/Node;Lorg/w3c/dom/Document;)Z @ 100 c2
Event: 96.927 Thread 0x0000016cf754c000 DEOPT PACKING pc=0x0000016ce1b76220 sp=0x00000051402fae50
Event: 96.927 Thread 0x0000016cf754c000 DEOPT UNPACKING pc=0x0000016cd9c774af sp=0x00000051402fadd8 mode 2
Event: 96.934 Thread 0x0000016cf754c000 Uncommon trap: trap_request=0xffffffde fr.pc=0x0000016ce1b76220 relative=0x00000000000002e0
Event: 96.934 Thread 0x0000016cf754c000 Uncommon trap: reason=class_check action=maybe_recompile pc=0x0000016ce1b76220 method=com.android.ide.common.resources.NodeUtils.processSingleNodeNamespace(Lorg/w3c/dom/Node;Lorg/w3c/dom/Document;)Z @ 100 c2
Event: 96.934 Thread 0x0000016cf754c000 DEOPT PACKING pc=0x0000016ce1b76220 sp=0x00000051402fadc0
Event: 96.934 Thread 0x0000016cf754c000 DEOPT UNPACKING pc=0x0000016cd9c774af sp=0x00000051402fad48 mode 2
Event: 96.934 Thread 0x0000016cf754c000 Uncommon trap: trap_request=0xffffffde fr.pc=0x0000016ce1b76220 relative=0x00000000000002e0
Event: 96.934 Thread 0x0000016cf754c000 Uncommon trap: reason=class_check action=maybe_recompile pc=0x0000016ce1b76220 method=com.android.ide.common.resources.NodeUtils.processSingleNodeNamespace(Lorg/w3c/dom/Node;Lorg/w3c/dom/Document;)Z @ 100 c2
Event: 96.934 Thread 0x0000016cf754c000 DEOPT PACKING pc=0x0000016ce1b76220 sp=0x00000051402fadc0
Event: 96.934 Thread 0x0000016cf754c000 DEOPT UNPACKING pc=0x0000016cd9c774af sp=0x00000051402fad48 mode 2
Event: 99.842 Thread 0x0000016cf754c000 Uncommon trap: trap_request=0xffffff4d fr.pc=0x0000016ce1b9f090 relative=0x00000000000003b0
Event: 99.842 Thread 0x0000016cf754c000 Uncommon trap: reason=unstable_if action=reinterpret pc=0x0000016ce1b9f090 method=com.android.utils.XmlUtils.toXmlAttributeValue(Ljava/lang/String;)Ljava/lang/String; @ 27 c2
Event: 99.842 Thread 0x0000016cf754c000 DEOPT PACKING pc=0x0000016ce1b9f090 sp=0x00000051402fa740
Event: 99.842 Thread 0x0000016cf754c000 DEOPT UNPACKING pc=0x0000016cd9c774af sp=0x00000051402fa6e0 mode 2
Event: 101.607 Thread 0x0000016cf264e000 DEOPT PACKING pc=0x0000016cdb0d3db1 sp=0x00000051388fe220
Event: 101.648 Thread 0x0000016cf264e000 DEOPT UNPACKING pc=0x0000016cd9c772ce sp=0x00000051388fd6e8 mode 0

Classes redefined (0 events):
No events

Internal exceptions (20 events):
Event: 88.752 Thread 0x0000016cf2649000 Exception <a 'java/lang/NoSuchMethodError'{0x0000000085519330}: <clinit>> (0x0000000085519330) thrown at [./src/hotspot/share/prims/jni.cpp, line 1362]
Event: 88.781 Thread 0x0000016cf2649000 Exception <a 'java/lang/NoSuchMethodError'{0x000000008554ab28}: <clinit>> (0x000000008554ab28) thrown at [./src/hotspot/share/prims/jni.cpp, line 1362]
Event: 89.237 Thread 0x0000016cf4bd5000 Exception <a 'java/lang/NoSuchMethodError'{0x00000000850c0bf0}: <clinit>> (0x00000000850c0bf0) thrown at [./src/hotspot/share/prims/jni.cpp, line 1362]
Event: 89.239 Thread 0x0000016cf4bd5000 Exception <a 'java/lang/NoSuchMethodError'{0x00000000850cc388}: <clinit>> (0x00000000850cc388) thrown at [./src/hotspot/share/prims/jni.cpp, line 1362]
Event: 89.246 Thread 0x0000016cf4bd5000 Exception <a 'java/lang/NoSuchMethodError'{0x0000000084f079a0}: <clinit>> (0x0000000084f079a0) thrown at [./src/hotspot/share/prims/jni.cpp, line 1362]
Event: 89.248 Thread 0x0000016cf4bd5000 Exception <a 'java/lang/NoSuchMethodError'{0x0000000084f1b508}: <clinit>> (0x0000000084f1b508) thrown at [./src/hotspot/share/prims/jni.cpp, line 1362]
Event: 89.249 Thread 0x0000016cf4bd5000 Exception <a 'java/lang/NoSuchMethodError'{0x0000000084f1cc80}: <clinit>> (0x0000000084f1cc80) thrown at [./src/hotspot/share/prims/jni.cpp, line 1362]
Event: 89.252 Thread 0x0000016cf2649000 Exception <a 'java/lang/NoSuchMethodError'{0x00000000850e2e98}: 'java.lang.Object java.lang.invoke.Invokers$Holder.linkToTargetMethod(java.lang.Object, java.lang.Object, java.lang.Object, java.lang.Object, java.lang.Object, java.lang.Object, java.lang.Object, java.lang.Object)'> (0x00000000850e2e98) thrown at [./src/hotspot/share/interpreter/linkResolver.cpp, line 773]
Event: 89.304 Thread 0x0000016cf286e000 Exception <a 'java/lang/NoSuchMethodError'{0x0000000084d077f8}: <clinit>> (0x0000000084d077f8) thrown at [./src/hotspot/share/prims/jni.cpp, line 1362]
Event: 89.312 Thread 0x0000016cf286e000 Exception <a 'java/lang/NoSuchMethodError'{0x0000000084d210e8}: <clinit>> (0x0000000084d210e8) thrown at [./src/hotspot/share/prims/jni.cpp, line 1362]
Event: 89.431 Thread 0x0000016cf4bd5000 Exception <a 'java/lang/NoSuchMethodError'{0x0000000084b7d410}: <clinit>> (0x0000000084b7d410) thrown at [./src/hotspot/share/prims/jni.cpp, line 1362]
Event: 90.044 Thread 0x0000016cf754c000 Exception <a 'java/lang/NoSuchMethodError'{0x0000000085534788}: 'java.lang.Object java.lang.invoke.Invokers$Holder.linkToTargetMethod(java.lang.Object, java.lang.Object, java.lang.Object, java.lang.Object, java.lang.Object, java.lang.Object, java.lang.Object)'> (0x0000000085534788) thrown at [./src/hotspot/share/interpreter/linkResolver.cpp, line 773]
Event: 90.130 Thread 0x0000016cf4bd0000 Exception <a 'java/lang/NoSuchMethodError'{0x0000000085353f88}: 'java.lang.Object java.lang.invoke.DirectMethodHandle$Holder.invokeSpecialIFC(java.lang.Object, java.lang.Object, java.lang.Object)'> (0x0000000085353f88) thrown at [./src/hotspot/share/interpreter/linkResolver.cpp, line 773]
Event: 90.130 Thread 0x0000016cf4bd7000 Exception <a 'java/lang/NoSuchMethodError'{0x0000000085357de0}: 'java.lang.Object java.lang.invoke.DirectMethodHandle$Holder.invokeSpecialIFC(java.lang.Object, java.lang.Object, java.lang.Object)'> (0x0000000085357de0) thrown at [./src/hotspot/share/interpreter/linkResolver.cpp, line 773]
Event: 90.130 Thread 0x0000016cf4bd7800 Exception <a 'java/lang/NoSuchMethodError'{0x0000000085350198}: 'java.lang.Object java.lang.invoke.DirectMethodHandle$Holder.invokeSpecialIFC(java.lang.Object, java.lang.Object, java.lang.Object)'> (0x0000000085350198) thrown at [./src/hotspot/share/interpreter/linkResolver.cpp, line 773]
Event: 93.190 Thread 0x0000016cf754c000 Exception <a 'java/lang/NoSuchMethodError'{0x000000008793d320}: 'java.lang.Object java.lang.invoke.DirectMethodHandle$Holder.invokeSpecial(java.lang.Object, java.lang.Object, int, java.lang.Object, java.lang.Object)'> (0x000000008793d320) thrown at [./src/hotspot/share/interpreter/linkResolver.cpp, line 773]
Event: 93.209 Thread 0x0000016cf754c000 Exception <a 'java/lang/NoSuchMethodError'{0x00000000879458b0}: 'java.lang.Object java.lang.invoke.DirectMethodHandle$Holder.invokeStatic(java.lang.Object, java.lang.Object, int, java.lang.Object)'> (0x00000000879458b0) thrown at [./src/hotspot/share/interpreter/linkResolver.cpp, line 773]
Event: 93.211 Thread 0x0000016cf754c000 Exception <a 'java/lang/NoSuchMethodError'{0x00000000879495a8}: 'java.lang.Object java.lang.invoke.Invokers$Holder.linkToTargetMethod(java.lang.Object, int, java.lang.Object, java.lang.Object)'> (0x00000000879495a8) thrown at [./src/hotspot/share/interpreter/linkResolver.cpp, line 773]
Event: 93.234 Thread 0x0000016cf754c000 Exception <a 'java/lang/NoSuchMethodError'{0x0000000087961278}: 'void java.lang.invoke.DirectMethodHandle$Holder.invokeVirtual(java.lang.Object, java.lang.Object)'> (0x0000000087961278) thrown at [./src/hotspot/share/interpreter/linkResolver.cpp, line 773]
Event: 94.039 Thread 0x0000016cf754c000 Implicit null exception at 0x0000016ce1990f84 to 0x0000016ce199117c

Events (20 events):
Event: 95.733 loading class com/android/ide/common/blame/MergingLogPersistUtil$SourcePositionsSerializer$JsonTypeAdapter done
Event: 95.829 loading class com/android/ide/common/blame/SourceFileJsonTypeAdapter$1
Event: 95.829 loading class com/android/ide/common/blame/SourceFileJsonTypeAdapter$1 done
Event: 99.503 Executing VM operation: G1CollectForAllocation
Event: 99.679 Executing VM operation: G1CollectForAllocation done
Event: 99.681 loading class com/android/utils/XmlUtils$PositionAwareStringBuilder
Event: 99.681 loading class com/android/utils/XmlUtils$PositionAwareStringBuilder done
Event: 99.775 Executing VM operation: G1CollectForAllocation
Event: 99.801 Executing VM operation: G1CollectForAllocation done
Event: 100.307 Executing VM operation: CGC_Operation
Event: 101.294 Executing VM operation: CGC_Operation done
Event: 101.800 loading class com/google/common/io/FileWriteMode
Event: 101.800 loading class com/google/common/io/FileWriteMode done
Event: 101.881 loading class com/google/common/io/CharSink
Event: 101.881 loading class com/google/common/io/CharSink done
Event: 101.919 Executing VM operation: CGC_Operation
Event: 102.191 Executing VM operation: CGC_Operation done
Event: 102.215 loading class com/google/common/io/ByteSink$AsCharSink
Event: 102.215 loading class com/google/common/io/ByteSink$AsCharSink done
Event: 102.229 Executing VM operation: G1CollectForAllocation


Dynamic libraries:
0x00007ff787cc0000 - 0x00007ff787cca000 	C:\Program Files\Android\Android Studio\jre\bin\java.exe
0x00007ffef2800000 - 0x00007ffef29f0000 	C:\WINDOWS\SYSTEM32\ntdll.dll
0x00007ffef1040000 - 0x00007ffef10f2000 	C:\WINDOWS\System32\KERNEL32.DLL
0x00007ffef0270000 - 0x00007ffef0515000 	C:\WINDOWS\System32\KERNELBASE.dll
0x00007ffeef810000 - 0x00007ffeef90a000 	C:\WINDOWS\System32\ucrtbase.dll
0x00007ffeb7ea0000 - 0x00007ffeb7eb9000 	C:\Program Files\Android\Android Studio\jre\bin\jli.dll
0x00007ffed7d90000 - 0x00007ffed7da7000 	C:\Program Files\Android\Android Studio\jre\bin\VCRUNTIME140.dll
0x00007ffef2130000 - 0x00007ffef22c4000 	C:\WINDOWS\System32\USER32.dll
0x00007ffef0650000 - 0x00007ffef0671000 	C:\WINDOWS\System32\win32u.dll
0x00007ffef1180000 - 0x00007ffef11a6000 	C:\WINDOWS\System32\GDI32.dll
0x00007ffedccb0000 - 0x00007ffedcf34000 	C:\WINDOWS\WinSxS\amd64_microsoft.windows.common-controls_6595b64144ccf1df_6.0.18362.1440_none_9e7dbfb9e45e8e67\COMCTL32.dll
0x00007ffef0710000 - 0x00007ffef08a8000 	C:\WINDOWS\System32\gdi32full.dll
0x00007ffef1f40000 - 0x00007ffef1fde000 	C:\WINDOWS\System32\msvcrt.dll
0x00007ffeef770000 - 0x00007ffeef80e000 	C:\WINDOWS\System32\msvcp_win.dll
0x00007ffef1a70000 - 0x00007ffef1da6000 	C:\WINDOWS\System32\combase.dll
0x00007ffef24b0000 - 0x00007ffef25cf000 	C:\WINDOWS\System32\RPCRT4.dll
0x00007ffef0680000 - 0x00007ffef0701000 	C:\WINDOWS\System32\bcryptPrimitives.dll
0x00007ffef2480000 - 0x00007ffef24ae000 	C:\WINDOWS\System32\IMM32.DLL
0x00007ffea3c40000 - 0x00007ffea3cdd000 	C:\Program Files\Android\Android Studio\jre\bin\msvcp140.dll
0x00007ffea9d20000 - 0x00007ffeaa7dc000 	C:\Program Files\Android\Android Studio\jre\bin\server\jvm.dll
0x00007ffef1fe0000 - 0x00007ffef2083000 	C:\WINDOWS\System32\ADVAPI32.dll
0x00007ffef26c0000 - 0x00007ffef2757000 	C:\WINDOWS\System32\sechost.dll
0x00007ffef2120000 - 0x00007ffef2128000 	C:\WINDOWS\System32\PSAPI.DLL
0x00007ffedb0a0000 - 0x00007ffedb0a9000 	C:\WINDOWS\SYSTEM32\WSOCK32.dll
0x00007ffeebdb0000 - 0x00007ffeebdd4000 	C:\WINDOWS\SYSTEM32\WINMM.dll
0x00007ffef2650000 - 0x00007ffef26bf000 	C:\WINDOWS\System32\WS2_32.dll
0x00007ffee7b10000 - 0x00007ffee7b1a000 	C:\WINDOWS\SYSTEM32\VERSION.dll
0x00007ffeebd80000 - 0x00007ffeebdad000 	C:\WINDOWS\SYSTEM32\winmmbase.dll
0x00007ffef0520000 - 0x00007ffef056a000 	C:\WINDOWS\System32\cfgmgr32.dll
0x00007ffeef6c0000 - 0x00007ffeef6d1000 	C:\WINDOWS\System32\kernel.appcore.dll
0x00007ffea9d00000 - 0x00007ffea9d11000 	C:\Program Files\Android\Android Studio\jre\bin\verify.dll
0x00007ffeedf80000 - 0x00007ffeee174000 	C:\WINDOWS\SYSTEM32\DBGHELP.DLL
0x00007ffeda520000 - 0x00007ffeda54a000 	C:\WINDOWS\SYSTEM32\dbgcore.DLL
0x00007ffea9cd0000 - 0x00007ffea9cf9000 	C:\Program Files\Android\Android Studio\jre\bin\java.dll
0x00007ffea9cc0000 - 0x00007ffea9ccb000 	C:\Program Files\Android\Android Studio\jre\bin\jimage.dll
0x00007ffea9ca0000 - 0x00007ffea9cb8000 	C:\Program Files\Android\Android Studio\jre\bin\zip.dll
0x00007ffef1380000 - 0x00007ffef1a68000 	C:\WINDOWS\System32\SHELL32.dll
0x00007ffef0f90000 - 0x00007ffef1037000 	C:\WINDOWS\System32\shcore.dll
0x00007ffeefa90000 - 0x00007ffef020b000 	C:\WINDOWS\System32\windows.storage.dll
0x00007ffeef6e0000 - 0x00007ffeef6fe000 	C:\WINDOWS\System32\profapi.dll
0x00007ffeef700000 - 0x00007ffeef74a000 	C:\WINDOWS\System32\powrprof.dll
0x00007ffeef6b0000 - 0x00007ffeef6c0000 	C:\WINDOWS\System32\UMPDC.dll
0x00007ffef0980000 - 0x00007ffef09d2000 	C:\WINDOWS\System32\shlwapi.dll
0x00007ffeefa70000 - 0x00007ffeefa87000 	C:\WINDOWS\System32\cryptsp.dll
0x00007ffea9c80000 - 0x00007ffea9c9a000 	C:\Program Files\Android\Android Studio\jre\bin\net.dll
0x00007ffee0420000 - 0x00007ffee051a000 	C:\WINDOWS\SYSTEM32\WINHTTP.dll
0x00007ffeeee90000 - 0x00007ffeeeef7000 	C:\WINDOWS\system32\mswsock.dll
0x00007ffea9c60000 - 0x00007ffea9c74000 	C:\Program Files\Android\Android Studio\jre\bin\nio.dll
0x00007ffebff20000 - 0x00007ffebff47000 	C:\Users\Amjad Khan\.gradle\native\fdc75f09e3144964f2cf3f50f0aa648679c211496f362492102eb8c894070792\windows-amd64\native-platform.dll
0x00007ffea8950000 - 0x00007ffea8ae6000 	C:\Users\Amjad Khan\.gradle\native\12488b8bf47d2d4c9fbf2f6322a914ad602e24e48041cd04a747c6da556b65c4\windows-amd64\native-platform-file-events.dll
0x00007ffea9b00000 - 0x00007ffea9b0a000 	C:\Program Files\Android\Android Studio\jre\bin\management.dll
0x00007ffea9af0000 - 0x00007ffea9afc000 	C:\Program Files\Android\Android Studio\jre\bin\management_ext.dll
0x00007ffeeea10000 - 0x00007ffeeea43000 	C:\WINDOWS\system32\rsaenh.dll
0x00007ffef0620000 - 0x00007ffef0646000 	C:\WINDOWS\System32\bcrypt.dll
0x00007ffeef590000 - 0x00007ffeef5b5000 	C:\WINDOWS\SYSTEM32\USERENV.dll
0x00007ffeef060000 - 0x00007ffeef06c000 	C:\WINDOWS\SYSTEM32\CRYPTBASE.dll
0x00007ffeeeba0000 - 0x00007ffeeebda000 	C:\WINDOWS\SYSTEM32\IPHLPAPI.DLL
0x00007ffef1370000 - 0x00007ffef1378000 	C:\WINDOWS\System32\NSI.dll
0x00007ffee5fd0000 - 0x00007ffee5fe6000 	C:\WINDOWS\SYSTEM32\dhcpcsvc6.DLL
0x00007ffee5ab0000 - 0x00007ffee5acc000 	C:\WINDOWS\SYSTEM32\dhcpcsvc.DLL
0x00007ffeeebe0000 - 0x00007ffeeecab000 	C:\WINDOWS\SYSTEM32\DNSAPI.dll
0x00007ffee68c0000 - 0x00007ffee68cb000 	C:\WINDOWS\SYSTEM32\WINNSI.DLL

dbghelp: loaded successfully - version: 4.0.5 - missing functions: none
symbol engine: initialized successfully - sym options: 0x614 - pdb path: .;C:\Program Files\Android\Android Studio\jre\bin;C:\WINDOWS\SYSTEM32;C:\WINDOWS\WinSxS\amd64_microsoft.windows.common-controls_6595b64144ccf1df_6.0.18362.1440_none_9e7dbfb9e45e8e67;C:\Program Files\Android\Android Studio\jre\bin\server;C:\Users\Amjad Khan\.gradle\native\fdc75f09e3144964f2cf3f50f0aa648679c211496f362492102eb8c894070792\windows-amd64;C:\Users\Amjad Khan\.gradle\native\12488b8bf47d2d4c9fbf2f6322a914ad602e24e48041cd04a747c6da556b65c4\windows-amd64

VM Arguments:
jvm_args: --add-opens=java.base/java.util=ALL-UNNAMED --add-opens=java.base/java.lang=ALL-UNNAMED --add-opens=java.base/java.lang.invoke=ALL-UNNAMED --add-opens=java.prefs/java.util.prefs=ALL-UNNAMED -Xmx2048m -Dfile.encoding=UTF-8 -Duser.country=US -Duser.language=en -Duser.variant 
java_command: org.gradle.launcher.daemon.bootstrap.GradleDaemon 6.7.1
java_class_path (initial): C:\Users\Amjad Khan\.gradle\wrapper\dists\gradle-6.7.1-bin\bwlcbys1h7rz3272sye1xwiv6\gradle-6.7.1\lib\gradle-launcher-6.7.1.jar
Launcher Type: SUN_STANDARD

[Global flags]
     intx CICompilerCount                          = 3                                         {product} {ergonomic}
     uint ConcGCThreads                            = 1                                         {product} {ergonomic}
     uint G1ConcRefinementThreads                  = 4                                         {product} {ergonomic}
   size_t G1HeapRegionSize                         = 1048576                                   {product} {ergonomic}
    uintx GCDrainStackTargetSize                   = 64                                        {product} {ergonomic}
   size_t InitialHeapSize                          = 65011712                                  {product} {ergonomic}
   size_t MarkStackSize                            = 4194304                                   {product} {ergonomic}
   size_t MaxHeapSize                              = 2147483648                                {product} {command line}
   size_t MaxNewSize                               = 1287651328                                {product} {ergonomic}
   size_t MinHeapDeltaBytes                        = 1048576                                   {product} {ergonomic}
    uintx NonNMethodCodeHeapSize                   = 5830732                                {pd product} {ergonomic}
    uintx NonProfiledCodeHeapSize                  = 122913754                              {pd product} {ergonomic}
    uintx ProfiledCodeHeapSize                     = 122913754                              {pd product} {ergonomic}
    uintx ReservedCodeCacheSize                    = 251658240                              {pd product} {ergonomic}
     bool SegmentedCodeCache                       = true                                      {product} {ergonomic}
     bool UseCompressedClassPointers               = true                                 {lp64_product} {ergonomic}
     bool UseCompressedOops                        = true                                 {lp64_product} {ergonomic}
     bool UseG1GC                                  = true                                      {product} {ergonomic}
     bool UseLargePagesIndividualAllocation        = false                                  {pd product} {ergonomic}

Logging:
Log output configuration:
 #0: stdout all=warning uptime,level,tags
 #1: stderr all=off uptime,level,tags

Environment Variables:
PATH=C:\Program Files (x86)\Common Files\Oracle\Java\javapath;C:\WINDOWS\system32;C:\WINDOWS;C:\WINDOWS\System32\Wbem;C:\WINDOWS\System32\WindowsPowerShell\v1.0\;C:\WINDOWS\System32\OpenSSH\;C:\Program Files\swipl\bin;C:\Program Files\Microsoft SQL Server\130\Tools\Binn\;C:\Program Files\dotnet\;C:\Program Files\Microsoft SQL Server\Client SDK\ODBC\170\Tools\Binn\;C:\Program Files (x86)\Microsoft SQL Server\150\Tools\Binn\;C:\Program Files\Microsoft SQL Server\150\Tools\Binn\;C:\Program Files\Microsoft SQL Server\150\DTS\Binn\;C:\Program Files (x86)\Microsoft SQL Server\150\DTS\Binn\;C:\Program Files\Azure Data Studio\bin;C:\Users\Amjad Khan\Desktop\jdk-16.0.1\bin;C:\Users\Amjad Khan\AppData\Local\Microsoft\WindowsApps;;C:\Program Files\Azure Data Studio\bin
USERNAME=Amjad Khan
OS=Windows_NT
PROCESSOR_IDENTIFIER=Intel64 Family 6 Model 142 Stepping 9, GenuineIntel



---------------  S Y S T E M  ---------------

OS: Windows 10 , 64 bit Build 18362 (10.0.18362.1350)
OS uptime: 0 days 0:12 hours

CPU:total 4 (initial active 4) (2 cores per cpu, 2 threads per core) family 6 model 142 stepping 9, cmov, cx8, fxsr, mmx, sse, sse2, sse3, ssse3, sse4.1, sse4.2, popcnt, avx, avx2, aes, clmul, erms, 3dnowpref, lzcnt, ht, tsc, tscinvbit, bmi1, bmi2, adx, fma

Memory: 4k page, system-wide physical 3961M (79M free)
TotalPageFile size 16249M (AvailPageFile size 39M)
current process WorkingSet (physical memory assigned to process): 199M, peak: 225M
current process commit charge ("private bytes"): 349M, peak: 414M

vm_info: OpenJDK 64-Bit Server VM (11.0.8+10-b944.6842174) for windows-amd64 JRE (11.0.8+10-b944.6842174), built on Sep 19 2020 01:11:42 by "builder" with MS VC++ 14.0 (VS2015)

END.
