#
# There is insufficient memory for the Java Runtime Environment to continue.
# Native memory allocation (mmap) failed to map 17825792 bytes for Failed to commit area from 0x0000000084b00000 to 0x0000000085c00000 of length 17825792.
# Possible reasons:
#   The system is out of physical RAM or swap space
#   The process is running with CompressedOops enabled, and the Java Heap may be blocking the growth of the native heap
# Possible solutions:
#   Reduce memory load on the system
#   Increase physical memory or swap space
#   Check if swap backing store is full
#   Decrease Java heap size (-Xmx/-Xms)
#   Decrease number of Java threads
#   Decrease Java thread stack sizes (-Xss)
#   Set larger code cache with -XX:ReservedCodeCacheSize=
#   JVM is running with Unscaled Compressed Oops mode in which the Java heap is
#     placed in the first 4GB address space. The Java Heap base address is the
#     maximum limit for the native heap growth. Please use -XX:HeapBaseMinAddress
#     to set the Java Heap base and to place the Java Heap above 4GB virtual address.
# This output file may be truncated or incomplete.
#
#  Out of Memory Error (./src/hotspot/os/windows/os_windows.cpp:3303), pid=16204, tid=16836
#
# JRE version: OpenJDK Runtime Environment (11.0.8+10) (build 11.0.8+10-b944.6842174)
# Java VM: OpenJDK 64-Bit Server VM (11.0.8+10-b944.6842174, mixed mode, tiered, compressed oops, g1 gc, windows-amd64)
# No core dump will be written. Minidumps are not enabled by default on client versions of Windows
#

---------------  S U M M A R Y ------------

Command Line: --add-opens=java.base/java.util=ALL-UNNAMED --add-opens=java.base/java.lang=ALL-UNNAMED --add-opens=java.base/java.lang.invoke=ALL-UNNAMED --add-opens=java.prefs/java.util.prefs=ALL-UNNAMED -Xmx2048m -Dfile.encoding=UTF-8 -Duser.country=US -Duser.language=en -Duser.variant org.gradle.launcher.daemon.bootstrap.GradleDaemon 6.7.1

Host: Intel(R) Core(TM) i3-7100U CPU @ 2.40GHz, 4 cores, 3G,  Windows 10 , 64 bit Build 18362 (10.0.18362.1350)
Time: Mon Jul 12 13:45:34 2021 Pakistan Standard Time elapsed time: 21 seconds (0d 0h 0m 21s)

---------------  T H R E A D  ---------------

Current thread (0x0000011e54535000):  VMThread "VM Thread" [stack: 0x0000000761b00000,0x0000000761c00000] [id=16836]

Stack: [0x0000000761b00000,0x0000000761c00000]
[error occurred during error reporting (printing stack bounds), id 0xc0000005, EXCEPTION_ACCESS_VIOLATION (0xc0000005) at pc=0x0000011e3dce0dad]

Native frames: (J=compiled Java code, j=interpreted, Vv=VM code, C=native code)
V  [jvm.dll+0x5de50a]
V  [jvm.dll+0x7122f5]
V  [jvm.dll+0x71384d]
V  [jvm.dll+0x713e65]
V  [jvm.dll+0x713e1b]
V  [jvm.dll+0x5dd958]
V  [jvm.dll+0x5de0f8]
C  [ntdll.dll+0xa1eef]
C  [ntdll.dll+0x6aad9]
C  [ntdll.dll+0xa0b5e]
C  0x0000011e3dce0dad

VM_Operation (0x00000007631f87d0): G1CollectForAllocation, mode: safepoint, requested by thread 0x0000011e55ced800


---------------  P R O C E S S  ---------------

Threads class SMR info:
_java_thread_list=0x0000011e57afeb90, length=132, elements={
0x0000011e38b9a800, 0x0000011e54539800, 0x0000011e5453a800, 0x0000011e54544000,
0x0000011e54ec2800, 0x0000011e54ec4000, 0x0000011e5459c000, 0x0000011e5459f800,
0x0000011e55019800, 0x0000011e5503b800, 0x0000011e564a4800, 0x0000011e5664d800,
0x0000011e56baf800, 0x0000011e5683a800, 0x0000011e5659b800, 0x0000011e551ee800,
0x0000011e55ced800, 0x0000011e558cd000, 0x0000011e558ce000, 0x0000011e568ad800,
0x0000011e55048800, 0x0000011e55047800, 0x0000011e5504a000, 0x0000011e55049000,
0x0000011e55044800, 0x0000011e55046800, 0x0000011e5504b000, 0x0000011e55045000,
0x0000011e55046000, 0x0000011e59a25000, 0x0000011e59a26000, 0x0000011e59a20000,
0x0000011e59a27000, 0x0000011e59a21000, 0x0000011e59a23800, 0x0000011e59a24800,
0x0000011e59a2c800, 0x0000011e59a27800, 0x0000011e59a2a000, 0x0000011e59a2b000,
0x0000011e59a2d800, 0x0000011e59a2e000, 0x0000011e59a28800, 0x0000011e59a2b800,
0x0000011e59a29000, 0x0000011e59a2f000, 0x0000011e59967000, 0x0000011e59964800,
0x0000011e59963800, 0x0000011e59962000, 0x0000011e59966000, 0x0000011e59965800,
0x0000011e59961800, 0x0000011e59968000, 0x0000011e59968800, 0x0000011e59963000,
0x0000011e5996c000, 0x0000011e59969800, 0x0000011e59970000, 0x0000011e5996a800,
0x0000011e5996b000, 0x0000011e5996e800, 0x0000011e5996c800, 0x0000011e5996f000,
0x0000011e5996d800, 0x0000011e57d5b800, 0x0000011e57d5f800, 0x0000011e57d5a800,
0x0000011e57d59800, 0x0000011e57d60000, 0x0000011e57d5d000, 0x0000011e57d61000,
0x0000011e57d5e000, 0x0000011e57d5e800, 0x0000011e57d62000, 0x0000011e57d5c000,
0x0000011e57d67800, 0x0000011e57d65000, 0x0000011e57d66000, 0x0000011e57d66800,
0x0000011e57d68800, 0x0000011e57d62800, 0x0000011e57d63800, 0x0000011e57d64800,
0x0000011e59a79000, 0x0000011e59a7b800, 0x0000011e59a7e000, 0x0000011e59a7a000,
0x0000011e59a78800, 0x0000011e59a7d000, 0x0000011e59a80800, 0x0000011e59a7c800,
0x0000011e59a7a800, 0x0000011e59a84800, 0x0000011e59a83800, 0x0000011e59a7f800,
0x0000011e59a83000, 0x0000011e59a7f000, 0x0000011e59a85800, 0x0000011e59a87000,
0x0000011e59a86000, 0x0000011e59a81800, 0x0000011e59a82000, 0x0000011e59ade000,
0x0000011e59adb000, 0x0000011e59ad8800, 0x0000011e59ada000, 0x0000011e59adb800,
0x0000011e59adc800, 0x0000011e59adf000, 0x0000011e59add800, 0x0000011e59ad9800,
0x0000011e59ae1800, 0x0000011e59ae2800, 0x0000011e59ae0800, 0x0000011e59ae3000,
0x0000011e59ae4000, 0x0000011e59ae5800, 0x0000011e59ae0000, 0x0000011e59ae6800,
0x0000011e59ae4800, 0x0000011e59ae7000, 0x0000011e59cf0800, 0x0000011e59cf4800,
0x0000011e59cf5000, 0x0000011e59cf2000, 0x0000011e59cf2800, 0x0000011e59cf6000,
0x0000011e59cf7000, 0x0000011e59cf1000, 0x0000011e59cf7800, 0x0000011e59cf8800
}

Java Threads: ( => current thread )
  0x0000011e38b9a800 JavaThread "main" [_thread_blocked, id=7764, stack(0x0000000761500000,0x0000000761600000)]
  0x0000011e54539800 JavaThread "Reference Handler" daemon [_thread_blocked, id=17212, stack(0x0000000761c00000,0x0000000761d00000)]
  0x0000011e5453a800 JavaThread "Finalizer" daemon [_thread_blocked, id=4272, stack(0x0000000761d00000,0x0000000761e00000)]
  0x0000011e54544000 JavaThread "Signal Dispatcher" daemon [_thread_blocked, id=1668, stack(0x0000000761e00000,0x0000000761f00000)]
  0x0000011e54ec2800 JavaThread "Attach Listener" daemon [_thread_blocked, id=10072, stack(0x0000000761f00000,0x0000000762000000)]
  0x0000011e54ec4000 JavaThread "C2 CompilerThread0" daemon [_thread_blocked, id=19216, stack(0x0000000762000000,0x0000000762100000)]
  0x0000011e5459c000 JavaThread "C1 CompilerThread0" daemon [_thread_blocked, id=19432, stack(0x0000000762100000,0x0000000762200000)]
  0x0000011e5459f800 JavaThread "Sweeper thread" daemon [_thread_blocked, id=16672, stack(0x0000000762200000,0x0000000762300000)]
  0x0000011e55019800 JavaThread "Common-Cleaner" daemon [_thread_blocked, id=16840, stack(0x0000000762300000,0x0000000762400000)]
  0x0000011e5503b800 JavaThread "Service Thread" daemon [_thread_blocked, id=15328, stack(0x0000000762400000,0x0000000762500000)]
  0x0000011e564a4800 JavaThread "Daemon health stats" [_thread_blocked, id=15308, stack(0x0000000762700000,0x0000000762800000)]
  0x0000011e5664d800 JavaThread "Incoming local TCP Connector on port 50260" [_thread_in_native, id=10648, stack(0x0000000762c00000,0x0000000762d00000)]
  0x0000011e56baf800 JavaThread "Daemon periodic checks" [_thread_blocked, id=18808, stack(0x0000000762d00000,0x0000000762e00000)]
  0x0000011e5683a800 JavaThread "Daemon" [_thread_blocked, id=10300, stack(0x0000000762e00000,0x0000000762f00000)]
  0x0000011e5659b800 JavaThread "Handler for socket connection from /127.0.0.1:50260 to /127.0.0.1:50261" [_thread_in_native, id=18620, stack(0x0000000762f00000,0x0000000763000000)]
  0x0000011e551ee800 JavaThread "Cancel handler" [_thread_blocked, id=16432, stack(0x0000000763000000,0x0000000763100000)]
  0x0000011e55ced800 JavaThread "Daemon worker" [_thread_blocked, id=9580, stack(0x0000000763100000,0x0000000763200000)]
  0x0000011e558cd000 JavaThread "Asynchronous log dispatcher for DefaultDaemonConnection: socket connection from /127.0.0.1:50260 to /127.0.0.1:50261" [_thread_blocked, id=7068, stack(0x0000000763200000,0x0000000763300000)]
  0x0000011e558ce000 JavaThread "Stdin handler" [_thread_blocked, id=10340, stack(0x0000000763300000,0x0000000763400000)]
  0x0000011e568ad800 JavaThread "Thread-8" [_thread_blocked, id=17944, stack(0x0000000763400000,0x0000000763500000)]
  0x0000011e55048800 JavaThread "Cache worker for file hash cache (C:\Users\Amjad Khan\.gradle\caches\6.7.1\fileHashes)" [_thread_blocked, id=16284, stack(0x0000000763500000,0x0000000763600000)]
  0x0000011e55047800 JavaThread "File lock request listener" [_thread_in_native, id=16956, stack(0x0000000763600000,0x0000000763700000)]
  0x0000011e5504a000 JavaThread "Cache worker for journal cache (C:\Users\Amjad Khan\.gradle\caches\journal-1)" [_thread_blocked, id=15124, stack(0x0000000763700000,0x0000000763800000)]
  0x0000011e55049000 JavaThread "Cache worker for file hash cache (C:\Users\Amjad Khan\AndroidStudioProjects\MobileCalculater\.gradle\6.7.1\fileHashes)" [_thread_blocked, id=16592, stack(0x0000000763800000,0x0000000763900000)]
  0x0000011e55044800 JavaThread "Cache worker for checksums cache (C:\Users\Amjad Khan\AndroidStudioProjects\MobileCalculater\.gradle\checksums)" [_thread_blocked, id=18408, stack(0x0000000763900000,0x0000000763a00000)]
  0x0000011e55046800 JavaThread "Cache worker for cache directory md-supplier (C:\Users\Amjad Khan\.gradle\caches\6.7.1\md-supplier)" [_thread_blocked, id=16516, stack(0x0000000763a00000,0x0000000763b00000)]
  0x0000011e5504b000 JavaThread "Cache worker for cache directory md-rule (C:\Users\Amjad Khan\.gradle\caches\6.7.1\md-rule)" [_thread_blocked, id=4132, stack(0x0000000763b00000,0x0000000763c00000)]
  0x0000011e55045000 JavaThread "Cache worker for execution history cache (C:\Users\Amjad Khan\.gradle\caches\6.7.1\executionHistory)" [_thread_blocked, id=11040, stack(0x0000000763c00000,0x0000000763d00000)]
  0x0000011e55046000 JavaThread "jar transforms" [_thread_blocked, id=19452, stack(0x0000000763d00000,0x0000000763e00000)]
  0x0000011e59a25000 JavaThread "Cache worker for file content cache (C:\Users\Amjad Khan\.gradle\caches\6.7.1\fileContent)" [_thread_blocked, id=19164, stack(0x0000000763e00000,0x0000000763f00000)]
  0x0000011e59a26000 JavaThread "Cache worker for Build Output Cleanup Cache (C:\Users\Amjad Khan\AndroidStudioProjects\MobileCalculater\.gradle\buildOutputCleanup)" [_thread_blocked, id=7780, stack(0x0000000763f00000,0x0000000764000000)]
  0x0000011e59a20000 JavaThread "Build operations" [_thread_blocked, id=12752, stack(0x0000000764000000,0x0000000764100000)]
  0x0000011e59a27000 JavaThread "Build operations Thread 2" [_thread_blocked, id=19272, stack(0x0000000764100000,0x0000000764200000)]
  0x0000011e59a21000 JavaThread "Build operations Thread 3" [_thread_blocked, id=8736, stack(0x0000000764200000,0x0000000764300000)]
  0x0000011e59a23800 JavaThread "Build operations Thread 4" [_thread_blocked, id=17976, stack(0x0000000764300000,0x0000000764400000)]
  0x0000011e59a24800 JavaThread "jar transforms Thread 2" [_thread_blocked, id=16800, stack(0x0000000764400000,0x0000000764500000)]
  0x0000011e59a2c800 JavaThread "jar transforms Thread 3" [_thread_blocked, id=10384, stack(0x0000000764500000,0x0000000764600000)]
  0x0000011e59a27800 JavaThread "jar transforms Thread 4" [_thread_blocked, id=17980, stack(0x0000000764600000,0x0000000764700000)]
  0x0000011e59a2a000 JavaThread "jar transforms Thread 5" [_thread_blocked, id=17876, stack(0x0000000764700000,0x0000000764800000)]
  0x0000011e59a2b000 JavaThread "jar transforms Thread 6" [_thread_blocked, id=9692, stack(0x0000000764800000,0x0000000764900000)]
  0x0000011e59a2d800 JavaThread "jar transforms Thread 7" [_thread_blocked, id=16428, stack(0x0000000764900000,0x0000000764a00000)]
  0x0000011e59a2e000 JavaThread "jar transforms Thread 8" [_thread_blocked, id=12256, stack(0x0000000764a00000,0x0000000764b00000)]
  0x0000011e59a28800 JavaThread "jar transforms Thread 9" [_thread_blocked, id=10200, stack(0x0000000764b00000,0x0000000764c00000)]
  0x0000011e59a2b800 JavaThread "jar transforms Thread 10" [_thread_blocked, id=17536, stack(0x0000000764c00000,0x0000000764d00000)]
  0x0000011e59a29000 JavaThread "jar transforms Thread 11" [_thread_blocked, id=19140, stack(0x0000000764d00000,0x0000000764e00000)]
  0x0000011e59a2f000 JavaThread "jar transforms Thread 12" [_thread_blocked, id=16364, stack(0x0000000764e00000,0x0000000764f00000)]
  0x0000011e59967000 JavaThread "jar transforms Thread 13" [_thread_blocked, id=14272, stack(0x0000000764f00000,0x0000000765000000)]
  0x0000011e59964800 JavaThread "jar transforms Thread 14" [_thread_blocked, id=10372, stack(0x0000000765000000,0x0000000765100000)]
  0x0000011e59963800 JavaThread "jar transforms Thread 15" [_thread_blocked, id=9160, stack(0x0000000765100000,0x0000000765200000)]
  0x0000011e59962000 JavaThread "jar transforms Thread 16" [_thread_blocked, id=17824, stack(0x0000000765200000,0x0000000765300000)]
  0x0000011e59966000 JavaThread "jar transforms Thread 17" [_thread_blocked, id=17352, stack(0x0000000765300000,0x0000000765400000)]
  0x0000011e59965800 JavaThread "jar transforms Thread 18" [_thread_blocked, id=6884, stack(0x0000000765400000,0x0000000765500000)]
  0x0000011e59961800 JavaThread "jar transforms Thread 19" [_thread_blocked, id=18824, stack(0x0000000765500000,0x0000000765600000)]
  0x0000011e59968000 JavaThread "jar transforms Thread 20" [_thread_blocked, id=19032, stack(0x0000000765600000,0x0000000765700000)]
  0x0000011e59968800 JavaThread "jar transforms Thread 21" [_thread_blocked, id=18944, stack(0x0000000765700000,0x0000000765800000)]
  0x0000011e59963000 JavaThread "jar transforms Thread 22" [_thread_blocked, id=18556, stack(0x0000000765800000,0x0000000765900000)]
  0x0000011e5996c000 JavaThread "jar transforms Thread 23" [_thread_blocked, id=11536, stack(0x0000000765900000,0x0000000765a00000)]
  0x0000011e59969800 JavaThread "jar transforms Thread 24" [_thread_blocked, id=19048, stack(0x0000000765a00000,0x0000000765b00000)]
  0x0000011e59970000 JavaThread "jar transforms Thread 25" [_thread_blocked, id=18040, stack(0x0000000765b00000,0x0000000765c00000)]
  0x0000011e5996a800 JavaThread "jar transforms Thread 26" [_thread_blocked, id=18208, stack(0x0000000765c00000,0x0000000765d00000)]
  0x0000011e5996b000 JavaThread "jar transforms Thread 27" [_thread_blocked, id=17520, stack(0x0000000765d00000,0x0000000765e00000)]
  0x0000011e5996e800 JavaThread "jar transforms Thread 28" [_thread_blocked, id=10244, stack(0x0000000765e00000,0x0000000765f00000)]
  0x0000011e5996c800 JavaThread "jar transforms Thread 29" [_thread_blocked, id=17344, stack(0x0000000765f00000,0x0000000766000000)]
  0x0000011e5996f000 JavaThread "jar transforms Thread 30" [_thread_blocked, id=17460, stack(0x0000000766000000,0x0000000766100000)]
  0x0000011e5996d800 JavaThread "jar transforms Thread 31" [_thread_blocked, id=18388, stack(0x0000000766100000,0x0000000766200000)]
  0x0000011e57d5b800 JavaThread "jar transforms Thread 32" [_thread_blocked, id=19176, stack(0x0000000766200000,0x0000000766300000)]
  0x0000011e57d5f800 JavaThread "jar transforms Thread 33" [_thread_blocked, id=17196, stack(0x0000000766300000,0x0000000766400000)]
  0x0000011e57d5a800 JavaThread "jar transforms Thread 34" [_thread_blocked, id=17040, stack(0x0000000766400000,0x0000000766500000)]
  0x0000011e57d59800 JavaThread "jar transforms Thread 35" [_thread_blocked, id=19240, stack(0x0000000766500000,0x0000000766600000)]
  0x0000011e57d60000 JavaThread "jar transforms Thread 36" [_thread_blocked, id=15112, stack(0x0000000766600000,0x0000000766700000)]
  0x0000011e57d5d000 JavaThread "jar transforms Thread 37" [_thread_blocked, id=18336, stack(0x0000000766700000,0x0000000766800000)]
  0x0000011e57d61000 JavaThread "jar transforms Thread 38" [_thread_blocked, id=10512, stack(0x0000000766800000,0x0000000766900000)]
  0x0000011e57d5e000 JavaThread "jar transforms Thread 39" [_thread_blocked, id=11548, stack(0x0000000766900000,0x0000000766a00000)]
  0x0000011e57d5e800 JavaThread "jar transforms Thread 40" [_thread_blocked, id=17540, stack(0x0000000766a00000,0x0000000766b00000)]
  0x0000011e57d62000 JavaThread "jar transforms Thread 41" [_thread_blocked, id=18492, stack(0x0000000766b00000,0x0000000766c00000)]
  0x0000011e57d5c000 JavaThread "jar transforms Thread 42" [_thread_blocked, id=17864, stack(0x0000000766c00000,0x0000000766d00000)]
  0x0000011e57d67800 JavaThread "jar transforms Thread 43" [_thread_blocked, id=15756, stack(0x0000000766d00000,0x0000000766e00000)]
  0x0000011e57d65000 JavaThread "jar transforms Thread 44" [_thread_blocked, id=16568, stack(0x0000000766e00000,0x0000000766f00000)]
  0x0000011e57d66000 JavaThread "jar transforms Thread 45" [_thread_blocked, id=10332, stack(0x0000000766f00000,0x0000000767000000)]
  0x0000011e57d66800 JavaThread "jar transforms Thread 46" [_thread_blocked, id=18684, stack(0x0000000767000000,0x0000000767100000)]
  0x0000011e57d68800 JavaThread "jar transforms Thread 47" [_thread_blocked, id=7684, stack(0x0000000767100000,0x0000000767200000)]
  0x0000011e57d62800 JavaThread "jar transforms Thread 48" [_thread_blocked, id=19012, stack(0x0000000767200000,0x0000000767300000)]
  0x0000011e57d63800 JavaThread "jar transforms Thread 49" [_thread_blocked, id=19352, stack(0x0000000767300000,0x0000000767400000)]
  0x0000011e57d64800 JavaThread "jar transforms Thread 50" [_thread_blocked, id=1172, stack(0x0000000767400000,0x0000000767500000)]
  0x0000011e59a79000 JavaThread "jar transforms Thread 51" [_thread_blocked, id=17532, stack(0x0000000767500000,0x0000000767600000)]
  0x0000011e59a7b800 JavaThread "jar transforms Thread 52" [_thread_blocked, id=11388, stack(0x0000000767600000,0x0000000767700000)]
  0x0000011e59a7e000 JavaThread "jar transforms Thread 53" [_thread_blocked, id=18548, stack(0x0000000767700000,0x0000000767800000)]
  0x0000011e59a7a000 JavaThread "jar transforms Thread 54" [_thread_blocked, id=18672, stack(0x0000000767800000,0x0000000767900000)]
  0x0000011e59a78800 JavaThread "jar transforms Thread 55" [_thread_blocked, id=19120, stack(0x0000000767900000,0x0000000767a00000)]
  0x0000011e59a7d000 JavaThread "jar transforms Thread 56" [_thread_blocked, id=17508, stack(0x0000000767a00000,0x0000000767b00000)]
  0x0000011e59a80800 JavaThread "jar transforms Thread 57" [_thread_blocked, id=9432, stack(0x0000000767b00000,0x0000000767c00000)]
  0x0000011e59a7c800 JavaThread "jar transforms Thread 58" [_thread_blocked, id=15568, stack(0x0000000767c00000,0x0000000767d00000)]
  0x0000011e59a7a800 JavaThread "jar transforms Thread 59" [_thread_blocked, id=9156, stack(0x0000000767d00000,0x0000000767e00000)]
  0x0000011e59a84800 JavaThread "jar transforms Thread 60" [_thread_blocked, id=15240, stack(0x0000000767e00000,0x0000000767f00000)]
  0x0000011e59a83800 JavaThread "jar transforms Thread 61" [_thread_blocked, id=13404, stack(0x0000000767f00000,0x0000000768000000)]
  0x0000011e59a7f800 JavaThread "jar transforms Thread 62" [_thread_blocked, id=18588, stack(0x0000000768000000,0x0000000768100000)]
  0x0000011e59a83000 JavaThread "jar transforms Thread 63" [_thread_blocked, id=15324, stack(0x0000000768100000,0x0000000768200000)]
  0x0000011e59a7f000 JavaThread "jar transforms Thread 64" [_thread_blocked, id=18536, stack(0x0000000768200000,0x0000000768300000)]
  0x0000011e59a85800 JavaThread "jar transforms Thread 65" [_thread_blocked, id=18936, stack(0x0000000768300000,0x0000000768400000)]
  0x0000011e59a87000 JavaThread "jar transforms Thread 66" [_thread_blocked, id=10672, stack(0x0000000768400000,0x0000000768500000)]
  0x0000011e59a86000 JavaThread "jar transforms Thread 67" [_thread_blocked, id=19356, stack(0x0000000768500000,0x0000000768600000)]
  0x0000011e59a81800 JavaThread "jar transforms Thread 68" [_thread_blocked, id=9944, stack(0x0000000768600000,0x0000000768700000)]
  0x0000011e59a82000 JavaThread "jar transforms Thread 69" [_thread_blocked, id=18700, stack(0x0000000768700000,0x0000000768800000)]
  0x0000011e59ade000 JavaThread "jar transforms Thread 70" [_thread_blocked, id=17860, stack(0x0000000768800000,0x0000000768900000)]
  0x0000011e59adb000 JavaThread "jar transforms Thread 71" [_thread_blocked, id=18544, stack(0x0000000768900000,0x0000000768a00000)]
  0x0000011e59ad8800 JavaThread "jar transforms Thread 72" [_thread_blocked, id=18776, stack(0x0000000768a00000,0x0000000768b00000)]
  0x0000011e59ada000 JavaThread "jar transforms Thread 73" [_thread_blocked, id=7536, stack(0x0000000768b00000,0x0000000768c00000)]
  0x0000011e59adb800 JavaThread "jar transforms Thread 74" [_thread_blocked, id=19404, stack(0x0000000768c00000,0x0000000768d00000)]
  0x0000011e59adc800 JavaThread "jar transforms Thread 75" [_thread_blocked, id=19124, stack(0x0000000768d00000,0x0000000768e00000)]
  0x0000011e59adf000 JavaThread "jar transforms Thread 76" [_thread_blocked, id=18484, stack(0x0000000768e00000,0x0000000768f00000)]
  0x0000011e59add800 JavaThread "jar transforms Thread 77" [_thread_blocked, id=6876, stack(0x0000000768f00000,0x0000000769000000)]
  0x0000011e59ad9800 JavaThread "jar transforms Thread 78" [_thread_blocked, id=19416, stack(0x0000000769000000,0x0000000769100000)]
  0x0000011e59ae1800 JavaThread "jar transforms Thread 79" [_thread_blocked, id=17464, stack(0x0000000769100000,0x0000000769200000)]
  0x0000011e59ae2800 JavaThread "jar transforms Thread 80" [_thread_blocked, id=11024, stack(0x0000000769200000,0x0000000769300000)]
  0x0000011e59ae0800 JavaThread "jar transforms Thread 81" [_thread_blocked, id=8728, stack(0x0000000769300000,0x0000000769400000)]
  0x0000011e59ae3000 JavaThread "jar transforms Thread 82" [_thread_blocked, id=15460, stack(0x0000000769400000,0x0000000769500000)]
  0x0000011e59ae4000 JavaThread "jar transforms Thread 83" [_thread_blocked, id=19156, stack(0x0000000769500000,0x0000000769600000)]
  0x0000011e59ae5800 JavaThread "jar transforms Thread 84" [_thread_blocked, id=19376, stack(0x0000000769600000,0x0000000769700000)]
  0x0000011e59ae0000 JavaThread "jar transforms Thread 85" [_thread_blocked, id=17644, stack(0x0000000769700000,0x0000000769800000)]
  0x0000011e59ae6800 JavaThread "jar transforms Thread 86" [_thread_blocked, id=16520, stack(0x0000000769800000,0x0000000769900000)]
  0x0000011e59ae4800 JavaThread "jar transforms Thread 87" [_thread_blocked, id=16572, stack(0x0000000769900000,0x0000000769a00000)]
  0x0000011e59ae7000 JavaThread "jar transforms Thread 88" [_thread_blocked, id=14220, stack(0x0000000769a00000,0x0000000769b00000)]
  0x0000011e59cf0800 JavaThread "jar transforms Thread 89" [_thread_blocked, id=17348, stack(0x0000000769b00000,0x0000000769c00000)]
  0x0000011e59cf4800 JavaThread "jar transforms Thread 90" [_thread_blocked, id=10252, stack(0x0000000769c00000,0x0000000769d00000)]
  0x0000011e59cf5000 JavaThread "jar transforms Thread 91" [_thread_blocked, id=19076, stack(0x0000000769d00000,0x0000000769e00000)]
  0x0000011e59cf2000 JavaThread "jar transforms Thread 92" [_thread_blocked, id=18888, stack(0x0000000769e00000,0x0000000769f00000)]
  0x0000011e59cf2800 JavaThread "jar transforms Thread 93" [_thread_blocked, id=19056, stack(0x0000000769f00000,0x000000076a000000)]
  0x0000011e59cf6000 JavaThread "jar transforms Thread 94" [_thread_blocked, id=18596, stack(0x000000076a000000,0x000000076a100000)]
  0x0000011e59cf7000 JavaThread "jar transforms Thread 95" [_thread_blocked, id=17328, stack(0x000000076a100000,0x000000076a200000)]
  0x0000011e59cf1000 JavaThread "jar transforms Thread 96" [_thread_blocked, id=19044, stack(0x000000076a200000,0x000000076a300000)]
  0x0000011e59cf7800 JavaThread "jar transforms Thread 97" [_thread_blocked, id=10196, stack(0x000000076a300000,0x000000076a400000)]
  0x0000011e59cf8800 JavaThread "Memory manager" [_thread_blocked, id=17720, stack(0x000000076a400000,0x000000076a500000)]

Other Threads:
=>0x0000011e54535000 VMThread "VM Thread" [stack: 0x0000000761b00000,0x0000000761c00000] [id=16836]
  0x0000011e55054800 WatcherThread [stack: 0x0000000762500000,0x0000000762600000] [id=18448]
  0x0000011e38bb4800 GCTaskThread "GC Thread#0" [stack: 0x0000000761600000,0x0000000761700000] [id=10676]
  0x0000011e55252000 GCTaskThread "GC Thread#1" [stack: 0x0000000762600000,0x0000000762700000] [id=14164]
  0x0000011e565d6000 GCTaskThread "GC Thread#2" [stack: 0x0000000762800000,0x0000000762900000] [id=3596]
  0x0000011e57569800 GCTaskThread "GC Thread#3" [stack: 0x0000000762900000,0x0000000762a00000] [id=9676]
  0x0000011e38be5800 ConcurrentGCThread "G1 Main Marker" [stack: 0x0000000761700000,0x0000000761800000] [id=15232]
  0x0000011e38be7800 ConcurrentGCThread "G1 Conc#0" [stack: 0x0000000761800000,0x0000000761900000] [id=2316]
  0x0000011e38c43800 ConcurrentGCThread "G1 Refine#0" [stack: 0x0000000761900000,0x0000000761a00000] [id=15300]
  0x0000011e38c44800 ConcurrentGCThread "G1 Young RemSet Sampling" [stack: 0x0000000761a00000,0x0000000761b00000] [id=7652]

Threads with active compile tasks:
C2 CompilerThread0  21195 5581       4       org.objectweb.asm.MethodWriter::computeAllFrames (510 bytes)

VM state:at safepoint (normal execution)

VM Mutex/Monitor currently owned by a thread:  ([mutex/lock_event])
[0x0000011e38b96ba0] Threads_lock - owner thread: 0x0000011e54535000
[0x0000011e38b971d0] Heap_lock - owner thread: 0x0000011e55ced800

Heap address: 0x0000000080000000, size: 2048 MB, Compressed Oops mode: 32-bit
Narrow klass base: 0x0000000000000000, Narrow klass shift: 3
Compressed class space size: 1073741824 Address: 0x0000000100000000

Heap:
 garbage-first heap   total 94208K, used 46061K [0x0000000080000000, 0x0000000100000000)
  region size 1024K, 1 young (1024K), 1 survivors (1024K)
 Metaspace       used 61059K, capacity 62543K, committed 62796K, reserved 1103872K
  class space    used 7769K, capacity 8290K, committed 8320K, reserved 1048576K
Heap Regions: E=young(eden), S=young(survivor), O=old, HS=humongous(starts), HC=humongous(continues), CS=collection set, F=free, A=archive, TAMS=top-at-mark-start (previous, next)
|   0|0x0000000080000000, 0x0000000080100000, 0x0000000080100000|100%| O|  |TAMS 0x0000000080100000, 0x0000000080000000| Untracked 
|   1|0x0000000080100000, 0x0000000080200000, 0x0000000080200000|100%| O|  |TAMS 0x0000000080200000, 0x0000000080100000| Untracked 
|   2|0x0000000080200000, 0x0000000080300000, 0x0000000080300000|100%| O|  |TAMS 0x0000000080300000, 0x0000000080200000| Untracked 
|   3|0x0000000080300000, 0x0000000080400000, 0x0000000080400000|100%|HS|  |TAMS 0x0000000080400000, 0x0000000080300000| Complete 
|   4|0x0000000080400000, 0x0000000080500000, 0x0000000080500000|100%|HC|  |TAMS 0x0000000080500000, 0x0000000080400000| Complete 
|   5|0x0000000080500000, 0x0000000080600000, 0x0000000080600000|100%|HC|  |TAMS 0x0000000080600000, 0x0000000080500000| Complete 
|   6|0x0000000080600000, 0x0000000080700000, 0x0000000080700000|100%| O|  |TAMS 0x0000000080700000, 0x0000000080600000| Untracked 
|   7|0x0000000080700000, 0x0000000080800000, 0x0000000080800000|100%| O|  |TAMS 0x0000000080800000, 0x0000000080700000| Untracked 
|   8|0x0000000080800000, 0x0000000080900000, 0x0000000080900000|100%| O|  |TAMS 0x0000000080900000, 0x0000000080800000| Untracked 
|   9|0x0000000080900000, 0x0000000080a00000, 0x0000000080a00000|100%| O|  |TAMS 0x0000000080a00000, 0x0000000080900000| Untracked 
|  10|0x0000000080a00000, 0x0000000080b00000, 0x0000000080b00000|100%| O|  |TAMS 0x0000000080b00000, 0x0000000080a00000| Untracked 
|  11|0x0000000080b00000, 0x0000000080c00000, 0x0000000080c00000|100%| O|  |TAMS 0x0000000080c00000, 0x0000000080b00000| Untracked 
|  12|0x0000000080c00000, 0x0000000080d00000, 0x0000000080d00000|100%| O|  |TAMS 0x0000000080d00000, 0x0000000080c00000| Untracked 
|  13|0x0000000080d00000, 0x0000000080e00000, 0x0000000080e00000|100%| O|  |TAMS 0x0000000080e00000, 0x0000000080d00000| Untracked 
|  14|0x0000000080e00000, 0x0000000080f00000, 0x0000000080f00000|100%| O|  |TAMS 0x0000000080f00000, 0x0000000080e00000| Untracked 
|  15|0x0000000080f00000, 0x0000000081000000, 0x0000000081000000|100%| O|  |TAMS 0x0000000081000000, 0x0000000080f00000| Untracked 
|  16|0x0000000081000000, 0x0000000081100000, 0x0000000081100000|100%| O|  |TAMS 0x0000000081100000, 0x0000000081000000| Untracked 
|  17|0x0000000081100000, 0x0000000081200000, 0x0000000081200000|100%| O|  |TAMS 0x0000000081200000, 0x0000000081100000| Untracked 
|  18|0x0000000081200000, 0x0000000081300000, 0x0000000081300000|100%| O|  |TAMS 0x0000000081300000, 0x0000000081200000| Untracked 
|  19|0x0000000081300000, 0x0000000081400000, 0x0000000081400000|100%|HS|  |TAMS 0x0000000081400000, 0x0000000081300000| Complete 
|  20|0x0000000081400000, 0x0000000081500000, 0x0000000081500000|100%| O|  |TAMS 0x0000000081500000, 0x0000000081400000| Untracked 
|  21|0x0000000081500000, 0x0000000081600000, 0x0000000081600000|100%| O|  |TAMS 0x0000000081600000, 0x0000000081500000| Untracked 
|  22|0x0000000081600000, 0x0000000081700000, 0x0000000081700000|100%| O|  |TAMS 0x0000000081700000, 0x0000000081600000| Untracked 
|  23|0x0000000081700000, 0x0000000081800000, 0x0000000081800000|100%| O|  |TAMS 0x0000000081800000, 0x0000000081700000| Untracked 
|  24|0x0000000081800000, 0x0000000081900000, 0x0000000081900000|100%| O|  |TAMS 0x0000000081900000, 0x0000000081800000| Untracked 
|  25|0x0000000081900000, 0x0000000081a00000, 0x0000000081a00000|100%|HS|  |TAMS 0x0000000081a00000, 0x0000000081900000| Complete 
|  26|0x0000000081a00000, 0x0000000081b00000, 0x0000000081b00000|100%|HC|  |TAMS 0x0000000081b00000, 0x0000000081a00000| Complete 
|  27|0x0000000081b00000, 0x0000000081c00000, 0x0000000081c00000|100%| O|  |TAMS 0x0000000081c00000, 0x0000000081b00000| Untracked 
|  28|0x0000000081c00000, 0x0000000081d00000, 0x0000000081d00000|100%| O|  |TAMS 0x0000000081d00000, 0x0000000081c00000| Untracked 
|  29|0x0000000081d00000, 0x0000000081e00000, 0x0000000081e00000|100%| O|  |TAMS 0x0000000081e00000, 0x0000000081d00000| Untracked 
|  30|0x0000000081e00000, 0x0000000081f00000, 0x0000000081f00000|100%| O|  |TAMS 0x0000000081f00000, 0x0000000081e00000| Untracked 
|  31|0x0000000081f00000, 0x0000000082000000, 0x0000000082000000|100%| O|  |TAMS 0x0000000082000000, 0x0000000081f00000| Untracked 
|  32|0x0000000082000000, 0x0000000082100000, 0x0000000082100000|100%| O|  |TAMS 0x0000000082100000, 0x0000000082000000| Untracked 
|  33|0x0000000082100000, 0x0000000082200000, 0x0000000082200000|100%| O|  |TAMS 0x0000000082200000, 0x0000000082100000| Untracked 
|  34|0x0000000082200000, 0x0000000082300000, 0x0000000082300000|100%| O|  |TAMS 0x0000000082300000, 0x0000000082200000| Untracked 
|  35|0x0000000082300000, 0x0000000082400000, 0x0000000082400000|100%| O|  |TAMS 0x0000000082400000, 0x0000000082300000| Untracked 
|  36|0x0000000082400000, 0x0000000082500000, 0x0000000082500000|100%| O|  |TAMS 0x0000000082500000, 0x0000000082400000| Untracked 
|  37|0x0000000082500000, 0x0000000082600000, 0x0000000082600000|100%| O|  |TAMS 0x0000000082600000, 0x0000000082500000| Untracked 
|  38|0x0000000082600000, 0x0000000082700000, 0x0000000082700000|100%| O|  |TAMS 0x0000000082700000, 0x0000000082600000| Untracked 
|  39|0x0000000082700000, 0x0000000082800000, 0x0000000082800000|100%| O|  |TAMS 0x0000000082800000, 0x0000000082700000| Untracked 
|  40|0x0000000082800000, 0x0000000082900000, 0x0000000082900000|100%| O|  |TAMS 0x0000000082900000, 0x0000000082800000| Untracked 
|  41|0x0000000082900000, 0x0000000082a00000, 0x0000000082a00000|100%| O|  |TAMS 0x0000000082a00000, 0x0000000082900000| Untracked 
|  42|0x0000000082a00000, 0x0000000082b00000, 0x0000000082b00000|100%| O|  |TAMS 0x0000000082a10000, 0x0000000082a00000| Untracked 
|  43|0x0000000082b00000, 0x0000000082c00000, 0x0000000082c00000|100%| O|  |TAMS 0x0000000082b00000, 0x0000000082b00000| Untracked 
|  44|0x0000000082c00000, 0x0000000082c3be00, 0x0000000082d00000| 23%| O|  |TAMS 0x0000000082c00000, 0x0000000082c00000| Untracked 
|  45|0x0000000082d00000, 0x0000000082d00000, 0x0000000082e00000|  0%| F|  |TAMS 0x0000000082d00000, 0x0000000082d00000| Untracked 
|  46|0x0000000082e00000, 0x0000000082e00000, 0x0000000082f00000|  0%| F|  |TAMS 0x0000000082e00000, 0x0000000082e00000| Untracked 
|  47|0x0000000082f00000, 0x0000000082f00000, 0x0000000083000000|  0%| F|  |TAMS 0x0000000082f00000, 0x0000000082f00000| Untracked 
|  48|0x0000000083000000, 0x0000000083000000, 0x0000000083100000|  0%| F|  |TAMS 0x0000000083000000, 0x0000000083000000| Untracked 
|  49|0x0000000083100000, 0x0000000083100000, 0x0000000083200000|  0%| F|  |TAMS 0x0000000083100000, 0x0000000083100000| Untracked 
|  50|0x0000000083200000, 0x0000000083200000, 0x0000000083300000|  0%| F|  |TAMS 0x0000000083200000, 0x0000000083200000| Untracked 
|  51|0x0000000083300000, 0x0000000083300000, 0x0000000083400000|  0%| F|  |TAMS 0x0000000083300000, 0x0000000083300000| Untracked 
|  52|0x0000000083400000, 0x0000000083400000, 0x0000000083500000|  0%| F|  |TAMS 0x0000000083400000, 0x0000000083400000| Untracked 
|  53|0x0000000083500000, 0x0000000083500000, 0x0000000083600000|  0%| F|  |TAMS 0x0000000083500000, 0x0000000083500000| Untracked 
|  54|0x0000000083600000, 0x0000000083600000, 0x0000000083700000|  0%| F|  |TAMS 0x0000000083600000, 0x0000000083600000| Untracked 
|  55|0x0000000083700000, 0x0000000083700000, 0x0000000083800000|  0%| F|  |TAMS 0x0000000083700000, 0x0000000083700000| Untracked 
|  56|0x0000000083800000, 0x0000000083800000, 0x0000000083900000|  0%| F|  |TAMS 0x0000000083800000, 0x0000000083800000| Untracked 
|  57|0x0000000083900000, 0x0000000083900000, 0x0000000083a00000|  0%| F|  |TAMS 0x0000000083900000, 0x0000000083900000| Untracked 
|  58|0x0000000083a00000, 0x0000000083abf6c0, 0x0000000083b00000| 74%| S|CS|TAMS 0x0000000083a00000, 0x0000000083a00000| Complete 
|  59|0x0000000083b00000, 0x0000000083b00000, 0x0000000083c00000|  0%| F|  |TAMS 0x0000000083b00000, 0x0000000083b00000| Untracked 
|  60|0x0000000083c00000, 0x0000000083c00000, 0x0000000083d00000|  0%| F|  |TAMS 0x0000000083c00000, 0x0000000083c00000| Untracked 
|  61|0x0000000083d00000, 0x0000000083d00000, 0x0000000083e00000|  0%| F|  |TAMS 0x0000000083d00000, 0x0000000083d00000| Untracked 
|  62|0x0000000083e00000, 0x0000000083e00000, 0x0000000083f00000|  0%| F|  |TAMS 0x0000000083e00000, 0x0000000083e00000| Untracked 
|  63|0x0000000083f00000, 0x0000000083f00000, 0x0000000084000000|  0%| F|  |TAMS 0x0000000083f00000, 0x0000000083f00000| Untracked 
|  64|0x0000000084000000, 0x0000000084000000, 0x0000000084100000|  0%| F|  |TAMS 0x0000000084000000, 0x0000000084000000| Untracked 
|  65|0x0000000084100000, 0x0000000084100000, 0x0000000084200000|  0%| F|  |TAMS 0x0000000084100000, 0x0000000084100000| Untracked 
|  66|0x0000000084200000, 0x0000000084200000, 0x0000000084300000|  0%| F|  |TAMS 0x0000000084200000, 0x0000000084200000| Untracked 
|  67|0x0000000084300000, 0x0000000084300000, 0x0000000084400000|  0%| F|  |TAMS 0x0000000084300000, 0x0000000084300000| Untracked 
|  68|0x0000000084400000, 0x0000000084400000, 0x0000000084500000|  0%| F|  |TAMS 0x0000000084400000, 0x0000000084400000| Untracked 
|  69|0x0000000084500000, 0x0000000084500000, 0x0000000084600000|  0%| F|  |TAMS 0x0000000084500000, 0x0000000084500000| Untracked 
|  70|0x0000000084600000, 0x0000000084600000, 0x0000000084700000|  0%| F|  |TAMS 0x0000000084600000, 0x0000000084600000| Untracked 
|  71|0x0000000084700000, 0x0000000084700000, 0x0000000084800000|  0%| F|  |TAMS 0x0000000084700000, 0x0000000084700000| Untracked 
|  72|0x0000000084800000, 0x0000000084800000, 0x0000000084900000|  0%| F|  |TAMS 0x0000000084800000, 0x0000000084800000| Untracked 
|  73|0x0000000084900000, 0x0000000084900000, 0x0000000084a00000|  0%| F|  |TAMS 0x0000000084900000, 0x0000000084900000| Untracked 
|  74|0x0000000084a00000, 0x0000000084a00000, 0x0000000084b00000|  0%| F|  |TAMS 0x0000000084a00000, 0x0000000084a00000| Untracked 

Card table byte_map: [0x0000011e4d710000,0x0000011e4db10000] _byte_map_base: 0x0000011e4d310000

Marking Bits (Prev, Next): (CMBitMap*) 0x0000011e38bdc848, (CMBitMap*) 0x0000011e38bdc880
 Prev Bits: [0x0000011e4df10000, 0x0000011e4ff10000)
 Next Bits: [0x0000011e4ff10000, 0x0000011e51f10000)

Polling page: 0x0000011e38c70000

Metaspace:

Usage:
  Non-class:     52.98 MB capacity,    52.04 MB ( 98%) used,   828.36 KB (  2%) free+waste,   134.50 KB ( <1%) overhead. 
      Class:      8.10 MB capacity,     7.59 MB ( 94%) used,   457.52 KB (  6%) free+waste,    63.13 KB ( <1%) overhead. 
       Both:     61.08 MB capacity,    59.63 MB ( 98%) used,     1.26 MB (  2%) free+waste,   197.63 KB ( <1%) overhead. 

Virtual space:
  Non-class space:       54.00 MB reserved,      53.20 MB ( 99%) committed 
      Class space:        1.00 GB reserved,       8.13 MB ( <1%) committed 
             Both:        1.05 GB reserved,      61.32 MB (  6%) committed 

Chunk freelists:
   Non-Class:  31.00 KB
       Class:  30.00 KB
        Both:  61.00 KB

MaxMetaspaceSize: 17179869184.00 GB
CompressedClassSpaceSize: 1.00 GB

CodeHeap 'non-profiled nmethods': size=120064Kb used=2497Kb max_used=2497Kb free=117566Kb
 bounds [0x0000011e457a0000, 0x0000011e45a20000, 0x0000011e4cce0000]
CodeHeap 'profiled nmethods': size=120000Kb used=11193Kb max_used=11193Kb free=108807Kb
 bounds [0x0000011e3e270000, 0x0000011e3ed70000, 0x0000011e457a0000]
CodeHeap 'non-nmethods': size=5696Kb used=2233Kb max_used=2276Kb free=3463Kb
 bounds [0x0000011e3dce0000, 0x0000011e3df50000, 0x0000011e3e270000]
 total_blobs=6138 nmethods=5325 adapters=724
 compilation: enabled
              stopped_count=0, restarted_count=0
 full_count=0

Compilation events (20 events):
Event: 21.036 Thread 0x0000011e5459c000 5620 %     3       java.lang.AbstractStringBuilder::appendChars @ 22 (133 bytes)
Event: 21.037 Thread 0x0000011e5459c000 nmethod 5620% 0x0000011e3ed5aa90 code [0x0000011e3ed5acc0, 0x0000011e3ed5b418]
Event: 21.037 Thread 0x0000011e5459c000 5619       3       org.gradle.tooling.internal.provider.runner.ClientForwardingTestOperationListener::started (107 bytes)
Event: 21.039 Thread 0x0000011e5459c000 nmethod 5619 0x0000011e3ed5b690 code [0x0000011e3ed5b980, 0x0000011e3ed5cb48]
Event: 21.039 Thread 0x0000011e5459c000 5621       3       org.objectweb.asm.SymbolTable::hash (12 bytes)
Event: 21.039 Thread 0x0000011e5459c000 nmethod 5621 0x0000011e3ed5cf90 code [0x0000011e3ed5d140, 0x0000011e3ed5d268]
Event: 21.039 Thread 0x0000011e5459c000 5622       3       org.gradle.internal.operations.DefaultBuildOperationExecutor$ListenerAdapter::start (53 bytes)
Event: 21.040 Thread 0x0000011e5459c000 nmethod 5622 0x0000011e3ed5d390 code [0x0000011e3ed5d5c0, 0x0000011e3ed5dd18]
Event: 21.040 Thread 0x0000011e5459c000 5623       3       org.gradle.tooling.internal.provider.runner.BuildOperationParentTracker::started (26 bytes)
Event: 21.040 Thread 0x0000011e5459c000 nmethod 5623 0x0000011e3ed5e090 code [0x0000011e3ed5e260, 0x0000011e3ed5e4a8]
Event: 21.040 Thread 0x0000011e5459c000 5624       3       org.gradle.tooling.internal.provider.runner.ToolingApiBuildEventListenerFactory$1::started (1 bytes)
Event: 21.041 Thread 0x0000011e5459c000 nmethod 5624 0x0000011e3ed5e590 code [0x0000011e3ed5e740, 0x0000011e3ed5e838]
Event: 21.041 Thread 0x0000011e5459c000 5625       3       org.gradle.internal.operations.DefaultBuildOperationRunner$BuildOperationTrackingListener::stop (36 bytes)
Event: 21.041 Thread 0x0000011e5459c000 nmethod 5625 0x0000011e3ed5e910 code [0x0000011e3ed5eb60, 0x0000011e3ed5f4d8]
Event: 21.042 Thread 0x0000011e5459c000 5626       3       org.gradle.internal.operations.DefaultBuildOperationExecutor$ListenerAdapter::stop (76 bytes)
Event: 21.042 Thread 0x0000011e5459c000 nmethod 5626 0x0000011e3ed5f890 code [0x0000011e3ed5fac0, 0x0000011e3ed60248]
Event: 21.042 Thread 0x0000011e5459c000 5627       3       org.gradle.internal.logging.progress.DefaultProgressLoggerFactory$ProgressLoggerImpl::completed (61 bytes)
Event: 21.043 Thread 0x0000011e5459c000 nmethod 5627 0x0000011e3ed60590 code [0x0000011e3ed607e0, 0x0000011e3ed60fb8]
Event: 21.085 Thread 0x0000011e5459c000 5630       2       org.objectweb.asm.SymbolTable::addUninitializedType (103 bytes)
Event: 21.086 Thread 0x0000011e5459c000 nmethod 5630 0x0000011e3ed61310 code [0x0000011e3ed61500, 0x0000011e3ed61898]

GC Heap History (20 events):
Event: 16.268 GC heap after
{Heap after GC invocations=20 (full 0):
 garbage-first heap   total 63488K, used 37270K [0x0000000080000000, 0x0000000100000000)
  region size 1024K, 1 young (1024K), 1 survivors (1024K)
 Metaspace       used 47333K, capacity 48444K, committed 48716K, reserved 1091584K
  class space    used 6026K, capacity 6424K, committed 6528K, reserved 1048576K
}
Event: 16.561 GC heap before
{Heap before GC invocations=20 (full 0):
 garbage-first heap   total 63488K, used 49558K [0x0000000080000000, 0x0000000100000000)
  region size 1024K, 13 young (13312K), 1 survivors (1024K)
 Metaspace       used 49282K, capacity 50382K, committed 50508K, reserved 1093632K
  class space    used 6274K, capacity 6687K, committed 6784K, reserved 1048576K
}
Event: 16.563 GC heap after
{Heap after GC invocations=21 (full 0):
 garbage-first heap   total 63488K, used 37533K [0x0000000080000000, 0x0000000100000000)
  region size 1024K, 1 young (1024K), 1 survivors (1024K)
 Metaspace       used 49282K, capacity 50382K, committed 50508K, reserved 1093632K
  class space    used 6274K, capacity 6687K, committed 6784K, reserved 1048576K
}
Event: 17.182 GC heap before
{Heap before GC invocations=22 (full 0):
 garbage-first heap   total 63488K, used 50845K [0x0000000080000000, 0x0000000100000000)
  region size 1024K, 14 young (14336K), 1 survivors (1024K)
 Metaspace       used 51025K, capacity 52181K, committed 52556K, reserved 1095680K
  class space    used 6507K, capacity 6906K, committed 7040K, reserved 1048576K
}
Event: 17.186 GC heap after
{Heap after GC invocations=23 (full 0):
 garbage-first heap   total 63488K, used 38308K [0x0000000080000000, 0x0000000100000000)
  region size 1024K, 2 young (2048K), 2 survivors (2048K)
 Metaspace       used 51025K, capacity 52181K, committed 52556K, reserved 1095680K
  class space    used 6507K, capacity 6906K, committed 7040K, reserved 1048576K
}
Event: 17.579 GC heap before
{Heap before GC invocations=23 (full 0):
 garbage-first heap   total 63488K, used 50596K [0x0000000080000000, 0x0000000100000000)
  region size 1024K, 14 young (14336K), 2 survivors (2048K)
 Metaspace       used 52867K, capacity 54032K, committed 54220K, reserved 1095680K
  class space    used 6709K, capacity 7132K, committed 7168K, reserved 1048576K
}
Event: 17.584 GC heap after
{Heap after GC invocations=24 (full 0):
 garbage-first heap   total 63488K, used 38560K [0x0000000080000000, 0x0000000100000000)
  region size 1024K, 2 young (2048K), 2 survivors (2048K)
 Metaspace       used 52867K, capacity 54032K, committed 54220K, reserved 1095680K
  class space    used 6709K, capacity 7132K, committed 7168K, reserved 1048576K
}
Event: 17.949 GC heap before
{Heap before GC invocations=25 (full 0):
 garbage-first heap   total 63488K, used 50848K [0x0000000080000000, 0x0000000100000000)
  region size 1024K, 14 young (14336K), 2 survivors (2048K)
 Metaspace       used 54880K, capacity 56115K, committed 56396K, reserved 1097728K
  class space    used 6996K, capacity 7442K, committed 7552K, reserved 1048576K
}
Event: 17.954 GC heap after
{Heap after GC invocations=26 (full 0):
 garbage-first heap   total 63488K, used 39228K [0x0000000080000000, 0x0000000100000000)
  region size 1024K, 2 young (2048K), 2 survivors (2048K)
 Metaspace       used 54880K, capacity 56115K, committed 56396K, reserved 1097728K
  class space    used 6996K, capacity 7442K, committed 7552K, reserved 1048576K
}
Event: 18.144 GC heap before
{Heap before GC invocations=26 (full 0):
 garbage-first heap   total 63488K, used 50492K [0x0000000080000000, 0x0000000100000000)
  region size 1024K, 14 young (14336K), 2 survivors (2048K)
 Metaspace       used 56043K, capacity 57382K, committed 57548K, reserved 1099776K
  class space    used 7129K, capacity 7587K, committed 7680K, reserved 1048576K
}
Event: 18.151 GC heap after
{Heap after GC invocations=27 (full 0):
 garbage-first heap   total 63488K, used 40807K [0x0000000080000000, 0x0000000100000000)
  region size 1024K, 2 young (2048K), 2 survivors (2048K)
 Metaspace       used 56043K, capacity 57382K, committed 57548K, reserved 1099776K
  class space    used 7129K, capacity 7587K, committed 7680K, reserved 1048576K
}
Event: 18.411 GC heap before
{Heap before GC invocations=28 (full 0):
 garbage-first heap   total 63488K, used 52071K [0x0000000080000000, 0x0000000100000000)
  region size 1024K, 13 young (13312K), 2 survivors (2048K)
 Metaspace       used 57203K, capacity 58596K, committed 58700K, reserved 1099776K
  class space    used 7281K, capacity 7751K, committed 7808K, reserved 1048576K
}
Event: 18.434 GC heap after
{Heap after GC invocations=29 (full 0):
 garbage-first heap   total 76800K, used 41794K [0x0000000080000000, 0x0000000100000000)
  region size 1024K, 1 young (1024K), 1 survivors (1024K)
 Metaspace       used 57203K, capacity 58596K, committed 58700K, reserved 1099776K
  class space    used 7281K, capacity 7751K, committed 7808K, reserved 1048576K
}
Event: 18.794 GC heap before
{Heap before GC invocations=29 (full 0):
 garbage-first heap   total 76800K, used 51010K [0x0000000080000000, 0x0000000100000000)
  region size 1024K, 11 young (11264K), 1 survivors (1024K)
 Metaspace       used 58197K, capacity 59664K, committed 59852K, reserved 1101824K
  class space    used 7389K, capacity 7891K, committed 7936K, reserved 1048576K
}
Event: 18.801 GC heap after
{Heap after GC invocations=30 (full 0):
 garbage-first heap   total 76800K, used 42623K [0x0000000080000000, 0x0000000100000000)
  region size 1024K, 2 young (2048K), 2 survivors (2048K)
 Metaspace       used 58197K, capacity 59664K, committed 59852K, reserved 1101824K
  class space    used 7389K, capacity 7891K, committed 7936K, reserved 1048576K
}
Event: 20.125 GC heap before
{Heap before GC invocations=31 (full 0):
 garbage-first heap   total 76800K, used 57983K [0x0000000080000000, 0x0000000100000000)
  region size 1024K, 16 young (16384K), 2 survivors (2048K)
 Metaspace       used 59244K, capacity 60640K, committed 60748K, reserved 1101824K
  class space    used 7529K, capacity 7996K, committed 8064K, reserved 1048576K
}
Event: 20.133 GC heap after
{Heap after GC invocations=32 (full 0):
 garbage-first heap   total 76800K, used 43319K [0x0000000080000000, 0x0000000100000000)
  region size 1024K, 2 young (2048K), 2 survivors (2048K)
 Metaspace       used 59244K, capacity 60640K, committed 60748K, reserved 1101824K
  class space    used 7529K, capacity 7996K, committed 8064K, reserved 1048576K
}
Event: 20.441 GC heap before
{Heap before GC invocations=32 (full 0):
 garbage-first heap   total 76800K, used 57655K [0x0000000080000000, 0x0000000100000000)
  region size 1024K, 16 young (16384K), 2 survivors (2048K)
 Metaspace       used 59314K, capacity 60744K, committed 61004K, reserved 1101824K
  class space    used 7538K, capacity 8032K, committed 8064K, reserved 1048576K
}
Event: 20.449 GC heap after
{Heap after GC invocations=33 (full 0):
 garbage-first heap   total 76800K, used 45120K [0x0000000080000000, 0x0000000100000000)
  region size 1024K, 2 young (2048K), 2 survivors (2048K)
 Metaspace       used 59314K, capacity 60744K, committed 61004K, reserved 1101824K
  class space    used 7538K, capacity 8032K, committed 8064K, reserved 1048576K
}
Event: 21.102 GC heap before
{Heap before GC invocations=34 (full 0):
 garbage-first heap   total 76800K, used 59456K [0x0000000080000000, 0x0000000100000000)
  region size 1024K, 16 young (16384K), 2 survivors (2048K)
 Metaspace       used 61059K, capacity 62543K, committed 62796K, reserved 1103872K
  class space    used 7769K, capacity 8290K, committed 8320K, reserved 1048576K
}

Deoptimization events (20 events):
Event: 19.098 Thread 0x0000011e55ced800 Uncommon trap: trap_request=0xffffff4d fr.pc=0x0000011e457ddeec relative=0x00000000000000cc
Event: 19.098 Thread 0x0000011e55ced800 Uncommon trap: reason=unstable_if action=reinterpret pc=0x0000011e457ddeec method=java.lang.String.getBytes([BIB)V @ 5 c2
Event: 19.098 Thread 0x0000011e55ced800 DEOPT PACKING pc=0x0000011e457ddeec sp=0x00000007631f6900
Event: 19.098 Thread 0x0000011e55ced800 DEOPT UNPACKING pc=0x0000011e3dd074af sp=0x00000007631f68a8 mode 2
Event: 19.102 Thread 0x0000011e55ced800 Uncommon trap: trap_request=0xffffff4d fr.pc=0x0000011e457ab3d4 relative=0x0000000000000034
Event: 19.102 Thread 0x0000011e55ced800 Uncommon trap: reason=unstable_if action=reinterpret pc=0x0000011e457ab3d4 method=java.lang.StringLatin1.canEncode(I)Z @ 4 c2
Event: 19.102 Thread 0x0000011e55ced800 DEOPT PACKING pc=0x0000011e457ab3d4 sp=0x00000007631f6b20
Event: 19.102 Thread 0x0000011e55ced800 DEOPT UNPACKING pc=0x0000011e3dd074af sp=0x00000007631f6ab0 mode 2
Event: 19.550 Thread 0x0000011e55ced800 DEOPT PACKING pc=0x0000011e3e857586 sp=0x00000007631f70d0
Event: 19.551 Thread 0x0000011e55ced800 DEOPT UNPACKING pc=0x0000011e3dd072ce sp=0x00000007631f65c8 mode 0
Event: 19.552 Thread 0x0000011e55ced800 DEOPT PACKING pc=0x0000011e3e857586 sp=0x00000007631f7030
Event: 19.552 Thread 0x0000011e55ced800 DEOPT UNPACKING pc=0x0000011e3dd072ce sp=0x00000007631f6528 mode 0
Event: 19.565 Thread 0x0000011e55ced800 DEOPT PACKING pc=0x0000011e3e857586 sp=0x00000007631f6a40
Event: 19.565 Thread 0x0000011e55ced800 DEOPT UNPACKING pc=0x0000011e3dd072ce sp=0x00000007631f5f38 mode 0
Event: 20.391 Thread 0x0000011e55ced800 Uncommon trap: trap_request=0xffffff4d fr.pc=0x0000011e458be49c relative=0x00000000000009bc
Event: 20.391 Thread 0x0000011e55ced800 Uncommon trap: reason=unstable_if action=reinterpret pc=0x0000011e458be49c method=java.util.WeakHashMap.eq(Ljava/lang/Object;Ljava/lang/Object;)Z @ 2 c2
Event: 20.391 Thread 0x0000011e55ced800 DEOPT PACKING pc=0x0000011e458be49c sp=0x00000007631f42d0
Event: 20.391 Thread 0x0000011e55ced800 DEOPT UNPACKING pc=0x0000011e3dd074af sp=0x00000007631f4240 mode 2
Event: 20.560 Thread 0x0000011e55ced800 DEOPT PACKING pc=0x0000011e3e699a11 sp=0x00000007631f84e0
Event: 20.560 Thread 0x0000011e55ced800 DEOPT UNPACKING pc=0x0000011e3dd072ce sp=0x00000007631f79c0 mode 0

Classes redefined (0 events):
No events

Internal exceptions (20 events):
Event: 20.391 Thread 0x0000011e55ced800 Exception <a 'java/lang/ClassNotFoundException'{0x00000000842fce70}: org/gradle/api/internal/FactoryNamedDomainObjectContainerCustomizer> (0x00000000842fce70) thrown at [./src/hotspot/share/classfile/systemDictionary.cpp, line 231]
Event: 20.393 Thread 0x0000011e55ced800 Exception <a 'java/lang/ClassNotFoundException'{0x0000000084135458}: org/gradle/api/internal/FactoryNamedDomainObjectContainer_DecoratedCustomizer> (0x0000000084135458) thrown at [./src/hotspot/share/classfile/systemDictionary.cpp, line 231]
Event: 20.407 Thread 0x0000011e55ced800 Exception <a 'java/lang/ClassNotFoundException'{0x000000008409d170}: com/android/build/gradle/internal/dsl/BuildType_DecoratedBeanInfo> (0x000000008409d170) thrown at [./src/hotspot/share/classfile/systemDictionary.cpp, line 231]
Event: 20.408 Thread 0x0000011e55ced800 Exception <a 'java/lang/ClassNotFoundException'{0x00000000840b4aa8}: com/android/build/gradle/internal/dsl/BuildTypeBeanInfo> (0x00000000840b4aa8) thrown at [./src/hotspot/share/classfile/systemDictionary.cpp, line 231]
Event: 20.409 Thread 0x0000011e55ced800 Exception <a 'java/lang/ClassNotFoundException'{0x00000000840cb9d8}: com/android/builder/core/AbstractBuildTypeBeanInfo> (0x00000000840cb9d8) thrown at [./src/hotspot/share/classfile/systemDictionary.cpp, line 231]
Event: 20.409 Thread 0x0000011e55ced800 Exception <a 'java/lang/ClassNotFoundException'{0x00000000840e3178}: com/android/builder/core/AbstractBuildTypeCustomizer> (0x00000000840e3178) thrown at [./src/hotspot/share/classfile/systemDictionary.cpp, line 231]
Event: 20.411 Thread 0x0000011e55ced800 Exception <a 'java/lang/ClassNotFoundException'{0x0000000083f17488}: com/android/build/gradle/internal/dsl/BuildTypeCustomizer> (0x0000000083f17488) thrown at [./src/hotspot/share/classfile/systemDictionary.cpp, line 231]
Event: 20.415 Thread 0x0000011e55ced800 Exception <a 'java/lang/ClassNotFoundException'{0x0000000083f9e460}: com/android/build/gradle/internal/dsl/BuildType_DecoratedCustomizer> (0x0000000083f9e460) thrown at [./src/hotspot/share/classfile/systemDictionary.cpp, line 231]
Event: 20.422 Thread 0x0000011e55ced800 Exception <a 'java/lang/ClassNotFoundException'{0x0000000083e597a8}: build_85rz5pvj0259qn2mqclfzfzsv$_run_closure1$_closure4BeanInfo> (0x0000000083e597a8) thrown at [./src/hotspot/share/classfile/systemDictionary.cpp, line 231]
Event: 20.423 Thread 0x0000011e55ced800 Exception <a 'java/lang/ClassNotFoundException'{0x0000000083e69a30}: build_85rz5pvj0259qn2mqclfzfzsv$_run_closure1$_closure4Customizer> (0x0000000083e69a30) thrown at [./src/hotspot/share/classfile/systemDictionary.cpp, line 231]
Event: 20.425 Thread 0x0000011e55ced800 Exception <a 'java/lang/ClassNotFoundException'{0x0000000083e91068}: build_85rz5pvj0259qn2mqclfzfzsv$_run_closure1BeanInfo> (0x0000000083e91068) thrown at [./src/hotspot/share/classfile/systemDictionary.cpp, line 231]
Event: 20.425 Thread 0x0000011e55ced800 Exception <a 'java/lang/ClassNotFoundException'{0x0000000083ea0a70}: build_85rz5pvj0259qn2mqclfzfzsv$_run_closure1Customizer> (0x0000000083ea0a70) thrown at [./src/hotspot/share/classfile/systemDictionary.cpp, line 231]
Event: 20.432 Thread 0x0000011e55ced800 Exception <a 'java/lang/ClassNotFoundException'{0x0000000083ef8430}: org/gradle/api/JavaVersionBeanInfo> (0x0000000083ef8430) thrown at [./src/hotspot/share/classfile/systemDictionary.cpp, line 231]
Event: 20.432 Thread 0x0000011e55ced800 Exception <a 'java/lang/ClassNotFoundException'{0x0000000083d03d70}: java/lang/EnumBeanInfo> (0x0000000083d03d70) thrown at [./src/hotspot/share/classfile/systemDictionary.cpp, line 231]
Event: 20.432 Thread 0x0000011e55ced800 Exception <a 'java/lang/ClassNotFoundException'{0x0000000083d0f298}: java/lang/EnumCustomizer> (0x0000000083d0f298) thrown at [./src/hotspot/share/classfile/systemDictionary.cpp, line 231]
Event: 20.434 Thread 0x0000011e55ced800 Exception <a 'java/lang/ClassNotFoundException'{0x0000000083d3a478}: org/gradle/api/JavaVersionCustomizer> (0x0000000083d3a478) thrown at [./src/hotspot/share/classfile/systemDictionary.cpp, line 231]
Event: 20.438 Thread 0x0000011e55ced800 Exception <a 'java/lang/ClassNotFoundException'{0x0000000083d897b8}: com/android/build/gradle/internal/CompileOptions_DecoratedBeanInfo> (0x0000000083d897b8) thrown at [./src/hotspot/share/classfile/systemDictionary.cpp, line 231]
Event: 20.439 Thread 0x0000011e55ced800 Exception <a 'java/lang/ClassNotFoundException'{0x0000000083da0108}: com/android/build/gradle/internal/CompileOptionsBeanInfo> (0x0000000083da0108) thrown at [./src/hotspot/share/classfile/systemDictionary.cpp, line 231]
Event: 20.439 Thread 0x0000011e55ced800 Exception <a 'java/lang/ClassNotFoundException'{0x0000000083db6df0}: com/android/build/gradle/internal/CompileOptionsCustomizer> (0x0000000083db6df0) thrown at [./src/hotspot/share/classfile/systemDictionary.cpp, line 231]
Event: 20.440 Thread 0x0000011e55ced800 Exception <a 'java/lang/ClassNotFoundException'{0x0000000083dda448}: com/android/build/gradle/internal/CompileOptions_DecoratedCustomizer> (0x0000000083dda448) thrown at [./src/hotspot/share/classfile/systemDictionary.cpp, line 231]

Events (20 events):
Event: 21.071 loading class com/android/build/gradle/internal/core/VariantDslInfoImpl$functionalTest$2 done
Event: 21.072 loading class com/android/build/gradle/internal/core/VariantDslInfoImpl$testLabel$1
Event: 21.072 loading class com/android/build/gradle/internal/core/VariantDslInfoImpl$testLabel$1 done
Event: 21.072 loading class com/android/build/api/component/impl/AndroidTestImpl$buildConfigFields$2
Event: 21.072 loading class com/android/build/api/component/impl/AndroidTestImpl$buildConfigFields$2 done
Event: 21.073 loading class com/android/build/api/component/impl/AndroidTestImpl$signingConfig$2
Event: 21.073 loading class com/android/build/api/component/impl/AndroidTestImpl$signingConfig$2 done
Event: 21.074 loading class com/android/build/api/component/impl/AndroidTestImpl$resValues$2
Event: 21.074 loading class com/android/build/api/component/impl/AndroidTestImpl$resValues$2 done
Event: 21.076 loading class com/android/build/api/component/analytics/AnalyticsEnabledAndroidTest
Event: 21.076 loading class com/android/build/api/component/analytics/AnalyticsEnabledAndroidTest done
Event: 21.078 loading class com/android/build/api/component/analytics/AnalyticsEnabledTestComponent
Event: 21.078 loading class com/android/build/api/component/analytics/AnalyticsEnabledTestComponent done
Event: 21.094 loading class com/android/build/api/component/analytics/AnalyticsEnabledAndroidTest$userVisiblePackagingOptions$2
Event: 21.094 loading class com/android/build/api/component/analytics/AnalyticsEnabledAndroidTest$userVisiblePackagingOptions$2 done
Event: 21.097 loading class com/android/build/api/component/impl/UnitTestBuilderImpl
Event: 21.097 loading class com/android/build/api/component/impl/UnitTestBuilderImpl done
Event: 21.099 loading class com/android/build/api/component/UnitTestBuilder
Event: 21.099 loading class com/android/build/api/component/UnitTestBuilder done
Event: 21.102 Executing VM operation: G1CollectForAllocation


Dynamic libraries:
0x00007ff787cc0000 - 0x00007ff787cca000 	C:\Program Files\Android\Android Studio\jre\bin\java.exe
0x00007ffef2800000 - 0x00007ffef29f0000 	C:\WINDOWS\SYSTEM32\ntdll.dll
0x00007ffef1040000 - 0x00007ffef10f2000 	C:\WINDOWS\System32\KERNEL32.DLL
0x00007ffef0270000 - 0x00007ffef0515000 	C:\WINDOWS\System32\KERNELBASE.dll
0x00007ffeef810000 - 0x00007ffeef90a000 	C:\WINDOWS\System32\ucrtbase.dll
0x00007ffeb7ea0000 - 0x00007ffeb7eb9000 	C:\Program Files\Android\Android Studio\jre\bin\jli.dll
0x00007ffed7d90000 - 0x00007ffed7da7000 	C:\Program Files\Android\Android Studio\jre\bin\VCRUNTIME140.dll
0x00007ffef2130000 - 0x00007ffef22c4000 	C:\WINDOWS\System32\USER32.dll
0x00007ffef0650000 - 0x00007ffef0671000 	C:\WINDOWS\System32\win32u.dll
0x00007ffef1180000 - 0x00007ffef11a6000 	C:\WINDOWS\System32\GDI32.dll
0x00007ffef0710000 - 0x00007ffef08a8000 	C:\WINDOWS\System32\gdi32full.dll
0x00007ffeef770000 - 0x00007ffeef80e000 	C:\WINDOWS\System32\msvcp_win.dll
0x00007ffedccb0000 - 0x00007ffedcf34000 	C:\WINDOWS\WinSxS\amd64_microsoft.windows.common-controls_6595b64144ccf1df_6.0.18362.1440_none_9e7dbfb9e45e8e67\COMCTL32.dll
0x00007ffef1f40000 - 0x00007ffef1fde000 	C:\WINDOWS\System32\msvcrt.dll
0x00007ffef1a70000 - 0x00007ffef1da6000 	C:\WINDOWS\System32\combase.dll
0x00007ffef24b0000 - 0x00007ffef25cf000 	C:\WINDOWS\System32\RPCRT4.dll
0x00007ffef0680000 - 0x00007ffef0701000 	C:\WINDOWS\System32\bcryptPrimitives.dll
0x00007ffef2480000 - 0x00007ffef24ae000 	C:\WINDOWS\System32\IMM32.DLL
0x00007ffea3c40000 - 0x00007ffea3cdd000 	C:\Program Files\Android\Android Studio\jre\bin\msvcp140.dll
0x00007ffea9d20000 - 0x00007ffeaa7dc000 	C:\Program Files\Android\Android Studio\jre\bin\server\jvm.dll
0x00007ffef1fe0000 - 0x00007ffef2083000 	C:\WINDOWS\System32\ADVAPI32.dll
0x00007ffef26c0000 - 0x00007ffef2757000 	C:\WINDOWS\System32\sechost.dll
0x00007ffef2120000 - 0x00007ffef2128000 	C:\WINDOWS\System32\PSAPI.DLL
0x00007ffeebdb0000 - 0x00007ffeebdd4000 	C:\WINDOWS\SYSTEM32\WINMM.dll
0x00007ffedb0a0000 - 0x00007ffedb0a9000 	C:\WINDOWS\SYSTEM32\WSOCK32.dll
0x00007ffee7b10000 - 0x00007ffee7b1a000 	C:\WINDOWS\SYSTEM32\VERSION.dll
0x00007ffef2650000 - 0x00007ffef26bf000 	C:\WINDOWS\System32\WS2_32.dll
0x00007ffeebd80000 - 0x00007ffeebdad000 	C:\WINDOWS\SYSTEM32\WINMMBASE.dll
0x00007ffef0520000 - 0x00007ffef056a000 	C:\WINDOWS\System32\cfgmgr32.dll
0x00007ffeef6c0000 - 0x00007ffeef6d1000 	C:\WINDOWS\System32\kernel.appcore.dll
0x00007ffea9d00000 - 0x00007ffea9d11000 	C:\Program Files\Android\Android Studio\jre\bin\verify.dll
0x00007ffeedf80000 - 0x00007ffeee174000 	C:\WINDOWS\SYSTEM32\DBGHELP.DLL
0x00007ffeda520000 - 0x00007ffeda54a000 	C:\WINDOWS\SYSTEM32\dbgcore.DLL
0x00007ffea9cd0000 - 0x00007ffea9cf9000 	C:\Program Files\Android\Android Studio\jre\bin\java.dll
0x00007ffea9cc0000 - 0x00007ffea9ccb000 	C:\Program Files\Android\Android Studio\jre\bin\jimage.dll
0x00007ffea9ca0000 - 0x00007ffea9cb8000 	C:\Program Files\Android\Android Studio\jre\bin\zip.dll
0x00007ffef1380000 - 0x00007ffef1a68000 	C:\WINDOWS\System32\SHELL32.dll
0x00007ffef0f90000 - 0x00007ffef1037000 	C:\WINDOWS\System32\shcore.dll
0x00007ffeefa90000 - 0x00007ffef020b000 	C:\WINDOWS\System32\windows.storage.dll
0x00007ffeef6e0000 - 0x00007ffeef6fe000 	C:\WINDOWS\System32\profapi.dll
0x00007ffeef700000 - 0x00007ffeef74a000 	C:\WINDOWS\System32\powrprof.dll
0x00007ffeef6b0000 - 0x00007ffeef6c0000 	C:\WINDOWS\System32\UMPDC.dll
0x00007ffef0980000 - 0x00007ffef09d2000 	C:\WINDOWS\System32\shlwapi.dll
0x00007ffeefa70000 - 0x00007ffeefa87000 	C:\WINDOWS\System32\cryptsp.dll
0x00007ffea9c80000 - 0x00007ffea9c9a000 	C:\Program Files\Android\Android Studio\jre\bin\net.dll
0x00007ffee0420000 - 0x00007ffee051a000 	C:\WINDOWS\SYSTEM32\WINHTTP.dll
0x00007ffeeee90000 - 0x00007ffeeeef7000 	C:\WINDOWS\system32\mswsock.dll
0x00007ffea9c60000 - 0x00007ffea9c74000 	C:\Program Files\Android\Android Studio\jre\bin\nio.dll
0x00007ffebff20000 - 0x00007ffebff47000 	C:\Users\Amjad Khan\.gradle\native\fdc75f09e3144964f2cf3f50f0aa648679c211496f362492102eb8c894070792\windows-amd64\native-platform.dll
0x00007ffea8950000 - 0x00007ffea8ae6000 	C:\Users\Amjad Khan\.gradle\native\12488b8bf47d2d4c9fbf2f6322a914ad602e24e48041cd04a747c6da556b65c4\windows-amd64\native-platform-file-events.dll
0x00007ffea9b00000 - 0x00007ffea9b0a000 	C:\Program Files\Android\Android Studio\jre\bin\management.dll
0x00007ffea9af0000 - 0x00007ffea9afc000 	C:\Program Files\Android\Android Studio\jre\bin\management_ext.dll
0x00007ffeeea10000 - 0x00007ffeeea43000 	C:\WINDOWS\system32\rsaenh.dll
0x00007ffef0620000 - 0x00007ffef0646000 	C:\WINDOWS\System32\bcrypt.dll
0x00007ffeef590000 - 0x00007ffeef5b5000 	C:\WINDOWS\SYSTEM32\USERENV.dll
0x00007ffeef060000 - 0x00007ffeef06c000 	C:\WINDOWS\SYSTEM32\CRYPTBASE.dll
0x00007ffeeeba0000 - 0x00007ffeeebda000 	C:\WINDOWS\SYSTEM32\IPHLPAPI.DLL
0x00007ffef1370000 - 0x00007ffef1378000 	C:\WINDOWS\System32\NSI.dll
0x00007ffee5fd0000 - 0x00007ffee5fe6000 	C:\WINDOWS\SYSTEM32\dhcpcsvc6.DLL
0x00007ffee5ab0000 - 0x00007ffee5acc000 	C:\WINDOWS\SYSTEM32\dhcpcsvc.DLL
0x00007ffeeebe0000 - 0x00007ffeeecab000 	C:\WINDOWS\SYSTEM32\DNSAPI.dll
0x00007ffee68c0000 - 0x00007ffee68cb000 	C:\WINDOWS\SYSTEM32\WINNSI.DLL

dbghelp: loaded successfully - version: 4.0.5 - missing functions: none
symbol engine: initialized successfully - sym options: 0x614 - pdb path: .;C:\Program Files\Android\Android Studio\jre\bin;C:\WINDOWS\SYSTEM32;C:\WINDOWS\WinSxS\amd64_microsoft.windows.common-controls_6595b64144ccf1df_6.0.18362.1440_none_9e7dbfb9e45e8e67;C:\Program Files\Android\Android Studio\jre\bin\server;C:\Users\Amjad Khan\.gradle\native\fdc75f09e3144964f2cf3f50f0aa648679c211496f362492102eb8c894070792\windows-amd64;C:\Users\Amjad Khan\.gradle\native\12488b8bf47d2d4c9fbf2f6322a914ad602e24e48041cd04a747c6da556b65c4\windows-amd64

VM Arguments:
jvm_args: --add-opens=java.base/java.util=ALL-UNNAMED --add-opens=java.base/java.lang=ALL-UNNAMED --add-opens=java.base/java.lang.invoke=ALL-UNNAMED --add-opens=java.prefs/java.util.prefs=ALL-UNNAMED -Xmx2048m -Dfile.encoding=UTF-8 -Duser.country=US -Duser.language=en -Duser.variant 
java_command: org.gradle.launcher.daemon.bootstrap.GradleDaemon 6.7.1
java_class_path (initial): C:\Users\Amjad Khan\.gradle\wrapper\dists\gradle-6.7.1-bin\bwlcbys1h7rz3272sye1xwiv6\gradle-6.7.1\lib\gradle-launcher-6.7.1.jar
Launcher Type: SUN_STANDARD

[Global flags]
     intx CICompilerCount                          = 3                                         {product} {ergonomic}
     uint ConcGCThreads                            = 1                                         {product} {ergonomic}
     uint G1ConcRefinementThreads                  = 4                                         {product} {ergonomic}
   size_t G1HeapRegionSize                         = 1048576                                   {product} {ergonomic}
    uintx GCDrainStackTargetSize                   = 64                                        {product} {ergonomic}
   size_t InitialHeapSize                          = 65011712                                  {product} {ergonomic}
   size_t MarkStackSize                            = 4194304                                   {product} {ergonomic}
   size_t MaxHeapSize                              = 2147483648                                {product} {command line}
   size_t MaxNewSize                               = 1287651328                                {product} {ergonomic}
   size_t MinHeapDeltaBytes                        = 1048576                                   {product} {ergonomic}
    uintx NonNMethodCodeHeapSize                   = 5830732                                {pd product} {ergonomic}
    uintx NonProfiledCodeHeapSize                  = 122913754                              {pd product} {ergonomic}
    uintx ProfiledCodeHeapSize                     = 122913754                              {pd product} {ergonomic}
    uintx ReservedCodeCacheSize                    = 251658240                              {pd product} {ergonomic}
     bool SegmentedCodeCache                       = true                                      {product} {ergonomic}
     bool UseCompressedClassPointers               = true                                 {lp64_product} {ergonomic}
     bool UseCompressedOops                        = true                                 {lp64_product} {ergonomic}
     bool UseG1GC                                  = true                                      {product} {ergonomic}
     bool UseLargePagesIndividualAllocation        = false                                  {pd product} {ergonomic}

Logging:
Log output configuration:
 #0: stdout all=warning uptime,level,tags
 #1: stderr all=off uptime,level,tags

Environment Variables:
PATH=C:\Program Files (x86)\Common Files\Oracle\Java\javapath;C:\WINDOWS\system32;C:\WINDOWS;C:\WINDOWS\System32\Wbem;C:\WINDOWS\System32\WindowsPowerShell\v1.0\;C:\WINDOWS\System32\OpenSSH\;C:\Program Files\swipl\bin;C:\Program Files\Microsoft SQL Server\130\Tools\Binn\;C:\Program Files\dotnet\;C:\Program Files\Microsoft SQL Server\Client SDK\ODBC\170\Tools\Binn\;C:\Program Files (x86)\Microsoft SQL Server\150\Tools\Binn\;C:\Program Files\Microsoft SQL Server\150\Tools\Binn\;C:\Program Files\Microsoft SQL Server\150\DTS\Binn\;C:\Program Files (x86)\Microsoft SQL Server\150\DTS\Binn\;C:\Program Files\Azure Data Studio\bin;C:\Users\Amjad Khan\Desktop\jdk-16.0.1\bin;C:\Users\Amjad Khan\AppData\Local\Microsoft\WindowsApps;;C:\Program Files\Azure Data Studio\bin
USERNAME=Amjad Khan
OS=Windows_NT
PROCESSOR_IDENTIFIER=Intel64 Family 6 Model 142 Stepping 9, GenuineIntel



---------------  S Y S T E M  ---------------

OS: Windows 10 , 64 bit Build 18362 (10.0.18362.1350)
OS uptime: 0 days 0:18 hours

CPU:total 4 (initial active 4) (2 cores per cpu, 2 threads per core) family 6 model 142 stepping 9, cmov, cx8, fxsr, mmx, sse, sse2, sse3, ssse3, sse4.1, sse4.2, popcnt, avx, avx2, aes, clmul, erms, 3dnowpref, lzcnt, ht, tsc, tscinvbit, bmi1, bmi2, adx, fma

Memory: 4k page, system-wide physical 3961M (181M free)
TotalPageFile size 16249M (AvailPageFile size 7M)
current process WorkingSet (physical memory assigned to process): 196M, peak: 218M
current process commit charge ("private bytes"): 281M, peak: 299M

vm_info: OpenJDK 64-Bit Server VM (11.0.8+10-b944.6842174) for windows-amd64 JRE (11.0.8+10-b944.6842174), built on Sep 19 2020 01:11:42 by "builder" with MS VC++ 14.0 (VS2015)

END.
