#
# There is insufficient memory for the Java Runtime Environment to continue.
# Native memory allocation (malloc) failed to allocate 1961456 bytes for Chunk::new
# Possible reasons:
#   The system is out of physical RAM or swap space
#   The process is running with CompressedOops enabled, and the Java Heap may be blocking the growth of the native heap
# Possible solutions:
#   Reduce memory load on the system
#   Increase physical memory or swap space
#   Check if swap backing store is full
#   Decrease Java heap size (-Xmx/-Xms)
#   Decrease number of Java threads
#   Decrease Java thread stack sizes (-Xss)
#   Set larger code cache with -XX:ReservedCodeCacheSize=
#   JVM is running with Unscaled Compressed Oops mode in which the Java heap is
#     placed in the first 4GB address space. The Java Heap base address is the
#     maximum limit for the native heap growth. Please use -XX:HeapBaseMinAddress
#     to set the Java Heap base and to place the Java Heap above 4GB virtual address.
# This output file may be truncated or incomplete.
#
#  Out of Memory Error (./src/hotspot/share/memory/arena.cpp:197), pid=14400, tid=9280
#
# JRE version: OpenJDK Runtime Environment (11.0.8+10) (build 11.0.8+10-b944.6842174)
# Java VM: OpenJDK 64-Bit Server VM (11.0.8+10-b944.6842174, mixed mode, tiered, compressed oops, g1 gc, windows-amd64)
# No core dump will be written. Minidumps are not enabled by default on client versions of Windows
#

---------------  S U M M A R Y ------------

Command Line: --add-opens=java.base/java.util=ALL-UNNAMED --add-opens=java.base/java.lang=ALL-UNNAMED --add-opens=java.base/java.lang.invoke=ALL-UNNAMED --add-opens=java.prefs/java.util.prefs=ALL-UNNAMED -Xmx2048m -Dfile.encoding=UTF-8 -Duser.country=US -Duser.language=en -Duser.variant org.gradle.launcher.daemon.bootstrap.GradleDaemon 6.7.1

Host: Intel(R) Core(TM) i3-7100U CPU @ 2.40GHz, 4 cores, 3G,  Windows 10 , 64 bit Build 18362 (10.0.18362.1350)
Time: Mon Jul 12 14:38:58 2021 Pakistan Standard Time elapsed time: 135 seconds (0d 0h 2m 15s)

---------------  T H R E A D  ---------------

Current thread (0x000001d275d65800):  JavaThread "C2 CompilerThread0" daemon [_thread_in_native, id=9280, stack(0x00000011ea800000,0x00000011ea900000)]


Current CompileTask:
C2: 135270 14597   !   4       com.google.common.reflect.TypeVisitor::visit (225 bytes)

Stack: [0x00000011ea800000,0x00000011ea900000]
Native frames: (J=compiled Java code, j=interpreted, Vv=VM code, C=native code)
V  [jvm.dll+0x5de50a]
V  [jvm.dll+0x7122f5]
V  [jvm.dll+0x71384d]
V  [jvm.dll+0x713f03]
V  [jvm.dll+0x23e728]
V  [jvm.dll+0xb899c]
V  [jvm.dll+0xb8e9c]
V  [jvm.dll+0x35024d]
V  [jvm.dll+0x31dea3]
V  [jvm.dll+0x31d39a]
V  [jvm.dll+0x1f7702]
V  [jvm.dll+0x1f68d4]
V  [jvm.dll+0x17f32c]
V  [jvm.dll+0x205047]
V  [jvm.dll+0x203891]
V  [jvm.dll+0x6dad3f]
V  [jvm.dll+0x6d3895]
V  [jvm.dll+0x5dd4a6]
C  [ucrtbase.dll+0x210b2]
C  [KERNEL32.DLL+0x17c24]
C  [ntdll.dll+0x6d721]


---------------  P R O C E S S  ---------------

Threads class SMR info:
_java_thread_list=0x000001d276c279b0, length=135, elements={
0x000001d25b9bc000, 0x000001d2753ed000, 0x000001d2753ee800, 0x000001d275d62800,
0x000001d275d63800, 0x000001d275d65800, 0x000001d275d6f800, 0x000001d27545a800,
0x000001d275ece800, 0x000001d275f1b000, 0x000001d2772a6000, 0x000001d276831800,
0x000001d2776bb800, 0x000001d2763b0000, 0x000001d2763b0800, 0x000001d2763b3000,
0x000001d2763b5000, 0x000001d279f8b800, 0x000001d27a3b5000, 0x000001d27a3be800,
0x000001d27ed47800, 0x000001d27ed41800, 0x000001d27a3b7800, 0x000001d27a3b5800,
0x000001d27a3b6800, 0x000001d27a3b8000, 0x000001d27a3b9000, 0x000001d27a3b9800,
0x000001d27a3b4000, 0x000001d27a3c0800, 0x000001d27a3be000, 0x000001d27a3bb800,
0x000001d27a3bc000, 0x000001d27a3bf800, 0x000001d27a3ba800, 0x000001d27a3bd000,
0x000001d27a3c1000, 0x000001d27a3c2000, 0x000001d27a3c2800, 0x000001d279f8e000,
0x000001d279f8b000, 0x000001d279f8f000, 0x000001d279f89800, 0x000001d279f8c800,
0x000001d279f90000, 0x000001d279f8a000, 0x000001d279f95800, 0x000001d279f90800,
0x000001d279f94800, 0x000001d279f96800, 0x000001d279f93000, 0x000001d279f94000,
0x000001d279f97000, 0x000001d279f91800, 0x000001d279f98000, 0x000001d279f92800,
0x000001d27ed46800, 0x000001d27ed44000, 0x000001d27ed48000, 0x000001d27ed42800,
0x000001d27ed49000, 0x000001d27ed45800, 0x000001d27ed43000, 0x000001d27ed4e000,
0x000001d27ed4e800, 0x000001d27ed4a000, 0x000001d27ed4f800, 0x000001d27ed4b800,
0x000001d27ed4c000, 0x000001d27ed4d000, 0x000001d27ed50800, 0x000001d27ed4a800,
0x000001d2763b1800, 0x000001d2763b5800, 0x000001d2763b2800, 0x000001d2763b4000,
0x000001d2763b6800, 0x000001d27a6b6000, 0x000001d27a6b5000, 0x000001d27a6b4000,
0x000001d27a6b1000, 0x000001d27a6b6800, 0x000001d27a6b7800, 0x000001d27a6b3800,
0x000001d27a6b2000, 0x000001d27a6b8800, 0x000001d27a6b2800, 0x000001d27a6bc800,
0x000001d27a6b9000, 0x000001d27a6be000, 0x000001d27a6ba000, 0x000001d27a6bd000,
0x000001d27a6bf000, 0x000001d27a6bb800, 0x000001d27a6bf800, 0x000001d27a6bb000,
0x000001d2780aa000, 0x000001d2780a5000, 0x000001d2780a7800, 0x000001d2780a6800,
0x000001d2780a8800, 0x000001d2780a9000, 0x000001d2780a4800, 0x000001d2780ab800,
0x000001d2780ab000, 0x000001d2780a6000, 0x000001d2780b1800, 0x000001d2780b0800,
0x000001d2780b2000, 0x000001d2780ae000, 0x000001d2780ac800, 0x000001d2780b3000,
0x000001d2780af800, 0x000001d2780ad800, 0x000001d2780af000, 0x000001d27f82e000,
0x000001d27f82b800, 0x000001d27f82c800, 0x000001d27f829800, 0x000001d27f830000,
0x000001d27f82a000, 0x000001d27f82d800, 0x000001d27f82f000, 0x000001d27f830800,
0x000001d27f82b000, 0x000001d27f836800, 0x000001d27f834800, 0x000001d27f832800,
0x000001d27f837000, 0x000001d27f833000, 0x000001d27f831800, 0x000001d27f835800,
0x000001d27f838000, 0x000001d27f834000, 0x000001d27a1a6800
}

Java Threads: ( => current thread )
  0x000001d25b9bc000 JavaThread "main" [_thread_blocked, id=6980, stack(0x00000011e9d00000,0x00000011e9e00000)]
  0x000001d2753ed000 JavaThread "Reference Handler" daemon [_thread_blocked, id=2936, stack(0x00000011ea400000,0x00000011ea500000)]
  0x000001d2753ee800 JavaThread "Finalizer" daemon [_thread_blocked, id=7844, stack(0x00000011ea500000,0x00000011ea600000)]
  0x000001d275d62800 JavaThread "Signal Dispatcher" daemon [_thread_blocked, id=9364, stack(0x00000011ea600000,0x00000011ea700000)]
  0x000001d275d63800 JavaThread "Attach Listener" daemon [_thread_blocked, id=8724, stack(0x00000011ea700000,0x00000011ea800000)]
=>0x000001d275d65800 JavaThread "C2 CompilerThread0" daemon [_thread_in_native, id=9280, stack(0x00000011ea800000,0x00000011ea900000)]
  0x000001d275d6f800 JavaThread "C1 CompilerThread0" daemon [_thread_in_native, id=19168, stack(0x00000011ea900000,0x00000011eaa00000)]
  0x000001d27545a800 JavaThread "Sweeper thread" daemon [_thread_blocked, id=5360, stack(0x00000011eaa00000,0x00000011eab00000)]
  0x000001d275ece800 JavaThread "Common-Cleaner" daemon [_thread_blocked, id=9584, stack(0x00000011eab00000,0x00000011eac00000)]
  0x000001d275f1b000 JavaThread "Service Thread" daemon [_thread_blocked, id=17440, stack(0x00000011eac00000,0x00000011ead00000)]
  0x000001d2772a6000 JavaThread "Daemon health stats" [_thread_blocked, id=18900, stack(0x00000011eaf00000,0x00000011eb000000)]
  0x000001d276831800 JavaThread "Incoming local TCP Connector on port 62117" [_thread_in_native, id=8420, stack(0x00000011eb400000,0x00000011eb500000)]
  0x000001d2776bb800 JavaThread "Daemon periodic checks" [_thread_blocked, id=11196, stack(0x00000011eb500000,0x00000011eb600000)]
  0x000001d2763b0000 JavaThread "Cache worker for file hash cache (C:\Users\Amjad Khan\.gradle\caches\6.7.1\fileHashes)" [_thread_blocked, id=17848, stack(0x00000011ebd00000,0x00000011ebe00000)]
  0x000001d2763b0800 JavaThread "File lock request listener" [_thread_in_native, id=784, stack(0x00000011ebe00000,0x00000011ebf00000)]
  0x000001d2763b3000 JavaThread "Cache worker for journal cache (C:\Users\Amjad Khan\.gradle\caches\journal-1)" [_thread_blocked, id=19008, stack(0x00000011ebf00000,0x00000011ec000000)]
  0x000001d2763b5000 JavaThread "Cache worker for execution history cache (C:\Users\Amjad Khan\.gradle\caches\6.7.1\executionHistory)" [_thread_blocked, id=16548, stack(0x00000011ec400000,0x00000011ec500000)]
  0x000001d279f8b800 JavaThread "Cache worker for file content cache (C:\Users\Amjad Khan\.gradle\caches\6.7.1\fileContent)" [_thread_blocked, id=6052, stack(0x00000011ec600000,0x00000011ec700000)]
  0x000001d27a3b5000 JavaThread "Memory manager" [_thread_blocked, id=1204, stack(0x00000011f2c00000,0x00000011f2d00000)]
  0x000001d27a3be800 JavaThread "Cache worker for Java compile cache (C:\Users\Amjad Khan\.gradle\caches\6.7.1\javaCompile)" [_thread_blocked, id=8984, stack(0x00000011f3300000,0x00000011f3400000)]
  0x000001d27ed47800 JavaThread "ForkJoinPool.commonPool-worker-3" daemon [_thread_blocked, id=1604, stack(0x00000011f3a00000,0x00000011f3b00000)]
  0x000001d27ed41800 JavaThread "ForkJoinPool.commonPool-worker-7" daemon [_thread_blocked, id=12724, stack(0x00000011f3c00000,0x00000011f3d00000)]
  0x000001d27a3b7800 JavaThread "Daemon Thread 2" [_thread_blocked, id=15592, stack(0x00000011e9a00000,0x00000011e9b00000)]
  0x000001d27a3b5800 JavaThread "Handler for socket connection from /127.0.0.1:62117 to /127.0.0.1:57769" [_thread_in_native, id=10852, stack(0x00000011e9b00000,0x00000011e9c00000)]
  0x000001d27a3b6800 JavaThread "Cancel handler" [_thread_blocked, id=4376, stack(0x00000011e9c00000,0x00000011e9d00000)]
  0x000001d27a3b8000 JavaThread "Daemon worker Thread 2" [_thread_in_vm, id=10900, stack(0x00000011eb600000,0x00000011eb700000)]
  0x000001d27a3b9000 JavaThread "Asynchronous log dispatcher for DefaultDaemonConnection: socket connection from /127.0.0.1:62117 to /127.0.0.1:57769" [_thread_blocked, id=8324, stack(0x00000011eb700000,0x00000011eb800000)]
  0x000001d27a3b9800 JavaThread "Stdin handler" [_thread_blocked, id=17484, stack(0x00000011eb800000,0x00000011eb900000)]
  0x000001d27a3b4000 JavaThread "Thread-140" [_thread_blocked, id=7536, stack(0x00000011eb900000,0x00000011eba00000)]
  0x000001d27a3c0800 JavaThread "Cache worker for file hash cache (C:\Users\Amjad Khan\AndroidStudioProjects\MobileCalculater\.gradle\6.7.1\fileHashes)" [_thread_blocked, id=14520, stack(0x00000011eba00000,0x00000011ebb00000)]
  0x000001d27a3be000 JavaThread "Cache worker for checksums cache (C:\Users\Amjad Khan\AndroidStudioProjects\MobileCalculater\.gradle\checksums)" [_thread_blocked, id=6688, stack(0x00000011ebb00000,0x00000011ebc00000)]
  0x000001d27a3bb800 JavaThread "Cache worker for cache directory md-supplier (C:\Users\Amjad Khan\.gradle\caches\6.7.1\md-supplier)" [_thread_blocked, id=8960, stack(0x00000011ebc00000,0x00000011ebd00000)]
  0x000001d27a3bc000 JavaThread "Cache worker for cache directory md-rule (C:\Users\Amjad Khan\.gradle\caches\6.7.1\md-rule)" [_thread_blocked, id=19200, stack(0x00000011ec000000,0x00000011ec100000)]
  0x000001d27a3bf800 JavaThread "Cache worker for Build Output Cleanup Cache (C:\Users\Amjad Khan\AndroidStudioProjects\MobileCalculater\.gradle\buildOutputCleanup)" [_thread_blocked, id=17928, stack(0x00000011ec100000,0x00000011ec200000)]
  0x000001d27a3ba800 JavaThread "Build operations" [_thread_blocked, id=6444, stack(0x00000011ec200000,0x00000011ec300000)]
  0x000001d27a3bd000 JavaThread "Build operations Thread 2" [_thread_blocked, id=6364, stack(0x00000011ec300000,0x00000011ec400000)]
  0x000001d27a3c1000 JavaThread "Build operations Thread 3" [_thread_blocked, id=9204, stack(0x00000011ec500000,0x00000011ec600000)]
  0x000001d27a3c2000 JavaThread "Build operations Thread 4" [_thread_blocked, id=13736, stack(0x00000011ec700000,0x00000011ec800000)]
  0x000001d27a3c2800 JavaThread "jar transforms Thread 98" [_thread_blocked, id=18316, stack(0x00000011ec800000,0x00000011ec900000)]
  0x000001d279f8e000 JavaThread "jar transforms Thread 99" [_thread_blocked, id=16664, stack(0x00000011ec900000,0x00000011eca00000)]
  0x000001d279f8b000 JavaThread "jar transforms Thread 100" [_thread_blocked, id=3988, stack(0x00000011eca00000,0x00000011ecb00000)]
  0x000001d279f8f000 JavaThread "jar transforms Thread 101" [_thread_blocked, id=19344, stack(0x00000011ecb00000,0x00000011ecc00000)]
  0x000001d279f89800 JavaThread "jar transforms Thread 102" [_thread_blocked, id=9032, stack(0x00000011ecc00000,0x00000011ecd00000)]
  0x000001d279f8c800 JavaThread "jar transforms Thread 103" [_thread_blocked, id=7780, stack(0x00000011ecd00000,0x00000011ece00000)]
  0x000001d279f90000 JavaThread "jar transforms Thread 104" [_thread_blocked, id=1136, stack(0x00000011ece00000,0x00000011ecf00000)]
  0x000001d279f8a000 JavaThread "jar transforms Thread 105" [_thread_blocked, id=8456, stack(0x00000011ecf00000,0x00000011ed000000)]
  0x000001d279f95800 JavaThread "jar transforms Thread 106" [_thread_blocked, id=4948, stack(0x00000011ed000000,0x00000011ed100000)]
  0x000001d279f90800 JavaThread "jar transforms Thread 107" [_thread_blocked, id=15928, stack(0x00000011ed100000,0x00000011ed200000)]
  0x000001d279f94800 JavaThread "jar transforms Thread 108" [_thread_blocked, id=1988, stack(0x00000011ed200000,0x00000011ed300000)]
  0x000001d279f96800 JavaThread "jar transforms Thread 109" [_thread_blocked, id=6964, stack(0x00000011ed300000,0x00000011ed400000)]
  0x000001d279f93000 JavaThread "jar transforms Thread 110" [_thread_blocked, id=2812, stack(0x00000011ed400000,0x00000011ed500000)]
  0x000001d279f94000 JavaThread "jar transforms Thread 111" [_thread_blocked, id=18700, stack(0x00000011ed500000,0x00000011ed600000)]
  0x000001d279f97000 JavaThread "jar transforms Thread 112" [_thread_blocked, id=1352, stack(0x00000011ed600000,0x00000011ed700000)]
  0x000001d279f91800 JavaThread "jar transforms Thread 113" [_thread_blocked, id=3656, stack(0x00000011ed700000,0x00000011ed800000)]
  0x000001d279f98000 JavaThread "jar transforms Thread 114" [_thread_blocked, id=17052, stack(0x00000011ed800000,0x00000011ed900000)]
  0x000001d279f92800 JavaThread "jar transforms Thread 115" [_thread_blocked, id=9812, stack(0x00000011ed900000,0x00000011eda00000)]
  0x000001d27ed46800 JavaThread "jar transforms Thread 116" [_thread_blocked, id=15760, stack(0x00000011eda00000,0x00000011edb00000)]
  0x000001d27ed44000 JavaThread "jar transforms Thread 117" [_thread_blocked, id=18232, stack(0x00000011edb00000,0x00000011edc00000)]
  0x000001d27ed48000 JavaThread "jar transforms Thread 118" [_thread_blocked, id=7388, stack(0x00000011edc00000,0x00000011edd00000)]
  0x000001d27ed42800 JavaThread "jar transforms Thread 119" [_thread_blocked, id=7912, stack(0x00000011edd00000,0x00000011ede00000)]
  0x000001d27ed49000 JavaThread "jar transforms Thread 120" [_thread_blocked, id=10596, stack(0x00000011ede00000,0x00000011edf00000)]
  0x000001d27ed45800 JavaThread "jar transforms Thread 121" [_thread_blocked, id=12132, stack(0x00000011edf00000,0x00000011ee000000)]
  0x000001d27ed43000 JavaThread "jar transforms Thread 122" [_thread_blocked, id=17868, stack(0x00000011ee000000,0x00000011ee100000)]
  0x000001d27ed4e000 JavaThread "jar transforms Thread 123" [_thread_blocked, id=8344, stack(0x00000011ee100000,0x00000011ee200000)]
  0x000001d27ed4e800 JavaThread "jar transforms Thread 124" [_thread_blocked, id=2596, stack(0x00000011ee200000,0x00000011ee300000)]
  0x000001d27ed4a000 JavaThread "jar transforms Thread 125" [_thread_blocked, id=7548, stack(0x00000011ee300000,0x00000011ee400000)]
  0x000001d27ed4f800 JavaThread "jar transforms Thread 126" [_thread_blocked, id=19364, stack(0x00000011ee400000,0x00000011ee500000)]
  0x000001d27ed4b800 JavaThread "jar transforms Thread 127" [_thread_blocked, id=18424, stack(0x00000011ee500000,0x00000011ee600000)]
  0x000001d27ed4c000 JavaThread "jar transforms Thread 128" [_thread_blocked, id=7976, stack(0x00000011ee600000,0x00000011ee700000)]
  0x000001d27ed4d000 JavaThread "jar transforms Thread 129" [_thread_blocked, id=16596, stack(0x00000011ee700000,0x00000011ee800000)]
  0x000001d27ed50800 JavaThread "jar transforms Thread 130" [_thread_blocked, id=2976, stack(0x00000011ee800000,0x00000011ee900000)]
  0x000001d27ed4a800 JavaThread "jar transforms Thread 131" [_thread_blocked, id=10836, stack(0x00000011ee900000,0x00000011eea00000)]
  0x000001d2763b1800 JavaThread "jar transforms Thread 132" [_thread_blocked, id=5288, stack(0x00000011eea00000,0x00000011eeb00000)]
  0x000001d2763b5800 JavaThread "jar transforms Thread 133" [_thread_blocked, id=10700, stack(0x00000011eeb00000,0x00000011eec00000)]
  0x000001d2763b2800 JavaThread "jar transforms Thread 134" [_thread_blocked, id=17148, stack(0x00000011eec00000,0x00000011eed00000)]
  0x000001d2763b4000 JavaThread "jar transforms Thread 135" [_thread_blocked, id=11908, stack(0x00000011eed00000,0x00000011eee00000)]
  0x000001d2763b6800 JavaThread "jar transforms Thread 136" [_thread_blocked, id=2608, stack(0x00000011eee00000,0x00000011eef00000)]
  0x000001d27a6b6000 JavaThread "jar transforms Thread 137" [_thread_blocked, id=9944, stack(0x00000011eef00000,0x00000011ef000000)]
  0x000001d27a6b5000 JavaThread "jar transforms Thread 138" [_thread_blocked, id=1396, stack(0x00000011ef000000,0x00000011ef100000)]
  0x000001d27a6b4000 JavaThread "jar transforms Thread 139" [_thread_blocked, id=10332, stack(0x00000011ef100000,0x00000011ef200000)]
  0x000001d27a6b1000 JavaThread "jar transforms Thread 140" [_thread_blocked, id=19400, stack(0x00000011ef200000,0x00000011ef300000)]
  0x000001d27a6b6800 JavaThread "jar transforms Thread 141" [_thread_blocked, id=19312, stack(0x00000011ef300000,0x00000011ef400000)]
  0x000001d27a6b7800 JavaThread "jar transforms Thread 142" [_thread_blocked, id=7420, stack(0x00000011ef400000,0x00000011ef500000)]
  0x000001d27a6b3800 JavaThread "jar transforms Thread 143" [_thread_blocked, id=13172, stack(0x00000011ef500000,0x00000011ef600000)]
  0x000001d27a6b2000 JavaThread "jar transforms Thread 144" [_thread_blocked, id=10540, stack(0x00000011ef600000,0x00000011ef700000)]
  0x000001d27a6b8800 JavaThread "jar transforms Thread 145" [_thread_blocked, id=7472, stack(0x00000011ef700000,0x00000011ef800000)]
  0x000001d27a6b2800 JavaThread "jar transforms Thread 146" [_thread_blocked, id=9268, stack(0x00000011ef800000,0x00000011ef900000)]
  0x000001d27a6bc800 JavaThread "jar transforms Thread 147" [_thread_blocked, id=17136, stack(0x00000011ef900000,0x00000011efa00000)]
  0x000001d27a6b9000 JavaThread "jar transforms Thread 148" [_thread_blocked, id=2204, stack(0x00000011efa00000,0x00000011efb00000)]
  0x000001d27a6be000 JavaThread "jar transforms Thread 149" [_thread_blocked, id=8740, stack(0x00000011efb00000,0x00000011efc00000)]
  0x000001d27a6ba000 JavaThread "jar transforms Thread 150" [_thread_blocked, id=11064, stack(0x00000011efc00000,0x00000011efd00000)]
  0x000001d27a6bd000 JavaThread "jar transforms Thread 151" [_thread_blocked, id=18576, stack(0x00000011efd00000,0x00000011efe00000)]
  0x000001d27a6bf000 JavaThread "jar transforms Thread 152" [_thread_blocked, id=10408, stack(0x00000011efe00000,0x00000011eff00000)]
  0x000001d27a6bb800 JavaThread "jar transforms Thread 153" [_thread_blocked, id=6148, stack(0x00000011eff00000,0x00000011f0000000)]
  0x000001d27a6bf800 JavaThread "jar transforms Thread 154" [_thread_blocked, id=5572, stack(0x00000011f0000000,0x00000011f0100000)]
  0x000001d27a6bb000 JavaThread "jar transforms Thread 155" [_thread_blocked, id=17916, stack(0x00000011f0100000,0x00000011f0200000)]
  0x000001d2780aa000 JavaThread "jar transforms Thread 156" [_thread_blocked, id=7460, stack(0x00000011f0200000,0x00000011f0300000)]
  0x000001d2780a5000 JavaThread "jar transforms Thread 157" [_thread_blocked, id=16780, stack(0x00000011f0300000,0x00000011f0400000)]
  0x000001d2780a7800 JavaThread "jar transforms Thread 158" [_thread_blocked, id=412, stack(0x00000011f0400000,0x00000011f0500000)]
  0x000001d2780a6800 JavaThread "jar transforms Thread 159" [_thread_blocked, id=17684, stack(0x00000011f0500000,0x00000011f0600000)]
  0x000001d2780a8800 JavaThread "jar transforms Thread 160" [_thread_blocked, id=19372, stack(0x00000011f0600000,0x00000011f0700000)]
  0x000001d2780a9000 JavaThread "jar transforms Thread 161" [_thread_blocked, id=18596, stack(0x00000011f0700000,0x00000011f0800000)]
  0x000001d2780a4800 JavaThread "jar transforms Thread 162" [_thread_blocked, id=10564, stack(0x00000011f0800000,0x00000011f0900000)]
  0x000001d2780ab800 JavaThread "jar transforms Thread 163" [_thread_blocked, id=18428, stack(0x00000011f0900000,0x00000011f0a00000)]
  0x000001d2780ab000 JavaThread "jar transforms Thread 164" [_thread_blocked, id=17352, stack(0x00000011f0a00000,0x00000011f0b00000)]
  0x000001d2780a6000 JavaThread "jar transforms Thread 165" [_thread_blocked, id=7556, stack(0x00000011f0b00000,0x00000011f0c00000)]
  0x000001d2780b1800 JavaThread "jar transforms Thread 166" [_thread_blocked, id=540, stack(0x00000011f0c00000,0x00000011f0d00000)]
  0x000001d2780b0800 JavaThread "jar transforms Thread 167" [_thread_blocked, id=7948, stack(0x00000011f0d00000,0x00000011f0e00000)]
  0x000001d2780b2000 JavaThread "jar transforms Thread 168" [_thread_blocked, id=16376, stack(0x00000011f0e00000,0x00000011f0f00000)]
  0x000001d2780ae000 JavaThread "jar transforms Thread 169" [_thread_blocked, id=18352, stack(0x00000011f0f00000,0x00000011f1000000)]
  0x000001d2780ac800 JavaThread "jar transforms Thread 170" [_thread_blocked, id=14532, stack(0x00000011f1000000,0x00000011f1100000)]
  0x000001d2780b3000 JavaThread "jar transforms Thread 171" [_thread_blocked, id=10696, stack(0x00000011f1100000,0x00000011f1200000)]
  0x000001d2780af800 JavaThread "jar transforms Thread 172" [_thread_blocked, id=9468, stack(0x00000011f1200000,0x00000011f1300000)]
  0x000001d2780ad800 JavaThread "jar transforms Thread 173" [_thread_blocked, id=12688, stack(0x00000011f1300000,0x00000011f1400000)]
  0x000001d2780af000 JavaThread "jar transforms Thread 174" [_thread_blocked, id=9324, stack(0x00000011f1400000,0x00000011f1500000)]
  0x000001d27f82e000 JavaThread "jar transforms Thread 175" [_thread_blocked, id=3528, stack(0x00000011f1500000,0x00000011f1600000)]
  0x000001d27f82b800 JavaThread "jar transforms Thread 176" [_thread_blocked, id=9432, stack(0x00000011f1600000,0x00000011f1700000)]
  0x000001d27f82c800 JavaThread "jar transforms Thread 177" [_thread_blocked, id=7396, stack(0x00000011f1700000,0x00000011f1800000)]
  0x000001d27f829800 JavaThread "jar transforms Thread 178" [_thread_blocked, id=9484, stack(0x00000011f1800000,0x00000011f1900000)]
  0x000001d27f830000 JavaThread "jar transforms Thread 179" [_thread_blocked, id=10028, stack(0x00000011f1900000,0x00000011f1a00000)]
  0x000001d27f82a000 JavaThread "jar transforms Thread 180" [_thread_blocked, id=15300, stack(0x00000011f1a00000,0x00000011f1b00000)]
  0x000001d27f82d800 JavaThread "jar transforms Thread 181" [_thread_blocked, id=1196, stack(0x00000011f1b00000,0x00000011f1c00000)]
  0x000001d27f82f000 JavaThread "jar transforms Thread 182" [_thread_blocked, id=14164, stack(0x00000011f1c00000,0x00000011f1d00000)]
  0x000001d27f830800 JavaThread "jar transforms Thread 183" [_thread_blocked, id=11336, stack(0x00000011f1d00000,0x00000011f1e00000)]
  0x000001d27f82b000 JavaThread "jar transforms Thread 184" [_thread_blocked, id=19172, stack(0x00000011f1e00000,0x00000011f1f00000)]
  0x000001d27f836800 JavaThread "jar transforms Thread 185" [_thread_blocked, id=1576, stack(0x00000011f1f00000,0x00000011f2000000)]
  0x000001d27f834800 JavaThread "jar transforms Thread 186" [_thread_blocked, id=15132, stack(0x00000011f2000000,0x00000011f2100000)]
  0x000001d27f832800 JavaThread "jar transforms Thread 187" [_thread_blocked, id=13940, stack(0x00000011f2100000,0x00000011f2200000)]
  0x000001d27f837000 JavaThread "jar transforms Thread 188" [_thread_blocked, id=9308, stack(0x00000011f2200000,0x00000011f2300000)]
  0x000001d27f833000 JavaThread "jar transforms Thread 189" [_thread_blocked, id=2148, stack(0x00000011f2300000,0x00000011f2400000)]
  0x000001d27f831800 JavaThread "jar transforms Thread 190" [_thread_blocked, id=17720, stack(0x00000011f2400000,0x00000011f2500000)]
  0x000001d27f835800 JavaThread "jar transforms Thread 191" [_thread_blocked, id=10608, stack(0x00000011f2500000,0x00000011f2600000)]
  0x000001d27f838000 JavaThread "jar transforms Thread 192" [_thread_blocked, id=19120, stack(0x00000011f2600000,0x00000011f2700000)]
  0x000001d27f834000 JavaThread "jar transforms Thread 193" [_thread_blocked, id=7596, stack(0x00000011f2700000,0x00000011f2800000)]
  0x000001d27a1a6800 JavaThread "jar transforms Thread 194" [_thread_blocked, id=16948, stack(0x00000011f2800000,0x00000011f2900000)]

Other Threads:
  0x000001d2753e9800 VMThread "VM Thread" [stack: 0x00000011ea300000,0x00000011ea400000] [id=16312]
  0x000001d275f1c000 WatcherThread [stack: 0x00000011ead00000,0x00000011eae00000] [id=8916]
  0x000001d25b9d5800 GCTaskThread "GC Thread#0" [stack: 0x00000011e9e00000,0x00000011e9f00000] [id=18528]
  0x000001d27671f000 GCTaskThread "GC Thread#1" [stack: 0x00000011eae00000,0x00000011eaf00000] [id=3880]
  0x000001d277206000 GCTaskThread "GC Thread#2" [stack: 0x00000011eb000000,0x00000011eb100000] [id=8780]
  0x000001d276ba0800 GCTaskThread "GC Thread#3" [stack: 0x00000011eb100000,0x00000011eb200000] [id=19256]
  0x000001d25ba07000 ConcurrentGCThread "G1 Main Marker" [stack: 0x00000011e9f00000,0x00000011ea000000] [id=18836]
  0x000001d25ba08800 ConcurrentGCThread "G1 Conc#0" [stack: 0x00000011ea000000,0x00000011ea100000] [id=9488]
  0x000001d25ba65000 ConcurrentGCThread "G1 Refine#0" [stack: 0x00000011ea100000,0x00000011ea200000] [id=14128]
  0x000001d2761b6800 ConcurrentGCThread "G1 Refine#1" [stack: 0x00000011f3600000,0x00000011f3700000] [id=4564]
  0x000001d2761b5800 ConcurrentGCThread "G1 Refine#2" [stack: 0x00000011f3800000,0x00000011f3900000] [id=17068]
  0x000001d25ba66000 ConcurrentGCThread "G1 Young RemSet Sampling" [stack: 0x00000011ea200000,0x00000011ea300000] [id=15332]

Threads with active compile tasks:
C2 CompilerThread0 135364 14597   !   4       com.google.common.reflect.TypeVisitor::visit (225 bytes)

VM state:not at safepoint (normal execution)

VM Mutex/Monitor currently owned by a thread: None

Heap address: 0x0000000080000000, size: 2048 MB, Compressed Oops mode: 32-bit
Narrow klass base: 0x0000000000000000, Narrow klass shift: 3
Compressed class space size: 1073741824 Address: 0x0000000100000000

Heap:
 garbage-first heap   total 316416K, used 203409K [0x0000000080000000, 0x0000000100000000)
  region size 1024K, 61 young (62464K), 4 survivors (4096K)
 Metaspace       used 106151K, capacity 108810K, committed 109260K, reserved 1144832K
  class space    used 13595K, capacity 14586K, committed 14796K, reserved 1048576K
Heap Regions: E=young(eden), S=young(survivor), O=old, HS=humongous(starts), HC=humongous(continues), CS=collection set, F=free, A=archive, TAMS=top-at-mark-start (previous, next)
|   0|0x0000000080000000, 0x0000000080100000, 0x0000000080100000|100%| O|  |TAMS 0x0000000080100000, 0x0000000080000000| Untracked 
|   1|0x0000000080100000, 0x0000000080200000, 0x0000000080200000|100%| O|  |TAMS 0x0000000080200000, 0x0000000080100000| Complete 
|   2|0x0000000080200000, 0x0000000080300000, 0x0000000080300000|100%| O|  |TAMS 0x0000000080300000, 0x0000000080200000| Untracked 
|   3|0x0000000080300000, 0x0000000080400000, 0x0000000080400000|100%|HS|  |TAMS 0x0000000080400000, 0x0000000080300000| Complete 
|   4|0x0000000080400000, 0x0000000080500000, 0x0000000080500000|100%|HC|  |TAMS 0x0000000080500000, 0x0000000080400000| Complete 
|   5|0x0000000080500000, 0x0000000080600000, 0x0000000080600000|100%|HC|  |TAMS 0x0000000080600000, 0x0000000080500000| Complete 
|   6|0x0000000080600000, 0x0000000080700000, 0x0000000080700000|100%| O|  |TAMS 0x0000000080700000, 0x0000000080600000| Untracked 
|   7|0x0000000080700000, 0x0000000080800000, 0x0000000080800000|100%| O|  |TAMS 0x0000000080800000, 0x0000000080700000| Untracked 
|   8|0x0000000080800000, 0x0000000080900000, 0x0000000080900000|100%| O|  |TAMS 0x0000000080900000, 0x0000000080800000| Untracked 
|   9|0x0000000080900000, 0x0000000080a00000, 0x0000000080a00000|100%| O|  |TAMS 0x0000000080a00000, 0x0000000080900000| Untracked 
|  10|0x0000000080a00000, 0x0000000080b00000, 0x0000000080b00000|100%| O|  |TAMS 0x0000000080b00000, 0x0000000080a00000| Untracked 
|  11|0x0000000080b00000, 0x0000000080c00000, 0x0000000080c00000|100%| O|  |TAMS 0x0000000080c00000, 0x0000000080b00000| Untracked 
|  12|0x0000000080c00000, 0x0000000080d00000, 0x0000000080d00000|100%| O|  |TAMS 0x0000000080d00000, 0x0000000080c00000| Untracked 
|  13|0x0000000080d00000, 0x0000000080e00000, 0x0000000080e00000|100%| O|  |TAMS 0x0000000080e00000, 0x0000000080d00000| Untracked 
|  14|0x0000000080e00000, 0x0000000080f00000, 0x0000000080f00000|100%| O|  |TAMS 0x0000000080f00000, 0x0000000080e00000| Untracked 
|  15|0x0000000080f00000, 0x0000000081000000, 0x0000000081000000|100%| O|  |TAMS 0x0000000081000000, 0x0000000080f00000| Untracked 
|  16|0x0000000081000000, 0x0000000081100000, 0x0000000081100000|100%| O|  |TAMS 0x0000000081100000, 0x0000000081000000| Untracked 
|  17|0x0000000081100000, 0x0000000081200000, 0x0000000081200000|100%| O|  |TAMS 0x0000000081200000, 0x0000000081100000| Untracked 
|  18|0x0000000081200000, 0x0000000081300000, 0x0000000081300000|100%| O|  |TAMS 0x0000000081300000, 0x0000000081200000| Untracked 
|  19|0x0000000081300000, 0x0000000081400000, 0x0000000081400000|100%| O|  |TAMS 0x0000000081400000, 0x0000000081300000| Untracked 
|  20|0x0000000081400000, 0x0000000081500000, 0x0000000081500000|100%| O|  |TAMS 0x0000000081500000, 0x0000000081400000| Untracked 
|  21|0x0000000081500000, 0x0000000081600000, 0x0000000081600000|100%| O|  |TAMS 0x0000000081600000, 0x0000000081500000| Untracked 
|  22|0x0000000081600000, 0x0000000081700000, 0x0000000081700000|100%| O|  |TAMS 0x0000000081700000, 0x0000000081600000| Untracked 
|  23|0x0000000081700000, 0x0000000081800000, 0x0000000081800000|100%| O|  |TAMS 0x0000000081800000, 0x0000000081700000| Untracked 
|  24|0x0000000081800000, 0x0000000081900000, 0x0000000081900000|100%|HS|  |TAMS 0x0000000081900000, 0x0000000081800000| Complete 
|  25|0x0000000081900000, 0x0000000081a00000, 0x0000000081a00000|100%|HS|  |TAMS 0x0000000081a00000, 0x0000000081900000| Complete 
|  26|0x0000000081a00000, 0x0000000081b00000, 0x0000000081b00000|100%|HC|  |TAMS 0x0000000081b00000, 0x0000000081a00000| Complete 
|  27|0x0000000081b00000, 0x0000000081c00000, 0x0000000081c00000|100%| O|  |TAMS 0x0000000081c00000, 0x0000000081b00000| Complete 
|  28|0x0000000081c00000, 0x0000000081d00000, 0x0000000081d00000|100%| O|  |TAMS 0x0000000081d00000, 0x0000000081c00000| Complete 
|  29|0x0000000081d00000, 0x0000000081e00000, 0x0000000081e00000|100%| O|  |TAMS 0x0000000081e00000, 0x0000000081d00000| Untracked 
|  30|0x0000000081e00000, 0x0000000081f00000, 0x0000000081f00000|100%| O|  |TAMS 0x0000000081f00000, 0x0000000081e00000| Untracked 
|  31|0x0000000081f00000, 0x0000000082000000, 0x0000000082000000|100%| O|  |TAMS 0x0000000082000000, 0x0000000081f00000| Untracked 
|  32|0x0000000082000000, 0x0000000082100000, 0x0000000082100000|100%| O|  |TAMS 0x0000000082100000, 0x0000000082000000| Untracked 
|  33|0x0000000082100000, 0x0000000082200000, 0x0000000082200000|100%| O|  |TAMS 0x0000000082200000, 0x0000000082100000| Complete 
|  34|0x0000000082200000, 0x0000000082300000, 0x0000000082300000|100%| O|  |TAMS 0x0000000082300000, 0x0000000082200000| Untracked 
|  35|0x0000000082300000, 0x0000000082400000, 0x0000000082400000|100%| O|  |TAMS 0x0000000082400000, 0x0000000082300000| Untracked 
|  36|0x0000000082400000, 0x0000000082500000, 0x0000000082500000|100%| O|  |TAMS 0x0000000082500000, 0x0000000082400000| Untracked 
|  37|0x0000000082500000, 0x0000000082600000, 0x0000000082600000|100%| O|  |TAMS 0x0000000082600000, 0x0000000082500000| Untracked 
|  38|0x0000000082600000, 0x0000000082700000, 0x0000000082700000|100%| O|  |TAMS 0x0000000082700000, 0x0000000082600000| Untracked 
|  39|0x0000000082700000, 0x0000000082800000, 0x0000000082800000|100%| O|  |TAMS 0x0000000082800000, 0x0000000082700000| Untracked 
|  40|0x0000000082800000, 0x0000000082900000, 0x0000000082900000|100%| O|  |TAMS 0x0000000082900000, 0x0000000082800000| Untracked 
|  41|0x0000000082900000, 0x0000000082a00000, 0x0000000082a00000|100%| O|  |TAMS 0x0000000082a00000, 0x0000000082900000| Untracked 
|  42|0x0000000082a00000, 0x0000000082b00000, 0x0000000082b00000|100%| O|  |TAMS 0x0000000082b00000, 0x0000000082a00000| Complete 
|  43|0x0000000082b00000, 0x0000000082c00000, 0x0000000082c00000|100%| O|  |TAMS 0x0000000082c00000, 0x0000000082b00000| Untracked 
|  44|0x0000000082c00000, 0x0000000082d00000, 0x0000000082d00000|100%| O|  |TAMS 0x0000000082d00000, 0x0000000082c00000| Untracked 
|  45|0x0000000082d00000, 0x0000000082e00000, 0x0000000082e00000|100%| O|  |TAMS 0x0000000082e00000, 0x0000000082d00000| Complete 
|  46|0x0000000082e00000, 0x0000000082f00000, 0x0000000082f00000|100%| O|  |TAMS 0x0000000082f00000, 0x0000000082e00000| Untracked 
|  47|0x0000000082f00000, 0x0000000083000000, 0x0000000083000000|100%| O|  |TAMS 0x0000000083000000, 0x0000000082f00000| Complete 
|  48|0x0000000083000000, 0x0000000083100000, 0x0000000083100000|100%| O|  |TAMS 0x0000000083100000, 0x0000000083000000| Untracked 
|  49|0x0000000083100000, 0x0000000083200000, 0x0000000083200000|100%| O|  |TAMS 0x0000000083200000, 0x0000000083100000| Complete 
|  50|0x0000000083200000, 0x0000000083300000, 0x0000000083300000|100%| O|  |TAMS 0x0000000083300000, 0x0000000083200000| Complete 
|  51|0x0000000083300000, 0x0000000083400000, 0x0000000083400000|100%| O|  |TAMS 0x0000000083400000, 0x0000000083300000| Untracked 
|  52|0x0000000083400000, 0x0000000083500000, 0x0000000083500000|100%| O|  |TAMS 0x0000000083500000, 0x0000000083400000| Untracked 
|  53|0x0000000083500000, 0x0000000083600000, 0x0000000083600000|100%| O|  |TAMS 0x0000000083600000, 0x0000000083500000| Complete 
|  54|0x0000000083600000, 0x0000000083700000, 0x0000000083700000|100%| O|  |TAMS 0x0000000083700000, 0x0000000083600000| Complete 
|  55|0x0000000083700000, 0x0000000083800000, 0x0000000083800000|100%| O|  |TAMS 0x0000000083800000, 0x0000000083700000| Complete 
|  56|0x0000000083800000, 0x0000000083900000, 0x0000000083900000|100%| O|  |TAMS 0x0000000083900000, 0x0000000083800000| Untracked 
|  57|0x0000000083900000, 0x0000000083a00000, 0x0000000083a00000|100%| O|  |TAMS 0x0000000083a00000, 0x0000000083900000| Untracked 
|  58|0x0000000083a00000, 0x0000000083b00000, 0x0000000083b00000|100%| O|  |TAMS 0x0000000083b00000, 0x0000000083a00000| Untracked 
|  59|0x0000000083b00000, 0x0000000083c00000, 0x0000000083c00000|100%| O|  |TAMS 0x0000000083c00000, 0x0000000083b00000| Untracked 
|  60|0x0000000083c00000, 0x0000000083d00000, 0x0000000083d00000|100%| O|  |TAMS 0x0000000083d00000, 0x0000000083c00000| Untracked 
|  61|0x0000000083d00000, 0x0000000083e00000, 0x0000000083e00000|100%| O|  |TAMS 0x0000000083e00000, 0x0000000083d00000| Untracked 
|  62|0x0000000083e00000, 0x0000000083f00000, 0x0000000083f00000|100%| O|  |TAMS 0x0000000083f00000, 0x0000000083e00000| Untracked 
|  63|0x0000000083f00000, 0x0000000084000000, 0x0000000084000000|100%| O|  |TAMS 0x0000000084000000, 0x0000000083f00000| Complete 
|  64|0x0000000084000000, 0x0000000084000000, 0x0000000084100000|  0%| F|  |TAMS 0x0000000084000000, 0x0000000084000000| Untracked 
|  65|0x0000000084100000, 0x0000000084100000, 0x0000000084200000|  0%| F|  |TAMS 0x0000000084100000, 0x0000000084100000| Untracked 
|  66|0x0000000084200000, 0x0000000084200000, 0x0000000084300000|  0%| F|  |TAMS 0x0000000084200000, 0x0000000084200000| Untracked 
|  67|0x0000000084300000, 0x0000000084300000, 0x0000000084400000|  0%| F|  |TAMS 0x0000000084300000, 0x0000000084300000| Untracked 
|  68|0x0000000084400000, 0x0000000084400000, 0x0000000084500000|  0%| F|  |TAMS 0x0000000084400000, 0x0000000084400000| Untracked 
|  69|0x0000000084500000, 0x0000000084600000, 0x0000000084600000|100%| O|  |TAMS 0x0000000084600000, 0x0000000084500000| Complete 
|  70|0x0000000084600000, 0x0000000084700000, 0x0000000084700000|100%| O|  |TAMS 0x0000000084700000, 0x0000000084600000| Complete 
|  71|0x0000000084700000, 0x0000000084800000, 0x0000000084800000|100%| O|  |TAMS 0x0000000084800000, 0x0000000084700000| Complete 
|  72|0x0000000084800000, 0x0000000084900000, 0x0000000084900000|100%| O|  |TAMS 0x0000000084900000, 0x0000000084800000| Complete 
|  73|0x0000000084900000, 0x0000000084a00000, 0x0000000084a00000|100%| O|  |TAMS 0x0000000084a00000, 0x0000000084900000| Complete 
|  74|0x0000000084a00000, 0x0000000084a00000, 0x0000000084b00000|  0%| F|  |TAMS 0x0000000084a00000, 0x0000000084a00000| Untracked 
|  75|0x0000000084b00000, 0x0000000084b00000, 0x0000000084c00000|  0%| F|  |TAMS 0x0000000084b00000, 0x0000000084b00000| Untracked 
|  76|0x0000000084c00000, 0x0000000084c00000, 0x0000000084d00000|  0%| F|  |TAMS 0x0000000084c00000, 0x0000000084c00000| Untracked 
|  77|0x0000000084d00000, 0x0000000084e00000, 0x0000000084e00000|100%| O|  |TAMS 0x0000000084e00000, 0x0000000084d00000| Complete 
|  78|0x0000000084e00000, 0x0000000084f00000, 0x0000000084f00000|100%| O|  |TAMS 0x0000000084f00000, 0x0000000084e00000| Complete 
|  79|0x0000000084f00000, 0x0000000085000000, 0x0000000085000000|100%| O|  |TAMS 0x0000000085000000, 0x0000000084f00000| Untracked 
|  80|0x0000000085000000, 0x0000000085100000, 0x0000000085100000|100%| O|  |TAMS 0x0000000085100000, 0x0000000085000000| Complete 
|  81|0x0000000085100000, 0x0000000085200000, 0x0000000085200000|100%| O|  |TAMS 0x0000000085200000, 0x0000000085100000| Complete 
|  82|0x0000000085200000, 0x0000000085300000, 0x0000000085300000|100%| O|  |TAMS 0x0000000085300000, 0x0000000085200000| Complete 
|  83|0x0000000085300000, 0x0000000085400000, 0x0000000085400000|100%| O|  |TAMS 0x0000000085400000, 0x0000000085300000| Complete 
|  84|0x0000000085400000, 0x0000000085500000, 0x0000000085500000|100%| O|  |TAMS 0x0000000085500000, 0x0000000085400000| Complete 
|  85|0x0000000085500000, 0x0000000085600000, 0x0000000085600000|100%| O|  |TAMS 0x0000000085600000, 0x0000000085500000| Complete 
|  86|0x0000000085600000, 0x0000000085700000, 0x0000000085700000|100%| O|  |TAMS 0x0000000085700000, 0x0000000085600000| Complete 
|  87|0x0000000085700000, 0x0000000085800000, 0x0000000085800000|100%| O|  |TAMS 0x0000000085800000, 0x0000000085700000| Complete 
|  88|0x0000000085800000, 0x0000000085900000, 0x0000000085900000|100%| O|  |TAMS 0x0000000085900000, 0x0000000085800000| Complete 
|  89|0x0000000085900000, 0x0000000085900000, 0x0000000085a00000|  0%| F|  |TAMS 0x0000000085900000, 0x0000000085900000| Untracked 
|  90|0x0000000085a00000, 0x0000000085b00000, 0x0000000085b00000|100%| O|  |TAMS 0x0000000085b00000, 0x0000000085a00000| Complete 
|  91|0x0000000085b00000, 0x0000000085c00000, 0x0000000085c00000|100%| O|  |TAMS 0x0000000085c00000, 0x0000000085b00000| Complete 
|  92|0x0000000085c00000, 0x0000000085d00000, 0x0000000085d00000|100%| O|  |TAMS 0x0000000085d00000, 0x0000000085c00000| Complete 
|  93|0x0000000085d00000, 0x0000000085e00000, 0x0000000085e00000|100%| O|  |TAMS 0x0000000085e00000, 0x0000000085d00000| Complete 
|  94|0x0000000085e00000, 0x0000000085f00000, 0x0000000085f00000|100%| O|  |TAMS 0x0000000085f00000, 0x0000000085e00000| Untracked 
|  95|0x0000000085f00000, 0x0000000086000000, 0x0000000086000000|100%| O|  |TAMS 0x0000000086000000, 0x0000000085f00000| Untracked 
|  96|0x0000000086000000, 0x0000000086100000, 0x0000000086100000|100%| O|  |TAMS 0x0000000086100000, 0x0000000086000000| Untracked 
|  97|0x0000000086100000, 0x0000000086200000, 0x0000000086200000|100%| O|  |TAMS 0x0000000086200000, 0x0000000086100000| Untracked 
|  98|0x0000000086200000, 0x0000000086300000, 0x0000000086300000|100%| O|  |TAMS 0x0000000086300000, 0x0000000086200000| Complete 
|  99|0x0000000086300000, 0x0000000086400000, 0x0000000086400000|100%| O|  |TAMS 0x0000000086400000, 0x0000000086300000| Untracked 
| 100|0x0000000086400000, 0x0000000086500000, 0x0000000086500000|100%| O|  |TAMS 0x0000000086500000, 0x0000000086400000| Untracked 
| 101|0x0000000086500000, 0x0000000086600000, 0x0000000086600000|100%| O|  |TAMS 0x0000000086600000, 0x0000000086500000| Complete 
| 102|0x0000000086600000, 0x0000000086700000, 0x0000000086700000|100%| O|  |TAMS 0x0000000086700000, 0x0000000086600000| Complete 
| 103|0x0000000086700000, 0x0000000086800000, 0x0000000086800000|100%| O|  |TAMS 0x0000000086800000, 0x0000000086700000| Complete 
| 104|0x0000000086800000, 0x0000000086900000, 0x0000000086900000|100%| O|  |TAMS 0x0000000086900000, 0x0000000086800000| Untracked 
| 105|0x0000000086900000, 0x0000000086a00000, 0x0000000086a00000|100%| O|  |TAMS 0x0000000086a00000, 0x0000000086900000| Complete 
| 106|0x0000000086a00000, 0x0000000086b00000, 0x0000000086b00000|100%| O|  |TAMS 0x0000000086b00000, 0x0000000086a00000| Complete 
| 107|0x0000000086b00000, 0x0000000086c00000, 0x0000000086c00000|100%| O|  |TAMS 0x0000000086c00000, 0x0000000086b00000| Untracked 
| 108|0x0000000086c00000, 0x0000000086d00000, 0x0000000086d00000|100%| O|  |TAMS 0x0000000086d00000, 0x0000000086c00000| Untracked 
| 109|0x0000000086d00000, 0x0000000086e00000, 0x0000000086e00000|100%| O|  |TAMS 0x0000000086e00000, 0x0000000086d00000| Untracked 
| 110|0x0000000086e00000, 0x0000000086f00000, 0x0000000086f00000|100%| O|  |TAMS 0x0000000086f00000, 0x0000000086e00000| Untracked 
| 111|0x0000000086f00000, 0x0000000087000000, 0x0000000087000000|100%| O|  |TAMS 0x0000000087000000, 0x0000000086f00000| Untracked 
| 112|0x0000000087000000, 0x0000000087100000, 0x0000000087100000|100%| O|  |TAMS 0x0000000087100000, 0x0000000087000000| Complete 
| 113|0x0000000087100000, 0x0000000087200000, 0x0000000087200000|100%| O|  |TAMS 0x0000000087200000, 0x0000000087100000| Complete 
| 114|0x0000000087200000, 0x0000000087300000, 0x0000000087300000|100%| O|  |TAMS 0x0000000087300000, 0x0000000087200000| Complete 
| 115|0x0000000087300000, 0x0000000087300000, 0x0000000087400000|  0%| F|  |TAMS 0x0000000087300000, 0x0000000087300000| Untracked 
| 116|0x0000000087400000, 0x0000000087500000, 0x0000000087500000|100%| O|  |TAMS 0x0000000087500000, 0x0000000087400000| Complete 
| 117|0x0000000087500000, 0x0000000087600000, 0x0000000087600000|100%| O|  |TAMS 0x0000000087600000, 0x0000000087500000| Untracked 
| 118|0x0000000087600000, 0x0000000087700000, 0x0000000087700000|100%| O|  |TAMS 0x0000000087700000, 0x0000000087600000| Complete 
| 119|0x0000000087700000, 0x0000000087800000, 0x0000000087800000|100%| O|  |TAMS 0x0000000087800000, 0x0000000087700000| Complete 
| 120|0x0000000087800000, 0x0000000087900000, 0x0000000087900000|100%|HS|  |TAMS 0x0000000087900000, 0x0000000087800000| Complete 
| 121|0x0000000087900000, 0x0000000087a00000, 0x0000000087a00000|100%| O|  |TAMS 0x0000000087a00000, 0x0000000087900000| Complete 
| 122|0x0000000087a00000, 0x0000000087b00000, 0x0000000087b00000|100%| O|  |TAMS 0x0000000087b00000, 0x0000000087a00000| Complete 
| 123|0x0000000087b00000, 0x0000000087c00000, 0x0000000087c00000|100%| O|  |TAMS 0x0000000087c00000, 0x0000000087b00000| Untracked 
| 124|0x0000000087c00000, 0x0000000087d00000, 0x0000000087d00000|100%| O|  |TAMS 0x0000000087d00000, 0x0000000087c00000| Complete 
| 125|0x0000000087d00000, 0x0000000087e00000, 0x0000000087e00000|100%| O|  |TAMS 0x0000000087e00000, 0x0000000087d00000| Complete 
| 126|0x0000000087e00000, 0x0000000087e00000, 0x0000000087f00000|  0%| F|  |TAMS 0x0000000087e00000, 0x0000000087e00000| Untracked 
| 127|0x0000000087f00000, 0x0000000087f00000, 0x0000000088000000|  0%| F|  |TAMS 0x0000000087f00000, 0x0000000087f00000| Untracked 
| 128|0x0000000088000000, 0x0000000088000000, 0x0000000088100000|  0%| F|  |TAMS 0x0000000088000000, 0x0000000088000000| Untracked 
| 129|0x0000000088100000, 0x0000000088100000, 0x0000000088200000|  0%| F|  |TAMS 0x0000000088100000, 0x0000000088100000| Untracked 
| 130|0x0000000088200000, 0x0000000088300000, 0x0000000088300000|100%| O|  |TAMS 0x0000000088300000, 0x0000000088200000| Complete 
| 131|0x0000000088300000, 0x0000000088300000, 0x0000000088400000|  0%| F|  |TAMS 0x0000000088300000, 0x0000000088300000| Untracked 
| 132|0x0000000088400000, 0x0000000088500000, 0x0000000088500000|100%| O|  |TAMS 0x0000000088500000, 0x0000000088400000| Complete 
| 133|0x0000000088500000, 0x0000000088600000, 0x0000000088600000|100%| O|  |TAMS 0x0000000088600000, 0x0000000088500000| Complete 
| 134|0x0000000088600000, 0x0000000088700000, 0x0000000088700000|100%| O|  |TAMS 0x0000000088700000, 0x0000000088600000| Untracked 
| 135|0x0000000088700000, 0x0000000088800000, 0x0000000088800000|100%| O|  |TAMS 0x0000000088800000, 0x0000000088700000| Untracked 
| 136|0x0000000088800000, 0x0000000088900000, 0x0000000088900000|100%|HS|  |TAMS 0x0000000088800000, 0x0000000088800000| Complete 
| 137|0x0000000088900000, 0x0000000088a00000, 0x0000000088a00000|100%|HC|  |TAMS 0x0000000088900000, 0x0000000088900000| Complete 
| 138|0x0000000088a00000, 0x0000000088b00000, 0x0000000088b00000|100%|HC|  |TAMS 0x0000000088a00000, 0x0000000088a00000| Complete 
| 139|0x0000000088b00000, 0x0000000088c00000, 0x0000000088c00000|100%|HC|  |TAMS 0x0000000088b00000, 0x0000000088b00000| Complete 
| 140|0x0000000088c00000, 0x0000000088d00000, 0x0000000088d00000|100%|HC|  |TAMS 0x0000000088c00000, 0x0000000088c00000| Complete 
| 141|0x0000000088d00000, 0x0000000088d00000, 0x0000000088e00000|  0%| F|  |TAMS 0x0000000088d00000, 0x0000000088d00000| Untracked 
| 142|0x0000000088e00000, 0x0000000088e00000, 0x0000000088f00000|  0%| F|  |TAMS 0x0000000088e00000, 0x0000000088e00000| Untracked 
| 143|0x0000000088f00000, 0x0000000089000000, 0x0000000089000000|100%| O|  |TAMS 0x0000000089000000, 0x0000000088f00000| Complete 
| 144|0x0000000089000000, 0x0000000089100000, 0x0000000089100000|100%| O|  |TAMS 0x0000000089100000, 0x0000000089000000| Complete 
| 145|0x0000000089100000, 0x0000000089200000, 0x0000000089200000|100%|HS|  |TAMS 0x0000000089100000, 0x0000000089100000| Complete 
| 146|0x0000000089200000, 0x0000000089300000, 0x0000000089300000|100%|HC|  |TAMS 0x0000000089200000, 0x0000000089200000| Complete 
| 147|0x0000000089300000, 0x0000000089400000, 0x0000000089400000|100%|HC|  |TAMS 0x0000000089300000, 0x0000000089300000| Complete 
| 148|0x0000000089400000, 0x0000000089500000, 0x0000000089500000|100%|HC|  |TAMS 0x0000000089400000, 0x0000000089400000| Complete 
| 149|0x0000000089500000, 0x0000000089600000, 0x0000000089600000|100%|HC|  |TAMS 0x0000000089500000, 0x0000000089500000| Complete 
| 150|0x0000000089600000, 0x0000000089700000, 0x0000000089700000|100%|HS|  |TAMS 0x0000000089600000, 0x0000000089600000| Complete 
| 151|0x0000000089700000, 0x0000000089800000, 0x0000000089800000|100%|HC|  |TAMS 0x0000000089700000, 0x0000000089700000| Complete 
| 152|0x0000000089800000, 0x0000000089900000, 0x0000000089900000|100%|HS|  |TAMS 0x0000000089800000, 0x0000000089800000| Complete 
| 153|0x0000000089900000, 0x0000000089a00000, 0x0000000089a00000|100%|HC|  |TAMS 0x0000000089900000, 0x0000000089900000| Complete 
| 154|0x0000000089a00000, 0x0000000089b00000, 0x0000000089b00000|100%|HS|  |TAMS 0x0000000089a00000, 0x0000000089a00000| Complete 
| 155|0x0000000089b00000, 0x0000000089c00000, 0x0000000089c00000|100%|HC|  |TAMS 0x0000000089b00000, 0x0000000089b00000| Complete 
| 156|0x0000000089c00000, 0x0000000089c00000, 0x0000000089d00000|  0%| F|  |TAMS 0x0000000089c00000, 0x0000000089c00000| Untracked 
| 157|0x0000000089d00000, 0x0000000089d00000, 0x0000000089e00000|  0%| F|  |TAMS 0x0000000089d00000, 0x0000000089d00000| Untracked 
| 158|0x0000000089e00000, 0x0000000089e00000, 0x0000000089f00000|  0%| F|  |TAMS 0x0000000089e00000, 0x0000000089e00000| Untracked 
| 159|0x0000000089f00000, 0x0000000089f00000, 0x000000008a000000|  0%| F|  |TAMS 0x0000000089f00000, 0x0000000089f00000| Untracked 
| 160|0x000000008a000000, 0x000000008a000000, 0x000000008a100000|  0%| F|  |TAMS 0x000000008a000000, 0x000000008a000000| Untracked 
| 161|0x000000008a100000, 0x000000008a100000, 0x000000008a200000|  0%| F|  |TAMS 0x000000008a100000, 0x000000008a100000| Untracked 
| 162|0x000000008a200000, 0x000000008a200000, 0x000000008a300000|  0%| F|  |TAMS 0x000000008a200000, 0x000000008a200000| Untracked 
| 163|0x000000008a300000, 0x000000008a300000, 0x000000008a400000|  0%| F|  |TAMS 0x000000008a300000, 0x000000008a300000| Untracked 
| 164|0x000000008a400000, 0x000000008a400000, 0x000000008a500000|  0%| F|  |TAMS 0x000000008a400000, 0x000000008a400000| Untracked 
| 165|0x000000008a500000, 0x000000008a500000, 0x000000008a600000|  0%| F|  |TAMS 0x000000008a500000, 0x000000008a500000| Untracked 
| 166|0x000000008a600000, 0x000000008a600000, 0x000000008a700000|  0%| F|  |TAMS 0x000000008a600000, 0x000000008a600000| Untracked 
| 167|0x000000008a700000, 0x000000008a700000, 0x000000008a800000|  0%| F|  |TAMS 0x000000008a700000, 0x000000008a700000| Untracked 
| 168|0x000000008a800000, 0x000000008a800000, 0x000000008a900000|  0%| F|  |TAMS 0x000000008a800000, 0x000000008a800000| Untracked 
| 169|0x000000008a900000, 0x000000008a900000, 0x000000008aa00000|  0%| F|  |TAMS 0x000000008a900000, 0x000000008a900000| Untracked 
| 170|0x000000008aa00000, 0x000000008aa00000, 0x000000008ab00000|  0%| F|  |TAMS 0x000000008aa00000, 0x000000008aa00000| Untracked 
| 171|0x000000008ab00000, 0x000000008ab00000, 0x000000008ac00000|  0%| F|  |TAMS 0x000000008ab00000, 0x000000008ab00000| Untracked 
| 172|0x000000008ac00000, 0x000000008ac00000, 0x000000008ad00000|  0%| F|  |TAMS 0x000000008ac00000, 0x000000008ac00000| Untracked 
| 173|0x000000008ad00000, 0x000000008ad00000, 0x000000008ae00000|  0%| F|  |TAMS 0x000000008ad00000, 0x000000008ad00000| Untracked 
| 174|0x000000008ae00000, 0x000000008ae00000, 0x000000008af00000|  0%| F|  |TAMS 0x000000008ae00000, 0x000000008ae00000| Untracked 
| 175|0x000000008af00000, 0x000000008af00000, 0x000000008b000000|  0%| F|  |TAMS 0x000000008af00000, 0x000000008af00000| Untracked 
| 176|0x000000008b000000, 0x000000008b000000, 0x000000008b100000|  0%| F|  |TAMS 0x000000008b000000, 0x000000008b000000| Untracked 
| 177|0x000000008b100000, 0x000000008b100000, 0x000000008b200000|  0%| F|  |TAMS 0x000000008b100000, 0x000000008b100000| Untracked 
| 178|0x000000008b200000, 0x000000008b200000, 0x000000008b300000|  0%| F|  |TAMS 0x000000008b200000, 0x000000008b200000| Untracked 
| 179|0x000000008b300000, 0x000000008b300000, 0x000000008b400000|  0%| F|  |TAMS 0x000000008b300000, 0x000000008b300000| Untracked 
| 180|0x000000008b400000, 0x000000008b400000, 0x000000008b500000|  0%| F|  |TAMS 0x000000008b400000, 0x000000008b400000| Untracked 
| 181|0x000000008b500000, 0x000000008b500000, 0x000000008b600000|  0%| F|  |TAMS 0x000000008b500000, 0x000000008b500000| Untracked 
| 182|0x000000008b600000, 0x000000008b600000, 0x000000008b700000|  0%| F|  |TAMS 0x000000008b600000, 0x000000008b600000| Untracked 
| 183|0x000000008b700000, 0x000000008b700000, 0x000000008b800000|  0%| F|  |TAMS 0x000000008b700000, 0x000000008b700000| Untracked 
| 184|0x000000008b800000, 0x000000008b800000, 0x000000008b900000|  0%| F|  |TAMS 0x000000008b800000, 0x000000008b800000| Untracked 
| 185|0x000000008b900000, 0x000000008b900000, 0x000000008ba00000|  0%| F|  |TAMS 0x000000008b900000, 0x000000008b900000| Untracked 
| 186|0x000000008ba00000, 0x000000008ba00000, 0x000000008bb00000|  0%| F|  |TAMS 0x000000008ba00000, 0x000000008ba00000| Untracked 
| 187|0x000000008bb00000, 0x000000008bb00000, 0x000000008bc00000|  0%| F|  |TAMS 0x000000008bb00000, 0x000000008bb00000| Untracked 
| 188|0x000000008bc00000, 0x000000008bc00000, 0x000000008bd00000|  0%| F|  |TAMS 0x000000008bc00000, 0x000000008bc00000| Untracked 
| 189|0x000000008bd00000, 0x000000008bd00000, 0x000000008be00000|  0%| F|  |TAMS 0x000000008bd00000, 0x000000008bd00000| Untracked 
| 190|0x000000008be00000, 0x000000008be00000, 0x000000008bf00000|  0%| F|  |TAMS 0x000000008be00000, 0x000000008be00000| Untracked 
| 191|0x000000008bf00000, 0x000000008bf00000, 0x000000008c000000|  0%| F|  |TAMS 0x000000008bf00000, 0x000000008bf00000| Untracked 
| 192|0x000000008c000000, 0x000000008c000000, 0x000000008c100000|  0%| F|  |TAMS 0x000000008c000000, 0x000000008c000000| Untracked 
| 193|0x000000008c100000, 0x000000008c100000, 0x000000008c200000|  0%| F|  |TAMS 0x000000008c100000, 0x000000008c100000| Untracked 
| 194|0x000000008c200000, 0x000000008c200000, 0x000000008c300000|  0%| F|  |TAMS 0x000000008c200000, 0x000000008c200000| Untracked 
| 195|0x000000008c300000, 0x000000008c300000, 0x000000008c400000|  0%| F|  |TAMS 0x000000008c300000, 0x000000008c300000| Untracked 
| 196|0x000000008c400000, 0x000000008c400000, 0x000000008c500000|  0%| F|  |TAMS 0x000000008c400000, 0x000000008c400000| Untracked 
| 197|0x000000008c500000, 0x000000008c500000, 0x000000008c600000|  0%| F|  |TAMS 0x000000008c500000, 0x000000008c500000| Untracked 
| 198|0x000000008c600000, 0x000000008c600000, 0x000000008c700000|  0%| F|  |TAMS 0x000000008c600000, 0x000000008c600000| Untracked 
| 199|0x000000008c700000, 0x000000008c700000, 0x000000008c800000|  0%| F|  |TAMS 0x000000008c700000, 0x000000008c700000| Untracked 
| 200|0x000000008c800000, 0x000000008c800000, 0x000000008c900000|  0%| F|  |TAMS 0x000000008c800000, 0x000000008c800000| Untracked 
| 201|0x000000008c900000, 0x000000008c900000, 0x000000008ca00000|  0%| F|  |TAMS 0x000000008c900000, 0x000000008c900000| Untracked 
| 202|0x000000008ca00000, 0x000000008ca00000, 0x000000008cb00000|  0%| F|  |TAMS 0x000000008ca00000, 0x000000008ca00000| Untracked 
| 203|0x000000008cb00000, 0x000000008cb00000, 0x000000008cc00000|  0%| F|  |TAMS 0x000000008cb00000, 0x000000008cb00000| Untracked 
| 204|0x000000008cc00000, 0x000000008cc00000, 0x000000008cd00000|  0%| F|  |TAMS 0x000000008cc00000, 0x000000008cc00000| Untracked 
| 205|0x000000008cd00000, 0x000000008cd00000, 0x000000008ce00000|  0%| F|  |TAMS 0x000000008cd00000, 0x000000008cd00000| Untracked 
| 206|0x000000008ce00000, 0x000000008ce00000, 0x000000008cf00000|  0%| F|  |TAMS 0x000000008ce00000, 0x000000008ce00000| Untracked 
| 207|0x000000008cf00000, 0x000000008cf00000, 0x000000008d000000|  0%| F|  |TAMS 0x000000008cf00000, 0x000000008cf00000| Untracked 
| 208|0x000000008d000000, 0x000000008d000000, 0x000000008d100000|  0%| F|  |TAMS 0x000000008d000000, 0x000000008d000000| Untracked 
| 209|0x000000008d100000, 0x000000008d100000, 0x000000008d200000|  0%| F|  |TAMS 0x000000008d100000, 0x000000008d100000| Untracked 
| 210|0x000000008d200000, 0x000000008d200000, 0x000000008d300000|  0%| F|  |TAMS 0x000000008d200000, 0x000000008d200000| Untracked 
| 211|0x000000008d300000, 0x000000008d300000, 0x000000008d400000|  0%| F|  |TAMS 0x000000008d300000, 0x000000008d300000| Untracked 
| 212|0x000000008d400000, 0x000000008d400000, 0x000000008d500000|  0%| F|  |TAMS 0x000000008d400000, 0x000000008d400000| Untracked 
| 213|0x000000008d500000, 0x000000008d500000, 0x000000008d600000|  0%| F|  |TAMS 0x000000008d500000, 0x000000008d500000| Untracked 
| 214|0x000000008d600000, 0x000000008d600000, 0x000000008d700000|  0%| F|  |TAMS 0x000000008d600000, 0x000000008d600000| Untracked 
| 215|0x000000008d700000, 0x000000008d700000, 0x000000008d800000|  0%| F|  |TAMS 0x000000008d700000, 0x000000008d700000| Untracked 
| 216|0x000000008d800000, 0x000000008d800000, 0x000000008d900000|  0%| F|  |TAMS 0x000000008d800000, 0x000000008d800000| Untracked 
| 217|0x000000008d900000, 0x000000008d900000, 0x000000008da00000|  0%| F|  |TAMS 0x000000008d900000, 0x000000008d900000| Untracked 
| 218|0x000000008da00000, 0x000000008da00000, 0x000000008db00000|  0%| F|  |TAMS 0x000000008da00000, 0x000000008da00000| Untracked 
| 219|0x000000008db00000, 0x000000008db00000, 0x000000008dc00000|  0%| F|  |TAMS 0x000000008db00000, 0x000000008db00000| Untracked 
| 220|0x000000008dc00000, 0x000000008dc00000, 0x000000008dd00000|  0%| F|  |TAMS 0x000000008dc00000, 0x000000008dc00000| Untracked 
| 221|0x000000008dd00000, 0x000000008dd00000, 0x000000008de00000|  0%| F|  |TAMS 0x000000008dd00000, 0x000000008dd00000| Untracked 
| 222|0x000000008de00000, 0x000000008de00000, 0x000000008df00000|  0%| F|  |TAMS 0x000000008de00000, 0x000000008de00000| Untracked 
| 223|0x000000008df00000, 0x000000008df00000, 0x000000008e000000|  0%| F|  |TAMS 0x000000008df00000, 0x000000008df00000| Untracked 
| 224|0x000000008e000000, 0x000000008e000000, 0x000000008e100000|  0%| F|  |TAMS 0x000000008e000000, 0x000000008e000000| Untracked 
| 225|0x000000008e100000, 0x000000008e100000, 0x000000008e200000|  0%| F|  |TAMS 0x000000008e100000, 0x000000008e100000| Untracked 
| 226|0x000000008e200000, 0x000000008e200000, 0x000000008e300000|  0%| F|  |TAMS 0x000000008e200000, 0x000000008e200000| Untracked 
| 227|0x000000008e300000, 0x000000008e300000, 0x000000008e400000|  0%| F|  |TAMS 0x000000008e300000, 0x000000008e300000| Untracked 
| 228|0x000000008e400000, 0x000000008e400000, 0x000000008e500000|  0%| F|  |TAMS 0x000000008e400000, 0x000000008e400000| Untracked 
| 229|0x000000008e500000, 0x000000008e500000, 0x000000008e600000|  0%| F|  |TAMS 0x000000008e500000, 0x000000008e500000| Untracked 
| 230|0x000000008e600000, 0x000000008e600000, 0x000000008e700000|  0%| F|  |TAMS 0x000000008e600000, 0x000000008e600000| Untracked 
| 231|0x000000008e700000, 0x000000008e700000, 0x000000008e800000|  0%| F|  |TAMS 0x000000008e700000, 0x000000008e700000| Untracked 
| 232|0x000000008e800000, 0x000000008e800000, 0x000000008e900000|  0%| F|  |TAMS 0x000000008e800000, 0x000000008e800000| Untracked 
| 233|0x000000008e900000, 0x000000008e900000, 0x000000008ea00000|  0%| F|  |TAMS 0x000000008e900000, 0x000000008e900000| Untracked 
| 234|0x000000008ea00000, 0x000000008ea00000, 0x000000008eb00000|  0%| F|  |TAMS 0x000000008ea00000, 0x000000008ea00000| Untracked 
| 235|0x000000008eb00000, 0x000000008eb00000, 0x000000008ec00000|  0%| F|  |TAMS 0x000000008eb00000, 0x000000008eb00000| Untracked 
| 236|0x000000008ec00000, 0x000000008ec00000, 0x000000008ed00000|  0%| F|  |TAMS 0x000000008ec00000, 0x000000008ec00000| Untracked 
| 237|0x000000008ed00000, 0x000000008ed00000, 0x000000008ee00000|  0%| F|  |TAMS 0x000000008ed00000, 0x000000008ed00000| Untracked 
| 238|0x000000008ee00000, 0x000000008ee00000, 0x000000008ef00000|  0%| F|  |TAMS 0x000000008ee00000, 0x000000008ee00000| Untracked 
| 239|0x000000008ef00000, 0x000000008ef00000, 0x000000008f000000|  0%| F|  |TAMS 0x000000008ef00000, 0x000000008ef00000| Untracked 
| 240|0x000000008f000000, 0x000000008f000000, 0x000000008f100000|  0%| F|  |TAMS 0x000000008f000000, 0x000000008f000000| Untracked 
| 241|0x000000008f100000, 0x000000008f100000, 0x000000008f200000|  0%| F|  |TAMS 0x000000008f100000, 0x000000008f100000| Untracked 
| 242|0x000000008f200000, 0x000000008f200000, 0x000000008f300000|  0%| F|  |TAMS 0x000000008f200000, 0x000000008f200000| Untracked 
| 243|0x000000008f300000, 0x000000008f300000, 0x000000008f400000|  0%| F|  |TAMS 0x000000008f300000, 0x000000008f300000| Untracked 
| 244|0x000000008f400000, 0x000000008f400000, 0x000000008f500000|  0%| F|  |TAMS 0x000000008f400000, 0x000000008f400000| Untracked 
| 245|0x000000008f500000, 0x000000008f500000, 0x000000008f600000|  0%| F|  |TAMS 0x000000008f500000, 0x000000008f500000| Untracked 
| 246|0x000000008f600000, 0x000000008f600000, 0x000000008f700000|  0%| F|  |TAMS 0x000000008f600000, 0x000000008f600000| Untracked 
| 247|0x000000008f700000, 0x000000008f700000, 0x000000008f800000|  0%| F|  |TAMS 0x000000008f700000, 0x000000008f700000| Untracked 
| 248|0x000000008f800000, 0x000000008f8ca210, 0x000000008f900000| 78%| E|  |TAMS 0x000000008f800000, 0x000000008f800000| Complete 
| 249|0x000000008f900000, 0x000000008fa00000, 0x000000008fa00000|100%| E|CS|TAMS 0x000000008f900000, 0x000000008f900000| Complete 
| 250|0x000000008fa00000, 0x000000008fb00000, 0x000000008fb00000|100%| E|CS|TAMS 0x000000008fa00000, 0x000000008fa00000| Complete 
| 251|0x000000008fb00000, 0x000000008fc00000, 0x000000008fc00000|100%| E|CS|TAMS 0x000000008fb00000, 0x000000008fb00000| Complete 
| 252|0x000000008fc00000, 0x000000008fd00000, 0x000000008fd00000|100%| E|CS|TAMS 0x000000008fc00000, 0x000000008fc00000| Complete 
| 253|0x000000008fd00000, 0x000000008fe00000, 0x000000008fe00000|100%| E|CS|TAMS 0x000000008fd00000, 0x000000008fd00000| Complete 
| 254|0x000000008fe00000, 0x000000008ff00000, 0x000000008ff00000|100%| E|CS|TAMS 0x000000008fe00000, 0x000000008fe00000| Complete 
| 255|0x000000008ff00000, 0x0000000090000000, 0x0000000090000000|100%| E|CS|TAMS 0x000000008ff00000, 0x000000008ff00000| Complete 
| 256|0x0000000090000000, 0x0000000090100000, 0x0000000090100000|100%| E|CS|TAMS 0x0000000090000000, 0x0000000090000000| Complete 
| 257|0x0000000090100000, 0x0000000090200000, 0x0000000090200000|100%| E|CS|TAMS 0x0000000090100000, 0x0000000090100000| Complete 
| 258|0x0000000090200000, 0x0000000090300000, 0x0000000090300000|100%| E|CS|TAMS 0x0000000090200000, 0x0000000090200000| Complete 
| 259|0x0000000090300000, 0x00000000903a4760, 0x0000000090400000| 64%| S|CS|TAMS 0x0000000090300000, 0x0000000090300000| Complete 
| 260|0x0000000090400000, 0x0000000090500000, 0x0000000090500000|100%| S|CS|TAMS 0x0000000090400000, 0x0000000090400000| Complete 
| 261|0x0000000090500000, 0x0000000090600000, 0x0000000090600000|100%| S|CS|TAMS 0x0000000090500000, 0x0000000090500000| Complete 
| 262|0x0000000090600000, 0x0000000090700000, 0x0000000090700000|100%| S|CS|TAMS 0x0000000090600000, 0x0000000090600000| Complete 
| 263|0x0000000090700000, 0x0000000090800000, 0x0000000090800000|100%| E|CS|TAMS 0x0000000090700000, 0x0000000090700000| Complete 
| 264|0x0000000090800000, 0x0000000090900000, 0x0000000090900000|100%| E|CS|TAMS 0x0000000090800000, 0x0000000090800000| Complete 
| 265|0x0000000090900000, 0x0000000090a00000, 0x0000000090a00000|100%| E|CS|TAMS 0x0000000090900000, 0x0000000090900000| Complete 
| 266|0x0000000090a00000, 0x0000000090b00000, 0x0000000090b00000|100%| E|CS|TAMS 0x0000000090a00000, 0x0000000090a00000| Complete 
| 267|0x0000000090b00000, 0x0000000090c00000, 0x0000000090c00000|100%| E|CS|TAMS 0x0000000090b00000, 0x0000000090b00000| Complete 
| 268|0x0000000090c00000, 0x0000000090d00000, 0x0000000090d00000|100%| E|CS|TAMS 0x0000000090c00000, 0x0000000090c00000| Complete 
| 269|0x0000000090d00000, 0x0000000090e00000, 0x0000000090e00000|100%| E|CS|TAMS 0x0000000090d00000, 0x0000000090d00000| Complete 
| 270|0x0000000090e00000, 0x0000000090f00000, 0x0000000090f00000|100%| E|CS|TAMS 0x0000000090e00000, 0x0000000090e00000| Complete 
| 271|0x0000000090f00000, 0x0000000091000000, 0x0000000091000000|100%| E|CS|TAMS 0x0000000090f00000, 0x0000000090f00000| Complete 
| 272|0x0000000091000000, 0x0000000091100000, 0x0000000091100000|100%| E|CS|TAMS 0x0000000091000000, 0x0000000091000000| Complete 
| 273|0x0000000091100000, 0x0000000091200000, 0x0000000091200000|100%| E|CS|TAMS 0x0000000091100000, 0x0000000091100000| Complete 
| 274|0x0000000091200000, 0x0000000091300000, 0x0000000091300000|100%| E|CS|TAMS 0x0000000091200000, 0x0000000091200000| Complete 
| 275|0x0000000091300000, 0x0000000091400000, 0x0000000091400000|100%| E|CS|TAMS 0x0000000091300000, 0x0000000091300000| Complete 
| 276|0x0000000091400000, 0x0000000091500000, 0x0000000091500000|100%| E|CS|TAMS 0x0000000091400000, 0x0000000091400000| Complete 
| 277|0x0000000091500000, 0x0000000091600000, 0x0000000091600000|100%| E|CS|TAMS 0x0000000091500000, 0x0000000091500000| Complete 
| 278|0x0000000091600000, 0x0000000091700000, 0x0000000091700000|100%| E|CS|TAMS 0x0000000091600000, 0x0000000091600000| Complete 
| 279|0x0000000091700000, 0x0000000091800000, 0x0000000091800000|100%| E|CS|TAMS 0x0000000091700000, 0x0000000091700000| Complete 
| 280|0x0000000091800000, 0x0000000091900000, 0x0000000091900000|100%| E|CS|TAMS 0x0000000091800000, 0x0000000091800000| Complete 
| 281|0x0000000091900000, 0x0000000091a00000, 0x0000000091a00000|100%| E|CS|TAMS 0x0000000091900000, 0x0000000091900000| Complete 
| 282|0x0000000091a00000, 0x0000000091b00000, 0x0000000091b00000|100%| E|CS|TAMS 0x0000000091a00000, 0x0000000091a00000| Complete 
| 283|0x0000000091b00000, 0x0000000091c00000, 0x0000000091c00000|100%| E|CS|TAMS 0x0000000091b00000, 0x0000000091b00000| Complete 
| 284|0x0000000091c00000, 0x0000000091d00000, 0x0000000091d00000|100%| E|CS|TAMS 0x0000000091c00000, 0x0000000091c00000| Complete 
| 285|0x0000000091d00000, 0x0000000091e00000, 0x0000000091e00000|100%| E|CS|TAMS 0x0000000091d00000, 0x0000000091d00000| Complete 
| 286|0x0000000091e00000, 0x0000000091f00000, 0x0000000091f00000|100%| E|CS|TAMS 0x0000000091e00000, 0x0000000091e00000| Complete 
| 287|0x0000000091f00000, 0x0000000092000000, 0x0000000092000000|100%| E|CS|TAMS 0x0000000091f00000, 0x0000000091f00000| Complete 
| 288|0x0000000092000000, 0x0000000092100000, 0x0000000092100000|100%| E|CS|TAMS 0x0000000092000000, 0x0000000092000000| Complete 
| 289|0x0000000092100000, 0x0000000092200000, 0x0000000092200000|100%| E|CS|TAMS 0x0000000092100000, 0x0000000092100000| Complete 
| 290|0x0000000092200000, 0x0000000092300000, 0x0000000092300000|100%| E|CS|TAMS 0x0000000092200000, 0x0000000092200000| Complete 
| 291|0x0000000092300000, 0x0000000092400000, 0x0000000092400000|100%| E|CS|TAMS 0x0000000092300000, 0x0000000092300000| Complete 
| 292|0x0000000092400000, 0x0000000092500000, 0x0000000092500000|100%| E|CS|TAMS 0x0000000092400000, 0x0000000092400000| Complete 
| 293|0x0000000092500000, 0x0000000092600000, 0x0000000092600000|100%| E|CS|TAMS 0x0000000092500000, 0x0000000092500000| Complete 
| 294|0x0000000092600000, 0x0000000092700000, 0x0000000092700000|100%| E|CS|TAMS 0x0000000092600000, 0x0000000092600000| Complete 
| 295|0x0000000092700000, 0x0000000092800000, 0x0000000092800000|100%| E|CS|TAMS 0x0000000092700000, 0x0000000092700000| Complete 
| 296|0x0000000092800000, 0x0000000092900000, 0x0000000092900000|100%| E|CS|TAMS 0x0000000092800000, 0x0000000092800000| Complete 
| 297|0x0000000092900000, 0x0000000092a00000, 0x0000000092a00000|100%| E|CS|TAMS 0x0000000092900000, 0x0000000092900000| Complete 
| 298|0x0000000092a00000, 0x0000000092b00000, 0x0000000092b00000|100%| E|CS|TAMS 0x0000000092a00000, 0x0000000092a00000| Complete 
| 299|0x0000000092b00000, 0x0000000092c00000, 0x0000000092c00000|100%| E|CS|TAMS 0x0000000092b00000, 0x0000000092b00000| Complete 
| 300|0x0000000092c00000, 0x0000000092d00000, 0x0000000092d00000|100%| E|CS|TAMS 0x0000000092c00000, 0x0000000092c00000| Complete 
| 301|0x0000000092d00000, 0x0000000092e00000, 0x0000000092e00000|100%| E|CS|TAMS 0x0000000092d00000, 0x0000000092d00000| Complete 
| 302|0x0000000092e00000, 0x0000000092f00000, 0x0000000092f00000|100%| E|CS|TAMS 0x0000000092e00000, 0x0000000092e00000| Complete 
| 303|0x0000000092f00000, 0x0000000093000000, 0x0000000093000000|100%| E|CS|TAMS 0x0000000092f00000, 0x0000000092f00000| Complete 
| 304|0x0000000093000000, 0x0000000093100000, 0x0000000093100000|100%| E|CS|TAMS 0x0000000093000000, 0x0000000093000000| Complete 
| 305|0x0000000093100000, 0x0000000093200000, 0x0000000093200000|100%| E|CS|TAMS 0x0000000093100000, 0x0000000093100000| Complete 
| 306|0x0000000093200000, 0x0000000093300000, 0x0000000093300000|100%| E|CS|TAMS 0x0000000093200000, 0x0000000093200000| Complete 
| 307|0x0000000093300000, 0x0000000093400000, 0x0000000093400000|100%| E|CS|TAMS 0x0000000093300000, 0x0000000093300000| Complete 
| 308|0x0000000093400000, 0x0000000093500000, 0x0000000093500000|100%| E|CS|TAMS 0x0000000093400000, 0x0000000093400000| Complete 

Card table byte_map: [0x000001d26e730000,0x000001d26eb30000] _byte_map_base: 0x000001d26e330000

Marking Bits (Prev, Next): (CMBitMap*) 0x000001d25b9fe530, (CMBitMap*) 0x000001d25b9fe4f8
 Prev Bits: [0x000001d270f30000, 0x000001d272f30000)
 Next Bits: [0x000001d26ef30000, 0x000001d270f30000)

Polling page: 0x000001d259960000

Metaspace:

Usage:
  Non-class:     92.02 MB capacity,    90.39 MB ( 98%) used,     1.31 MB (  1%) free+waste,   315.50 KB ( <1%) overhead. 
      Class:     14.24 MB capacity,    13.28 MB ( 93%) used,   848.18 KB (  6%) free+waste,   142.69 KB ( <1%) overhead. 
       Both:    106.26 MB capacity,   103.67 MB ( 98%) used,     2.14 MB (  2%) free+waste,   458.19 KB ( <1%) overhead. 

Virtual space:
  Non-class space:       94.00 MB reserved,      92.25 MB ( 98%) committed 
      Class space:        1.00 GB reserved,      14.45 MB (  1%) committed 
             Both:        1.09 GB reserved,     106.70 MB ( 10%) committed 

Chunk freelists:
   Non-Class:  110.00 KB
       Class:  134.00 KB
        Both:  244.00 KB

MaxMetaspaceSize: 17179869184.00 GB
CompressedClassSpaceSize: 1.00 GB

CodeHeap 'non-profiled nmethods': size=120064Kb used=6606Kb max_used=6606Kb free=113458Kb
 bounds [0x000001d266df0000, 0x000001d267470000, 0x000001d26e330000]
CodeHeap 'profiled nmethods': size=120000Kb used=28967Kb max_used=28967Kb free=91032Kb
 bounds [0x000001d25f8c0000, 0x000001d261510000, 0x000001d266df0000]
CodeHeap 'non-nmethods': size=5696Kb used=2298Kb max_used=2340Kb free=3397Kb
 bounds [0x000001d25f330000, 0x000001d25f5a0000, 0x000001d25f8c0000]
 total_blobs=15002 nmethods=14092 adapters=820
 compilation: enabled
              stopped_count=0, restarted_count=0
 full_count=0

Compilation events (20 events):
Event: 135.195 Thread 0x000001d275d6f800 14636       3       jdk.internal.reflect.ClassFileAssembler::getMaxStack (6 bytes)
Event: 135.195 Thread 0x000001d275d6f800 nmethod 14636 0x000001d2614e9490 code [0x000001d2614e9640, 0x000001d2614e9758]
Event: 135.195 Thread 0x000001d275d6f800 14638       1       org.gradle.launcher.daemon.server.health.gc.GarbageCollectionEvent::getCount (5 bytes)
Event: 135.195 Thread 0x000001d275d6f800 nmethod 14638 0x000001d267461710 code [0x000001d2674618c0, 0x000001d267461978]
Event: 135.197 Thread 0x000001d275d6f800 14640       3       org.gradle.api.internal.tasks.DefaultTaskContainer_Decorated::getMutationGuard (39 bytes)
Event: 135.197 Thread 0x000001d275d6f800 nmethod 14640 0x000001d2614e9810 code [0x000001d2614e9a60, 0x000001d2614ea3a8]
Event: 135.212 Thread 0x000001d275d6f800 14641       1       groovy.lang.MetaClassImpl::getTheClass (5 bytes)
Event: 135.212 Thread 0x000001d275d6f800 nmethod 14641 0x000001d267461a10 code [0x000001d267461bc0, 0x000001d267461c78]
Event: 135.214 Thread 0x000001d275d6f800 14642       3       org.codehaus.groovy.runtime.MetaClassHelper::getMaximumInterfaceDistance (101 bytes)
Event: 135.214 Thread 0x000001d275d6f800 nmethod 14642 0x000001d2614ea690 code [0x000001d2614ea8a0, 0x000001d2614eae18]
Event: 135.216 Thread 0x000001d275d6f800 14644       3       groovy.lang.MetaClassImpl::chooseMethodInternal (269 bytes)
Event: 135.223 Thread 0x000001d275d6f800 nmethod 14644 0x000001d2614eb090 code [0x000001d2614eb4e0, 0x000001d2614edb78]
Event: 135.223 Thread 0x000001d275d6f800 14643       3       groovy.lang.MetaClassImpl::chooseMethod (29 bytes)
Event: 135.223 Thread 0x000001d275d6f800 nmethod 14643 0x000001d2614ee810 code [0x000001d2614ee9e0, 0x000001d2614eed58]
Event: 135.223 Thread 0x000001d275d6f800 14645       3       groovy.lang.MetaClassImpl::pickMethod (12 bytes)
Event: 135.224 Thread 0x000001d275d6f800 nmethod 14645 0x000001d2614eee90 code [0x000001d2614ef0a0, 0x000001d2614ef788]
Event: 135.225 Thread 0x000001d275d6f800 14646       1       org.gradle.api.internal.plugins.PluginInspector$PotentialImperativeClassPlugin::asClass (5 bytes)
Event: 135.225 Thread 0x000001d275d6f800 nmethod 14646 0x000001d267461d10 code [0x000001d267461ec0, 0x000001d267461f78]
Event: 135.253 Thread 0x000001d275d6f800 14647       3       org.gradle.plugin.use.internal.DefaultPluginId::equals (41 bytes)
Event: 135.253 Thread 0x000001d275d6f800 nmethod 14647 0x000001d2614ef990 code [0x000001d2614efb60, 0x000001d2614efea8]

GC Heap History (20 events):
Event: 47.064 GC heap before
{Heap before GC invocations=48 (full 0):
 garbage-first heap   total 179200K, used 131584K [0x0000000080000000, 0x0000000100000000)
  region size 1024K, 21 young (21504K), 3 survivors (3072K)
 Metaspace       used 97520K, capacity 100244K, committed 100428K, reserved 1136640K
  class space    used 12805K, capacity 13833K, committed 13900K, reserved 1048576K
}
Event: 47.130 GC heap after
{Heap after GC invocations=49 (full 0):
 garbage-first heap   total 263168K, used 122112K [0x0000000080000000, 0x0000000100000000)
  region size 1024K, 3 young (3072K), 3 survivors (3072K)
 Metaspace       used 97520K, capacity 100244K, committed 100428K, reserved 1136640K
  class space    used 12805K, capacity 13833K, committed 13900K, reserved 1048576K
}
Event: 49.235 GC heap before
{Heap before GC invocations=50 (full 0):
 garbage-first heap   total 263168K, used 137472K [0x0000000080000000, 0x0000000100000000)
  region size 1024K, 19 young (19456K), 3 survivors (3072K)
 Metaspace       used 97311K, capacity 99850K, committed 100428K, reserved 1136640K
  class space    used 12697K, capacity 13658K, committed 13900K, reserved 1048576K
}
Event: 49.306 GC heap after
{Heap after GC invocations=51 (full 0):
 garbage-first heap   total 263168K, used 127434K [0x0000000080000000, 0x0000000100000000)
  region size 1024K, 3 young (3072K), 3 survivors (3072K)
 Metaspace       used 97311K, capacity 99850K, committed 100428K, reserved 1136640K
  class space    used 12697K, capacity 13658K, committed 13900K, reserved 1048576K
}
Event: 49.705 GC heap before
{Heap before GC invocations=51 (full 0):
 garbage-first heap   total 263168K, used 144842K [0x0000000080000000, 0x0000000100000000)
  region size 1024K, 22 young (22528K), 3 survivors (3072K)
 Metaspace       used 97326K, capacity 99852K, committed 100428K, reserved 1136640K
  class space    used 12697K, capacity 13658K, committed 13900K, reserved 1048576K
}
Event: 49.768 GC heap after
{Heap after GC invocations=52 (full 0):
 garbage-first heap   total 263168K, used 133120K [0x0000000080000000, 0x0000000100000000)
  region size 1024K, 3 young (3072K), 3 survivors (3072K)
 Metaspace       used 97326K, capacity 99852K, committed 100428K, reserved 1136640K
  class space    used 12697K, capacity 13658K, committed 13900K, reserved 1048576K
}
Event: 51.147 GC heap before
{Heap before GC invocations=53 (full 0):
 garbage-first heap   total 263168K, used 141312K [0x0000000080000000, 0x0000000100000000)
  region size 1024K, 14 young (14336K), 3 survivors (3072K)
 Metaspace       used 97384K, capacity 99887K, committed 100684K, reserved 1136640K
  class space    used 12688K, capacity 13642K, committed 13900K, reserved 1048576K
}
Event: 51.175 GC heap after
{Heap after GC invocations=54 (full 0):
 garbage-first heap   total 263168K, used 135070K [0x0000000080000000, 0x0000000100000000)
  region size 1024K, 3 young (3072K), 3 survivors (3072K)
 Metaspace       used 97384K, capacity 99887K, committed 100684K, reserved 1136640K
  class space    used 12688K, capacity 13642K, committed 13900K, reserved 1048576K
}
Event: 52.108 GC heap before
{Heap before GC invocations=55 (full 0):
 garbage-first heap   total 263168K, used 160670K [0x0000000080000000, 0x0000000100000000)
  region size 1024K, 28 young (28672K), 3 survivors (3072K)
 Metaspace       used 97461K, capacity 99982K, committed 100684K, reserved 1136640K
  class space    used 12693K, capacity 13650K, committed 13900K, reserved 1048576K
}
Event: 52.120 GC heap after
{Heap after GC invocations=56 (full 0):
 garbage-first heap   total 263168K, used 139200K [0x0000000080000000, 0x0000000100000000)
  region size 1024K, 4 young (4096K), 4 survivors (4096K)
 Metaspace       used 97461K, capacity 99982K, committed 100684K, reserved 1136640K
  class space    used 12693K, capacity 13650K, committed 13900K, reserved 1048576K
}
Event: 52.154 GC heap before
{Heap before GC invocations=56 (full 0):
 garbage-first heap   total 263168K, used 147392K [0x0000000080000000, 0x0000000100000000)
  region size 1024K, 12 young (12288K), 4 survivors (4096K)
 Metaspace       used 97468K, capacity 99983K, committed 100684K, reserved 1136640K
  class space    used 12693K, capacity 13650K, committed 13900K, reserved 1048576K
}
Event: 52.167 GC heap after
{Heap after GC invocations=57 (full 0):
 garbage-first heap   total 263168K, used 137793K [0x0000000080000000, 0x0000000100000000)
  region size 1024K, 2 young (2048K), 2 survivors (2048K)
 Metaspace       used 97468K, capacity 99983K, committed 100684K, reserved 1136640K
  class space    used 12693K, capacity 13650K, committed 13900K, reserved 1048576K
}
Event: 52.199 GC heap before
{Heap before GC invocations=57 (full 0):
 garbage-first heap   total 263168K, used 153153K [0x0000000080000000, 0x0000000100000000)
  region size 1024K, 19 young (19456K), 2 survivors (2048K)
 Metaspace       used 97468K, capacity 99983K, committed 100684K, reserved 1136640K
  class space    used 12693K, capacity 13650K, committed 13900K, reserved 1048576K
}
Event: 52.208 GC heap after
{Heap after GC invocations=58 (full 0):
 garbage-first heap   total 263168K, used 141066K [0x0000000080000000, 0x0000000100000000)
  region size 1024K, 5 young (5120K), 5 survivors (5120K)
 Metaspace       used 97468K, capacity 99983K, committed 100684K, reserved 1136640K
  class space    used 12693K, capacity 13650K, committed 13900K, reserved 1048576K
}
Event: 53.732 GC heap before
{Heap before GC invocations=59 (full 0):
 garbage-first heap   total 263168K, used 188170K [0x0000000080000000, 0x0000000100000000)
  region size 1024K, 45 young (46080K), 5 survivors (5120K)
 Metaspace       used 97893K, capacity 100384K, committed 100940K, reserved 1136640K
  class space    used 12720K, capacity 13659K, committed 13900K, reserved 1048576K
}
Event: 53.759 GC heap after
{Heap after GC invocations=60 (full 0):
 garbage-first heap   total 263168K, used 142615K [0x0000000080000000, 0x0000000100000000)
  region size 1024K, 1 young (1024K), 1 survivors (1024K)
 Metaspace       used 97893K, capacity 100384K, committed 100940K, reserved 1136640K
  class space    used 12720K, capacity 13659K, committed 13900K, reserved 1048576K
}
Event: 54.144 GC heap before
{Heap before GC invocations=60 (full 0):
 garbage-first heap   total 263168K, used 152855K [0x0000000080000000, 0x0000000100000000)
  region size 1024K, 12 young (12288K), 1 survivors (1024K)
 Metaspace       used 98805K, capacity 101280K, committed 101836K, reserved 1136640K
  class space    used 12844K, capacity 13787K, committed 14028K, reserved 1048576K
}
Event: 54.159 GC heap after
{Heap after GC invocations=61 (full 0):
 garbage-first heap   total 316416K, used 142324K [0x0000000080000000, 0x0000000100000000)
  region size 1024K, 1 young (1024K), 1 survivors (1024K)
 Metaspace       used 98805K, capacity 101280K, committed 101836K, reserved 1136640K
  class space    used 12844K, capacity 13787K, committed 14028K, reserved 1048576K
}
Event: 56.390 GC heap before
{Heap before GC invocations=61 (full 0):
 garbage-first heap   total 316416K, used 187380K [0x0000000080000000, 0x0000000100000000)
  region size 1024K, 47 young (48128K), 1 survivors (1024K)
 Metaspace       used 102540K, capacity 105110K, committed 105676K, reserved 1140736K
  class space    used 13313K, capacity 14290K, committed 14540K, reserved 1048576K
}
Event: 56.431 GC heap after
{Heap after GC invocations=62 (full 0):
 garbage-first heap   total 316416K, used 145041K [0x0000000080000000, 0x0000000100000000)
  region size 1024K, 4 young (4096K), 4 survivors (4096K)
 Metaspace       used 102540K, capacity 105110K, committed 105676K, reserved 1140736K
  class space    used 13313K, capacity 14290K, committed 14540K, reserved 1048576K
}

Deoptimization events (20 events):
Event: 134.457 Thread 0x000001d27a3b8000 DEOPT PACKING pc=0x000001d267446e24 sp=0x00000011eb6f97d0
Event: 134.457 Thread 0x000001d27a3b8000 DEOPT UNPACKING pc=0x000001d25f3574af sp=0x00000011eb6f9798 mode 2
Event: 134.458 Thread 0x000001d27a3b8000 Uncommon trap: trap_request=0xffffffde fr.pc=0x000001d267446e24 relative=0x00000000000001e4
Event: 134.458 Thread 0x000001d27a3b8000 Uncommon trap: reason=class_check action=maybe_recompile pc=0x000001d267446e24 method=com.google.common.collect.ImmutableList.copyOf(Ljava/util/Collection;)Lcom/google/common/collect/ImmutableList; @ 8 c2
Event: 134.458 Thread 0x000001d27a3b8000 DEOPT PACKING pc=0x000001d267446e24 sp=0x00000011eb6f97d0
Event: 134.458 Thread 0x000001d27a3b8000 DEOPT UNPACKING pc=0x000001d25f3574af sp=0x00000011eb6f9798 mode 2
Event: 134.459 Thread 0x000001d27a3b8000 Uncommon trap: trap_request=0xffffffde fr.pc=0x000001d267446e24 relative=0x00000000000001e4
Event: 134.459 Thread 0x000001d27a3b8000 Uncommon trap: reason=class_check action=maybe_recompile pc=0x000001d267446e24 method=com.google.common.collect.ImmutableList.copyOf(Ljava/util/Collection;)Lcom/google/common/collect/ImmutableList; @ 8 c2
Event: 134.459 Thread 0x000001d27a3b8000 DEOPT PACKING pc=0x000001d267446e24 sp=0x00000011eb6f97d0
Event: 134.459 Thread 0x000001d27a3b8000 DEOPT UNPACKING pc=0x000001d25f3574af sp=0x00000011eb6f9798 mode 2
Event: 134.493 Thread 0x000001d27a3b8000 Uncommon trap: trap_request=0xffffff4d fr.pc=0x000001d2670f19f0 relative=0x00000000000004b0
Event: 134.493 Thread 0x000001d27a3b8000 Uncommon trap: reason=unstable_if action=reinterpret pc=0x000001d2670f19f0 method=java.util.concurrent.ConcurrentLinkedQueue.poll()Ljava/lang/Object; @ 24 c2
Event: 134.494 Thread 0x000001d27a3b8000 DEOPT PACKING pc=0x000001d2670f19f0 sp=0x00000011eb6f9220
Event: 134.494 Thread 0x000001d27a3b8000 DEOPT UNPACKING pc=0x000001d25f3574af sp=0x00000011eb6f91d8 mode 2
Event: 134.682 Thread 0x000001d27a6b3800 DEOPT PACKING pc=0x000001d26001368b sp=0x00000011ef5fe910
Event: 134.684 Thread 0x000001d27a6b3800 DEOPT UNPACKING pc=0x000001d25f3572ce sp=0x00000011ef5fdec8 mode 0
Event: 134.769 Thread 0x000001d27a3b8000 Uncommon trap: trap_request=0xffffff4d fr.pc=0x000001d267451f40 relative=0x00000000000000a0
Event: 134.769 Thread 0x000001d27a3b8000 Uncommon trap: reason=unstable_if action=reinterpret pc=0x000001d267451f40 method=org.gradle.util.GUtil.isTrue(Ljava/lang/Object;)Z @ 10 c2
Event: 134.769 Thread 0x000001d27a3b8000 DEOPT PACKING pc=0x000001d267451f40 sp=0x00000011eb6f9f80
Event: 134.769 Thread 0x000001d27a3b8000 DEOPT UNPACKING pc=0x000001d25f3574af sp=0x00000011eb6f9f10 mode 2

Classes redefined (0 events):
No events

Internal exceptions (20 events):
Event: 43.022 Thread 0x000001d27a3c2000 Exception <a 'sun/nio/fs/WindowsException'{0x0000000089ea2490}> (0x0000000089ea2490) thrown at [./src/hotspot/share/prims/jni.cpp, line 615]
Event: 43.039 Thread 0x000001d27a3c2800 Exception <a 'sun/nio/fs/WindowsException'{0x0000000089ec8f00}> (0x0000000089ec8f00) thrown at [./src/hotspot/share/prims/jni.cpp, line 615]
Event: 43.040 Thread 0x000001d27a3c2000 Exception <a 'sun/nio/fs/WindowsException'{0x0000000089ea9710}> (0x0000000089ea9710) thrown at [./src/hotspot/share/prims/jni.cpp, line 615]
Event: 43.042 Thread 0x000001d27a3c2800 Exception <a 'sun/nio/fs/WindowsException'{0x0000000089ed05b8}> (0x0000000089ed05b8) thrown at [./src/hotspot/share/prims/jni.cpp, line 615]
Event: 43.051 Thread 0x000001d27a3c2000 Exception <a 'sun/nio/fs/WindowsException'{0x0000000089eb0dc8}> (0x0000000089eb0dc8) thrown at [./src/hotspot/share/prims/jni.cpp, line 615]
Event: 44.102 Thread 0x000001d27a3be000 Exception <a 'java/lang/NoSuchMethodError'{0x000000008834bf98}: <clinit>> (0x000000008834bf98) thrown at [./src/hotspot/share/prims/jni.cpp, line 1362]
Event: 44.606 Thread 0x000001d27ed46800 Exception <a 'sun/nio/fs/WindowsException'{0x00000000878acd28}> (0x00000000878acd28) thrown at [./src/hotspot/share/prims/jni.cpp, line 615]
Event: 53.530 Thread 0x000001d27ed45800 Exception <a 'sun/nio/fs/WindowsException'{0x000000008d7faf28}> (0x000000008d7faf28) thrown at [./src/hotspot/share/prims/jni.cpp, line 615]
Event: 55.352 Thread 0x000001d27a3bf800 Exception <a 'java/lang/NoSuchMethodError'{0x0000000091cdfac8}: <clinit>> (0x0000000091cdfac8) thrown at [./src/hotspot/share/prims/jni.cpp, line 1362]
Event: 55.527 Thread 0x000001d27ed46800 Exception <a 'sun/nio/fs/WindowsException'{0x00000000919f7950}> (0x00000000919f7950) thrown at [./src/hotspot/share/prims/jni.cpp, line 615]
Event: 55.539 Thread 0x000001d27ed46800 Implicit null exception at 0x000001d266f2af1f to 0x000001d266f2d8d0
Event: 55.700 Thread 0x000001d27ed46800 Exception <a 'java/lang/NoSuchMethodError'{0x0000000091490628}: 'java.lang.Object java.lang.invoke.Invokers$Holder.linkToTargetMethod(java.lang.Object, java.lang.Object, java.lang.Object, java.lang.Object, int, java.lang.Object, java.lang.Object)'> (0x0000000091490628) thrown at [./src/hotspot/share/interpreter/linkResolver.cpp, line 773]
Event: 55.783 Thread 0x000001d27ed46800 Exception <a 'java/lang/NoSuchMethodError'{0x0000000091074390}: 'java.lang.Object java.lang.invoke.DirectMethodHandle$Holder.invokeStatic(java.lang.Object, java.lang.Object, java.lang.Object, java.lang.Object, java.lang.Object, java.lang.Object, java.lang.Object, int)'> (0x0000000091074390) thrown at [./src/hotspot/share/interpreter/linkResolver.cpp, line 773]
Event: 55.783 Thread 0x000001d27ed46800 Exception <a 'java/lang/NoSuchMethodError'{0x00000000910787c8}: 'java.lang.Object java.lang.invoke.DirectMethodHandle$Holder.invokeSpecial(java.lang.Object, java.lang.Object, java.lang.Object, java.lang.Object, java.lang.Object, java.lang.Object, java.lang.Object, java.lang.Object, int)'> (0x00000000910787c8) thrown at [./src/hotspot/share/interpreter/linkResolver.cpp, line 773]
Event: 55.783 Thread 0x000001d27ed46800 Exception <a 'java/lang/NoSuchMethodError'{0x000000009107c580}: 'java.lang.Object java.lang.invoke.Invokers$Holder.linkToTargetMethod(java.lang.Object, java.lang.Object, java.lang.Object, java.lang.Object, java.lang.Object, java.lang.Object, int, java.lang.Object)'> (0x000000009107c580) thrown at [./src/hotspot/share/interpreter/linkResolver.cpp, line 773]
Event: 57.224 Thread 0x000001d27ed46800 Exception <a 'java/lang/NoSuchMethodError'{0x0000000093275850}: 'java.lang.Object java.lang.invoke.DirectMethodHandle$Holder.invokeVirtual(java.lang.Object, java.lang.Object, int)'> (0x0000000093275850) thrown at [./src/hotspot/share/interpreter/linkResolver.cpp, line 773]
Event: 57.366 Thread 0x000001d276d76800 Exception <a 'java/lang/NoSuchMethodError'{0x00000000930efe30}: 'java.lang.Object java.lang.invoke.DirectMethodHandle$Holder.invokeSpecial(java.lang.Object, java.lang.Object, java.lang.Object, int, int, java.lang.Object, java.lang.Object)'> (0x00000000930efe30) thrown at [./src/hotspot/share/interpreter/linkResolver.cpp, line 773]
Event: 57.367 Thread 0x000001d276d76800 Exception <a 'java/lang/NoSuchMethodError'{0x00000000930f8fa0}: 'java.lang.Object java.lang.invoke.DirectMethodHandle$Holder.invokeStatic(java.lang.Object, java.lang.Object, java.lang.Object, int, int, java.lang.Object)'> (0x00000000930f8fa0) thrown at [./src/hotspot/share/interpreter/linkResolver.cpp, line 773]
Event: 57.367 Thread 0x000001d276d76800 Exception <a 'java/lang/NoSuchMethodError'{0x00000000930fccc0}: 'java.lang.Object java.lang.invoke.DirectMethodHandle$Holder.invokeSpecial(java.lang.Object, java.lang.Object, java.lang.Object, java.lang.Object, int, int, java.lang.Object)'> (0x00000000930fccc0) thrown at [./src/hotspot/share/interpreter/linkResolver.cpp, line 773]
Event: 57.367 Thread 0x000001d276d76800 Exception <a 'java/lang/NoSuchMethodError'{0x0000000092f2a898}: 'java.lang.Object java.lang.invoke.Invokers$Holder.linkToTargetMethod(java.lang.Object, java.lang.Object, int, int, java.lang.Object, java.lang.Object)'> (0x0000000092f2a898) thrown at [./src/hotspot/share/interpreter/linkResolver.cpp, line 773]

Events (20 events):
Event: 134.711 Thread 0x000001d27f836800 Thread added: 0x000001d27f836800
Event: 134.712 Thread 0x000001d27f834800 Thread added: 0x000001d27f834800
Event: 134.713 Thread 0x000001d27f832800 Thread added: 0x000001d27f832800
Event: 134.713 Thread 0x000001d27f837000 Thread added: 0x000001d27f837000
Event: 134.714 Thread 0x000001d27f833000 Thread added: 0x000001d27f833000
Event: 134.715 Thread 0x000001d27f831800 Thread added: 0x000001d27f831800
Event: 134.715 Thread 0x000001d27f835800 Thread added: 0x000001d27f835800
Event: 134.716 Thread 0x000001d27f838000 Thread added: 0x000001d27f838000
Event: 134.717 Thread 0x000001d27f834000 Thread added: 0x000001d27f834000
Event: 134.717 Thread 0x000001d27a1a6800 Thread added: 0x000001d27a1a6800
Event: 134.861 Executing VM operation: RevokeBias
Event: 134.861 Executing VM operation: RevokeBias done
Event: 135.021 Executing VM operation: RevokeBias
Event: 135.021 Executing VM operation: RevokeBias done
Event: 135.081 Executing VM operation: RevokeBias
Event: 135.082 Executing VM operation: RevokeBias done
Event: 135.211 Executing VM operation: RevokeBias
Event: 135.211 Executing VM operation: RevokeBias done
Event: 135.212 Executing VM operation: RevokeBias
Event: 135.212 Executing VM operation: RevokeBias done


Dynamic libraries:
0x00007ff787cc0000 - 0x00007ff787cca000 	C:\Program Files\Android\Android Studio\jre\bin\java.exe
0x00007ffef2800000 - 0x00007ffef29f0000 	C:\WINDOWS\SYSTEM32\ntdll.dll
0x00007ffef1040000 - 0x00007ffef10f2000 	C:\WINDOWS\System32\KERNEL32.DLL
0x00007ffef0270000 - 0x00007ffef0515000 	C:\WINDOWS\System32\KERNELBASE.dll
0x00007ffeef810000 - 0x00007ffeef90a000 	C:\WINDOWS\System32\ucrtbase.dll
0x00007ffed7d90000 - 0x00007ffed7da7000 	C:\Program Files\Android\Android Studio\jre\bin\VCRUNTIME140.dll
0x00007ffeb7ea0000 - 0x00007ffeb7eb9000 	C:\Program Files\Android\Android Studio\jre\bin\jli.dll
0x00007ffef2130000 - 0x00007ffef22c4000 	C:\WINDOWS\System32\USER32.dll
0x00007ffef0650000 - 0x00007ffef0671000 	C:\WINDOWS\System32\win32u.dll
0x00007ffef1180000 - 0x00007ffef11a6000 	C:\WINDOWS\System32\GDI32.dll
0x00007ffef0710000 - 0x00007ffef08a8000 	C:\WINDOWS\System32\gdi32full.dll
0x00007ffeef770000 - 0x00007ffeef80e000 	C:\WINDOWS\System32\msvcp_win.dll
0x00007ffedccb0000 - 0x00007ffedcf34000 	C:\WINDOWS\WinSxS\amd64_microsoft.windows.common-controls_6595b64144ccf1df_6.0.18362.1440_none_9e7dbfb9e45e8e67\COMCTL32.dll
0x00007ffef1f40000 - 0x00007ffef1fde000 	C:\WINDOWS\System32\msvcrt.dll
0x00007ffef1a70000 - 0x00007ffef1da6000 	C:\WINDOWS\System32\combase.dll
0x00007ffef24b0000 - 0x00007ffef25cf000 	C:\WINDOWS\System32\RPCRT4.dll
0x00007ffef0680000 - 0x00007ffef0701000 	C:\WINDOWS\System32\bcryptPrimitives.dll
0x00007ffef2480000 - 0x00007ffef24ae000 	C:\WINDOWS\System32\IMM32.DLL
0x00007ffea3c40000 - 0x00007ffea3cdd000 	C:\Program Files\Android\Android Studio\jre\bin\msvcp140.dll
0x00007ffea9d20000 - 0x00007ffeaa7dc000 	C:\Program Files\Android\Android Studio\jre\bin\server\jvm.dll
0x00007ffef1fe0000 - 0x00007ffef2083000 	C:\WINDOWS\System32\ADVAPI32.dll
0x00007ffef26c0000 - 0x00007ffef2757000 	C:\WINDOWS\System32\sechost.dll
0x00007ffef2120000 - 0x00007ffef2128000 	C:\WINDOWS\System32\PSAPI.DLL
0x00007ffedb0a0000 - 0x00007ffedb0a9000 	C:\WINDOWS\SYSTEM32\WSOCK32.dll
0x00007ffef2650000 - 0x00007ffef26bf000 	C:\WINDOWS\System32\WS2_32.dll
0x00007ffeebdb0000 - 0x00007ffeebdd4000 	C:\WINDOWS\SYSTEM32\WINMM.dll
0x00007ffeebd80000 - 0x00007ffeebdad000 	C:\WINDOWS\SYSTEM32\WINMMBASE.dll
0x00007ffef0520000 - 0x00007ffef056a000 	C:\WINDOWS\System32\cfgmgr32.dll
0x00007ffee7b10000 - 0x00007ffee7b1a000 	C:\WINDOWS\SYSTEM32\VERSION.dll
0x00007ffeef6c0000 - 0x00007ffeef6d1000 	C:\WINDOWS\System32\kernel.appcore.dll
0x00007ffea9d00000 - 0x00007ffea9d11000 	C:\Program Files\Android\Android Studio\jre\bin\verify.dll
0x00007ffeedf80000 - 0x00007ffeee174000 	C:\WINDOWS\SYSTEM32\DBGHELP.DLL
0x00007ffeda520000 - 0x00007ffeda54a000 	C:\WINDOWS\SYSTEM32\dbgcore.DLL
0x00007ffea9cd0000 - 0x00007ffea9cf9000 	C:\Program Files\Android\Android Studio\jre\bin\java.dll
0x00007ffea9cc0000 - 0x00007ffea9ccb000 	C:\Program Files\Android\Android Studio\jre\bin\jimage.dll
0x00007ffea9ca0000 - 0x00007ffea9cb8000 	C:\Program Files\Android\Android Studio\jre\bin\zip.dll
0x00007ffef1380000 - 0x00007ffef1a68000 	C:\WINDOWS\System32\SHELL32.dll
0x00007ffef0f90000 - 0x00007ffef1037000 	C:\WINDOWS\System32\shcore.dll
0x00007ffeefa90000 - 0x00007ffef020b000 	C:\WINDOWS\System32\windows.storage.dll
0x00007ffeef6e0000 - 0x00007ffeef6fe000 	C:\WINDOWS\System32\profapi.dll
0x00007ffeef700000 - 0x00007ffeef74a000 	C:\WINDOWS\System32\powrprof.dll
0x00007ffeef6b0000 - 0x00007ffeef6c0000 	C:\WINDOWS\System32\UMPDC.dll
0x00007ffef0980000 - 0x00007ffef09d2000 	C:\WINDOWS\System32\shlwapi.dll
0x00007ffeefa70000 - 0x00007ffeefa87000 	C:\WINDOWS\System32\cryptsp.dll
0x00007ffea9c80000 - 0x00007ffea9c9a000 	C:\Program Files\Android\Android Studio\jre\bin\net.dll
0x00007ffee0420000 - 0x00007ffee051a000 	C:\WINDOWS\SYSTEM32\WINHTTP.dll
0x00007ffeeee90000 - 0x00007ffeeeef7000 	C:\WINDOWS\system32\mswsock.dll
0x00007ffea9c60000 - 0x00007ffea9c74000 	C:\Program Files\Android\Android Studio\jre\bin\nio.dll
0x00007ffebff20000 - 0x00007ffebff47000 	C:\Users\Amjad Khan\.gradle\native\fdc75f09e3144964f2cf3f50f0aa648679c211496f362492102eb8c894070792\windows-amd64\native-platform.dll
0x00007ffea8950000 - 0x00007ffea8ae6000 	C:\Users\Amjad Khan\.gradle\native\12488b8bf47d2d4c9fbf2f6322a914ad602e24e48041cd04a747c6da556b65c4\windows-amd64\native-platform-file-events.dll
0x00007ffea9b00000 - 0x00007ffea9b0a000 	C:\Program Files\Android\Android Studio\jre\bin\management.dll
0x00007ffea9af0000 - 0x00007ffea9afc000 	C:\Program Files\Android\Android Studio\jre\bin\management_ext.dll
0x00007ffeeea10000 - 0x00007ffeeea43000 	C:\WINDOWS\system32\rsaenh.dll
0x00007ffef0620000 - 0x00007ffef0646000 	C:\WINDOWS\System32\bcrypt.dll
0x00007ffeef590000 - 0x00007ffeef5b5000 	C:\WINDOWS\SYSTEM32\USERENV.dll
0x00007ffeef060000 - 0x00007ffeef06c000 	C:\WINDOWS\SYSTEM32\CRYPTBASE.dll
0x00007ffeeeba0000 - 0x00007ffeeebda000 	C:\WINDOWS\SYSTEM32\IPHLPAPI.DLL
0x00007ffef1370000 - 0x00007ffef1378000 	C:\WINDOWS\System32\NSI.dll
0x00007ffee5fd0000 - 0x00007ffee5fe6000 	C:\WINDOWS\SYSTEM32\dhcpcsvc6.DLL
0x00007ffee5ab0000 - 0x00007ffee5acc000 	C:\WINDOWS\SYSTEM32\dhcpcsvc.DLL
0x00007ffeeebe0000 - 0x00007ffeeecab000 	C:\WINDOWS\SYSTEM32\DNSAPI.dll
0x00007ffee68c0000 - 0x00007ffee68cb000 	C:\WINDOWS\SYSTEM32\WINNSI.DLL
0x00007ffede790000 - 0x00007ffede7b7000 	C:\Program Files\Android\Android Studio\jre\bin\sunec.dll

dbghelp: loaded successfully - version: 4.0.5 - missing functions: none
symbol engine: initialized successfully - sym options: 0x614 - pdb path: .;C:\Program Files\Android\Android Studio\jre\bin;C:\WINDOWS\SYSTEM32;C:\WINDOWS\WinSxS\amd64_microsoft.windows.common-controls_6595b64144ccf1df_6.0.18362.1440_none_9e7dbfb9e45e8e67;C:\Program Files\Android\Android Studio\jre\bin\server;C:\Users\Amjad Khan\.gradle\native\fdc75f09e3144964f2cf3f50f0aa648679c211496f362492102eb8c894070792\windows-amd64;C:\Users\Amjad Khan\.gradle\native\12488b8bf47d2d4c9fbf2f6322a914ad602e24e48041cd04a747c6da556b65c4\windows-amd64

VM Arguments:
jvm_args: --add-opens=java.base/java.util=ALL-UNNAMED --add-opens=java.base/java.lang=ALL-UNNAMED --add-opens=java.base/java.lang.invoke=ALL-UNNAMED --add-opens=java.prefs/java.util.prefs=ALL-UNNAMED -Xmx2048m -Dfile.encoding=UTF-8 -Duser.country=US -Duser.language=en -Duser.variant 
java_command: org.gradle.launcher.daemon.bootstrap.GradleDaemon 6.7.1
java_class_path (initial): C:\Users\Amjad Khan\.gradle\wrapper\dists\gradle-6.7.1-bin\bwlcbys1h7rz3272sye1xwiv6\gradle-6.7.1\lib\gradle-launcher-6.7.1.jar
Launcher Type: SUN_STANDARD

[Global flags]
     intx CICompilerCount                          = 3                                         {product} {ergonomic}
     uint ConcGCThreads                            = 1                                         {product} {ergonomic}
     uint G1ConcRefinementThreads                  = 4                                         {product} {ergonomic}
   size_t G1HeapRegionSize                         = 1048576                                   {product} {ergonomic}
    uintx GCDrainStackTargetSize                   = 64                                        {product} {ergonomic}
   size_t InitialHeapSize                          = 65011712                                  {product} {ergonomic}
   size_t MarkStackSize                            = 4194304                                   {product} {ergonomic}
   size_t MaxHeapSize                              = 2147483648                                {product} {command line}
   size_t MaxNewSize                               = 1287651328                                {product} {ergonomic}
   size_t MinHeapDeltaBytes                        = 1048576                                   {product} {ergonomic}
    uintx NonNMethodCodeHeapSize                   = 5830732                                {pd product} {ergonomic}
    uintx NonProfiledCodeHeapSize                  = 122913754                              {pd product} {ergonomic}
    uintx ProfiledCodeHeapSize                     = 122913754                              {pd product} {ergonomic}
    uintx ReservedCodeCacheSize                    = 251658240                              {pd product} {ergonomic}
     bool SegmentedCodeCache                       = true                                      {product} {ergonomic}
     bool UseCompressedClassPointers               = true                                 {lp64_product} {ergonomic}
     bool UseCompressedOops                        = true                                 {lp64_product} {ergonomic}
     bool UseG1GC                                  = true                                      {product} {ergonomic}
     bool UseLargePagesIndividualAllocation        = false                                  {pd product} {ergonomic}

Logging:
Log output configuration:
 #0: stdout all=warning uptime,level,tags
 #1: stderr all=off uptime,level,tags

Environment Variables:
PATH=C:\Program Files (x86)\Common Files\Oracle\Java\javapath;C:\WINDOWS\system32;C:\WINDOWS;C:\WINDOWS\System32\Wbem;C:\WINDOWS\System32\WindowsPowerShell\v1.0\;C:\WINDOWS\System32\OpenSSH\;C:\Program Files\swipl\bin;C:\Program Files\Microsoft SQL Server\130\Tools\Binn\;C:\Program Files\dotnet\;C:\Program Files\Microsoft SQL Server\Client SDK\ODBC\170\Tools\Binn\;C:\Program Files (x86)\Microsoft SQL Server\150\Tools\Binn\;C:\Program Files\Microsoft SQL Server\150\Tools\Binn\;C:\Program Files\Microsoft SQL Server\150\DTS\Binn\;C:\Program Files (x86)\Microsoft SQL Server\150\DTS\Binn\;C:\Program Files\Azure Data Studio\bin;C:\Users\Amjad Khan\Desktop\jdk-16.0.1\bin;C:\Users\Amjad Khan\AppData\Local\Microsoft\WindowsApps;;C:\Program Files\Azure Data Studio\bin
USERNAME=Amjad Khan
OS=Windows_NT
PROCESSOR_IDENTIFIER=Intel64 Family 6 Model 142 Stepping 9, GenuineIntel



---------------  S Y S T E M  ---------------

OS: Windows 10 , 64 bit Build 18362 (10.0.18362.1350)
OS uptime: 0 days 1:11 hours

CPU:total 4 (initial active 4) (2 cores per cpu, 2 threads per core) family 6 model 142 stepping 9, cmov, cx8, fxsr, mmx, sse, sse2, sse3, ssse3, sse4.1, sse4.2, popcnt, avx, avx2, aes, clmul, erms, 3dnowpref, lzcnt, ht, tsc, tscinvbit, bmi1, bmi2, adx, fma

Memory: 4k page, system-wide physical 3961M (97M free)
TotalPageFile size 16249M (AvailPageFile size 7M)
current process WorkingSet (physical memory assigned to process): 155M, peak: 362M
current process commit charge ("private bytes"): 617M, peak: 619M

vm_info: OpenJDK 64-Bit Server VM (11.0.8+10-b944.6842174) for windows-amd64 JRE (11.0.8+10-b944.6842174), built on Sep 19 2020 01:11:42 by "builder" with MS VC++ 14.0 (VS2015)

END.
