#
# There is insufficient memory for the Java Runtime Environment to continue.
# Native memory allocation (mmap) failed to map 15728640 bytes for Failed to commit area from 0x0000000084b00000 to 0x0000000085a00000 of length 15728640.
# Possible reasons:
#   The system is out of physical RAM or swap space
#   The process is running with CompressedOops enabled, and the Java Heap may be blocking the growth of the native heap
# Possible solutions:
#   Reduce memory load on the system
#   Increase physical memory or swap space
#   Check if swap backing store is full
#   Decrease Java heap size (-Xmx/-Xms)
#   Decrease number of Java threads
#   Decrease Java thread stack sizes (-Xss)
#   Set larger code cache with -XX:ReservedCodeCacheSize=
#   JVM is running with Unscaled Compressed Oops mode in which the Java heap is
#     placed in the first 4GB address space. The Java Heap base address is the
#     maximum limit for the native heap growth. Please use -XX:HeapBaseMinAddress
#     to set the Java Heap base and to place the Java Heap above 4GB virtual address.
# This output file may be truncated or incomplete.
#
#  Out of Memory Error (./src/hotspot/os/windows/os_windows.cpp:3303), pid=18832, tid=19304
#
# JRE version: OpenJDK Runtime Environment (11.0.8+10) (build 11.0.8+10-b944.6842174)
# Java VM: OpenJDK 64-Bit Server VM (11.0.8+10-b944.6842174, mixed mode, tiered, compressed oops, g1 gc, windows-amd64)
# No core dump will be written. Minidumps are not enabled by default on client versions of Windows
#

---------------  S U M M A R Y ------------

Command Line: --add-opens=java.base/java.util=ALL-UNNAMED --add-opens=java.base/java.lang=ALL-UNNAMED --add-opens=java.base/java.lang.invoke=ALL-UNNAMED --add-opens=java.prefs/java.util.prefs=ALL-UNNAMED -Xmx2048m -Dfile.encoding=UTF-8 -Duser.country=US -Duser.language=en -Duser.variant org.gradle.launcher.daemon.bootstrap.GradleDaemon 6.7.1

Host: Intel(R) Core(TM) i3-7100U CPU @ 2.40GHz, 4 cores, 3G,  Windows 10 , 64 bit Build 18362 (10.0.18362.1350)
Time: Mon Jul 12 13:41:19 2021 Pakistan Standard Time elapsed time: 19 seconds (0d 0h 0m 19s)

---------------  T H R E A D  ---------------

Current thread (0x00000231255e5000):  VMThread "VM Thread" [stack: 0x000000cfd7000000,0x000000cfd7100000] [id=19304]

Stack: [0x000000cfd7000000,0x000000cfd7100000]
[error occurred during error reporting (printing stack bounds), id 0xc0000005, EXCEPTION_ACCESS_VIOLATION (0xc0000005) at pc=0x000002310f520dad]

Native frames: (J=compiled Java code, j=interpreted, Vv=VM code, C=native code)
V  [jvm.dll+0x5de50a]
V  [jvm.dll+0x7122f5]
V  [jvm.dll+0x71384d]
V  [jvm.dll+0x713e65]
V  [jvm.dll+0x713e1b]
V  [jvm.dll+0x5dd958]
V  [jvm.dll+0x5de0f8]
C  [ntdll.dll+0xa1eef]
C  [ntdll.dll+0x6aad9]
C  [ntdll.dll+0xa0b5e]
C  0x000002310f520dad

VM_Operation (0x000000cfd84f34f0): G1CollectForAllocation, mode: safepoint, requested by thread 0x0000023127168000


---------------  P R O C E S S  ---------------

Threads class SMR info:
_java_thread_list=0x000002312aa04470, length=132, elements={
0x000002310bbac000, 0x00000231255e8000, 0x00000231255f4000, 0x0000023125f62800,
0x0000023125f64000, 0x0000023125f66000, 0x0000023125f6a800, 0x0000023125f6e000,
0x00000231260ae800, 0x00000231260e7800, 0x00000231276e2800, 0x0000023127895000,
0x0000023127ca1000, 0x00000231264e5000, 0x0000023127167800, 0x0000023127154800,
0x0000023127168000, 0x0000023126233000, 0x00000231271a3000, 0x00000231271a3800,
0x0000023126210800, 0x0000023126214800, 0x0000023126215800, 0x0000023126211000,
0x000002312620f800, 0x0000023126212000, 0x0000023126213000, 0x0000023126213800,
0x0000023126216000, 0x000002312a662000, 0x000002312a664800, 0x000002312a665000,
0x000002312a668800, 0x000002312a662800, 0x000002312a663800, 0x000002312a66b800,
0x000002312a669800, 0x000002312a66b000, 0x000002312a667000, 0x000002312a666000,
0x000002312a66e000, 0x000002312a670000, 0x000002312a66c800, 0x000002312a66f000,
0x000002312a66a000, 0x000002312a670800, 0x000002312a66d800, 0x000002312a958000,
0x000002312a954000, 0x000002312a953000, 0x000002312a954800, 0x000002312a955800,
0x000002312a956800, 0x000002312a957000, 0x000002312a952000, 0x000002312a95b000,
0x000002312a95c000, 0x000002312a959800, 0x000002312a95a800, 0x000002312a95d800,
0x000002312a95d000, 0x000002312a95e800, 0x000002312a959000, 0x000002312a95f800,
0x000002312a961000, 0x000002312a960000, 0x0000023127ee9000, 0x0000023127ee7800,
0x0000023127ee6800, 0x0000023127ee8800, 0x0000023127eea800, 0x0000023127eea000,
0x0000023127ee5000, 0x0000023127eeb800, 0x0000023127ee6000, 0x0000023127eed000,
0x0000023127ef1800, 0x0000023127ef2000, 0x0000023127eec800, 0x0000023127eef800,
0x0000023127ef3000, 0x0000023127ef3800, 0x0000023127eee000, 0x0000023127eef000,
0x0000023127ef0800, 0x0000023128cab800, 0x0000023128cae800, 0x0000023128cac000,
0x0000023128cae000, 0x0000023128cad000, 0x0000023128caf800, 0x0000023128cb0000,
0x0000023128caa800, 0x0000023128cb3800, 0x0000023128cb2000, 0x0000023128cb5000,
0x0000023128cb4800, 0x0000023128cb6000, 0x0000023128cb2800, 0x0000023128cb6800,
0x0000023128cb1000, 0x0000023128cb7800, 0x0000023128cb8800, 0x0000023128cb9000,
0x000002312a0a4800, 0x000002312a0a4000, 0x000002312a0a6800, 0x000002312a0a3000,
0x000002312a0a7000, 0x000002312a0a8000, 0x000002312a0a5800, 0x000002312a0a2800,
0x000002312a0aa800, 0x000002312a0a9800, 0x000002312a0ae800, 0x000002312a0ab800,
0x000002312a0a9000, 0x000002312a0ad800, 0x000002312a0af800, 0x000002312a0b0000,
0x000002312a0b1000, 0x000002312a0ac000, 0x000002312a0ad000, 0x000002312a9c6000,
0x000002312a9c3800, 0x000002312a9c0800, 0x000002312a9c4800, 0x000002312a9c7000,
0x000002312a9c5800, 0x000002312a9c2000, 0x000002312a9c1000, 0x000002312a9c8800
}

Java Threads: ( => current thread )
  0x000002310bbac000 JavaThread "main" [_thread_blocked, id=18804, stack(0x000000cfd6a00000,0x000000cfd6b00000)]
  0x00000231255e8000 JavaThread "Reference Handler" daemon [_thread_blocked, id=18808, stack(0x000000cfd7100000,0x000000cfd7200000)]
  0x00000231255f4000 JavaThread "Finalizer" daemon [_thread_blocked, id=18800, stack(0x000000cfd7200000,0x000000cfd7300000)]
  0x0000023125f62800 JavaThread "Signal Dispatcher" daemon [_thread_blocked, id=18848, stack(0x000000cfd7300000,0x000000cfd7400000)]
  0x0000023125f64000 JavaThread "Attach Listener" daemon [_thread_blocked, id=19316, stack(0x000000cfd7400000,0x000000cfd7500000)]
  0x0000023125f66000 JavaThread "C2 CompilerThread0" daemon [_thread_in_native, id=18452, stack(0x000000cfd7500000,0x000000cfd7600000)]
  0x0000023125f6a800 JavaThread "C1 CompilerThread0" daemon [_thread_blocked, id=17520, stack(0x000000cfd7600000,0x000000cfd7700000)]
  0x0000023125f6e000 JavaThread "Sweeper thread" daemon [_thread_blocked, id=19444, stack(0x000000cfd7700000,0x000000cfd7800000)]
  0x00000231260ae800 JavaThread "Common-Cleaner" daemon [_thread_blocked, id=18448, stack(0x000000cfd7800000,0x000000cfd7900000)]
  0x00000231260e7800 JavaThread "Service Thread" daemon [_thread_blocked, id=19260, stack(0x000000cfd7900000,0x000000cfd7a00000)]
  0x00000231276e2800 JavaThread "Daemon health stats" [_thread_blocked, id=18716, stack(0x000000cfd7c00000,0x000000cfd7d00000)]
  0x0000023127895000 JavaThread "Incoming local TCP Connector on port 50207" [_thread_in_native, id=19228, stack(0x000000cfd7f00000,0x000000cfd8000000)]
  0x0000023127ca1000 JavaThread "Daemon periodic checks" [_thread_blocked, id=18208, stack(0x000000cfd8000000,0x000000cfd8100000)]
  0x00000231264e5000 JavaThread "Daemon" [_thread_blocked, id=16560, stack(0x000000cfd8100000,0x000000cfd8200000)]
  0x0000023127167800 JavaThread "Handler for socket connection from /127.0.0.1:50207 to /127.0.0.1:50208" [_thread_in_native, id=17336, stack(0x000000cfd8200000,0x000000cfd8300000)]
  0x0000023127154800 JavaThread "Cancel handler" [_thread_blocked, id=18684, stack(0x000000cfd8300000,0x000000cfd8400000)]
  0x0000023127168000 JavaThread "Daemon worker" [_thread_blocked, id=18308, stack(0x000000cfd8400000,0x000000cfd8500000)]
  0x0000023126233000 JavaThread "Asynchronous log dispatcher for DefaultDaemonConnection: socket connection from /127.0.0.1:50207 to /127.0.0.1:50208" [_thread_blocked, id=18588, stack(0x000000cfd8500000,0x000000cfd8600000)]
  0x00000231271a3000 JavaThread "Stdin handler" [_thread_blocked, id=4868, stack(0x000000cfd8600000,0x000000cfd8700000)]
  0x00000231271a3800 JavaThread "Thread-8" [_thread_blocked, id=19272, stack(0x000000cfd8700000,0x000000cfd8800000)]
  0x0000023126210800 JavaThread "Cache worker for file hash cache (C:\Users\Amjad Khan\.gradle\caches\6.7.1\fileHashes)" [_thread_blocked, id=18664, stack(0x000000cfd8a00000,0x000000cfd8b00000)]
  0x0000023126214800 JavaThread "File lock request listener" [_thread_in_native, id=15628, stack(0x000000cfd8b00000,0x000000cfd8c00000)]
  0x0000023126215800 JavaThread "Cache worker for journal cache (C:\Users\Amjad Khan\.gradle\caches\journal-1)" [_thread_blocked, id=17656, stack(0x000000cfd8c00000,0x000000cfd8d00000)]
  0x0000023126211000 JavaThread "Cache worker for file hash cache (C:\Users\Amjad Khan\AndroidStudioProjects\MobileCalculater\.gradle\6.7.1\fileHashes)" [_thread_blocked, id=18952, stack(0x000000cfd8d00000,0x000000cfd8e00000)]
  0x000002312620f800 JavaThread "Cache worker for checksums cache (C:\Users\Amjad Khan\AndroidStudioProjects\MobileCalculater\.gradle\checksums)" [_thread_blocked, id=18704, stack(0x000000cfd8e00000,0x000000cfd8f00000)]
  0x0000023126212000 JavaThread "Cache worker for cache directory md-supplier (C:\Users\Amjad Khan\.gradle\caches\6.7.1\md-supplier)" [_thread_blocked, id=16540, stack(0x000000cfd8f00000,0x000000cfd9000000)]
  0x0000023126213000 JavaThread "Cache worker for cache directory md-rule (C:\Users\Amjad Khan\.gradle\caches\6.7.1\md-rule)" [_thread_blocked, id=11548, stack(0x000000cfd9000000,0x000000cfd9100000)]
  0x0000023126213800 JavaThread "Cache worker for execution history cache (C:\Users\Amjad Khan\.gradle\caches\6.7.1\executionHistory)" [_thread_blocked, id=10488, stack(0x000000cfd9100000,0x000000cfd9200000)]
  0x0000023126216000 JavaThread "jar transforms" [_thread_blocked, id=19140, stack(0x000000cfd9200000,0x000000cfd9300000)]
  0x000002312a662000 JavaThread "Cache worker for file content cache (C:\Users\Amjad Khan\.gradle\caches\6.7.1\fileContent)" [_thread_blocked, id=19144, stack(0x000000cfd9300000,0x000000cfd9400000)]
  0x000002312a664800 JavaThread "Cache worker for Build Output Cleanup Cache (C:\Users\Amjad Khan\AndroidStudioProjects\MobileCalculater\.gradle\buildOutputCleanup)" [_thread_blocked, id=8472, stack(0x000000cfd9400000,0x000000cfd9500000)]
  0x000002312a665000 JavaThread "Build operations" [_thread_blocked, id=16204, stack(0x000000cfd9500000,0x000000cfd9600000)]
  0x000002312a668800 JavaThread "Build operations Thread 2" [_thread_blocked, id=19428, stack(0x000000cfd9600000,0x000000cfd9700000)]
  0x000002312a662800 JavaThread "Build operations Thread 3" [_thread_blocked, id=19028, stack(0x000000cfd9700000,0x000000cfd9800000)]
  0x000002312a663800 JavaThread "Build operations Thread 4" [_thread_blocked, id=19252, stack(0x000000cfd9800000,0x000000cfd9900000)]
  0x000002312a66b800 JavaThread "jar transforms Thread 2" [_thread_blocked, id=15480, stack(0x000000cfd9900000,0x000000cfd9a00000)]
  0x000002312a669800 JavaThread "jar transforms Thread 3" [_thread_blocked, id=18536, stack(0x000000cfd9a00000,0x000000cfd9b00000)]
  0x000002312a66b000 JavaThread "jar transforms Thread 4" [_thread_blocked, id=18276, stack(0x000000cfd9b00000,0x000000cfd9c00000)]
  0x000002312a667000 JavaThread "jar transforms Thread 5" [_thread_blocked, id=8572, stack(0x000000cfd9c00000,0x000000cfd9d00000)]
  0x000002312a666000 JavaThread "jar transforms Thread 6" [_thread_blocked, id=19048, stack(0x000000cfd9d00000,0x000000cfd9e00000)]
  0x000002312a66e000 JavaThread "jar transforms Thread 7" [_thread_blocked, id=18932, stack(0x000000cfd9e00000,0x000000cfd9f00000)]
  0x000002312a670000 JavaThread "jar transforms Thread 8" [_thread_blocked, id=19088, stack(0x000000cfd9f00000,0x000000cfda000000)]
  0x000002312a66c800 JavaThread "jar transforms Thread 9" [_thread_blocked, id=19176, stack(0x000000cfda000000,0x000000cfda100000)]
  0x000002312a66f000 JavaThread "jar transforms Thread 10" [_thread_blocked, id=15152, stack(0x000000cfda100000,0x000000cfda200000)]
  0x000002312a66a000 JavaThread "jar transforms Thread 11" [_thread_blocked, id=15272, stack(0x000000cfda200000,0x000000cfda300000)]
  0x000002312a670800 JavaThread "jar transforms Thread 12" [_thread_blocked, id=17652, stack(0x000000cfda300000,0x000000cfda400000)]
  0x000002312a66d800 JavaThread "jar transforms Thread 13" [_thread_blocked, id=18840, stack(0x000000cfda400000,0x000000cfda500000)]
  0x000002312a958000 JavaThread "jar transforms Thread 14" [_thread_blocked, id=18812, stack(0x000000cfda500000,0x000000cfda600000)]
  0x000002312a954000 JavaThread "jar transforms Thread 15" [_thread_blocked, id=19008, stack(0x000000cfda600000,0x000000cfda700000)]
  0x000002312a953000 JavaThread "jar transforms Thread 16" [_thread_blocked, id=19016, stack(0x000000cfda700000,0x000000cfda800000)]
  0x000002312a954800 JavaThread "jar transforms Thread 17" [_thread_blocked, id=15064, stack(0x000000cfda800000,0x000000cfda900000)]
  0x000002312a955800 JavaThread "jar transforms Thread 18" [_thread_blocked, id=18780, stack(0x000000cfda900000,0x000000cfdaa00000)]
  0x000002312a956800 JavaThread "jar transforms Thread 19" [_thread_blocked, id=18004, stack(0x000000cfdaa00000,0x000000cfdab00000)]
  0x000002312a957000 JavaThread "jar transforms Thread 20" [_thread_blocked, id=19012, stack(0x000000cfdab00000,0x000000cfdac00000)]
  0x000002312a952000 JavaThread "jar transforms Thread 21" [_thread_blocked, id=10392, stack(0x000000cfdac00000,0x000000cfdad00000)]
  0x000002312a95b000 JavaThread "jar transforms Thread 22" [_thread_blocked, id=18484, stack(0x000000cfdad00000,0x000000cfdae00000)]
  0x000002312a95c000 JavaThread "jar transforms Thread 23" [_thread_blocked, id=17868, stack(0x000000cfdae00000,0x000000cfdaf00000)]
  0x000002312a959800 JavaThread "jar transforms Thread 24" [_thread_blocked, id=18728, stack(0x000000cfdaf00000,0x000000cfdb000000)]
  0x000002312a95a800 JavaThread "jar transforms Thread 25" [_thread_blocked, id=4272, stack(0x000000cfdb000000,0x000000cfdb100000)]
  0x000002312a95d800 JavaThread "jar transforms Thread 26" [_thread_blocked, id=19436, stack(0x000000cfdb100000,0x000000cfdb200000)]
  0x000002312a95d000 JavaThread "jar transforms Thread 27" [_thread_blocked, id=18680, stack(0x000000cfdb200000,0x000000cfdb300000)]
  0x000002312a95e800 JavaThread "jar transforms Thread 28" [_thread_blocked, id=15036, stack(0x000000cfdb300000,0x000000cfdb400000)]
  0x000002312a959000 JavaThread "jar transforms Thread 29" [_thread_blocked, id=9692, stack(0x000000cfdb400000,0x000000cfdb500000)]
  0x000002312a95f800 JavaThread "jar transforms Thread 30" [_thread_blocked, id=17876, stack(0x000000cfdb500000,0x000000cfdb600000)]
  0x000002312a961000 JavaThread "jar transforms Thread 31" [_thread_blocked, id=17196, stack(0x000000cfdb600000,0x000000cfdb700000)]
  0x000002312a960000 JavaThread "jar transforms Thread 32" [_thread_blocked, id=12252, stack(0x000000cfdb700000,0x000000cfdb800000)]
  0x0000023127ee9000 JavaThread "jar transforms Thread 33" [_thread_blocked, id=19452, stack(0x000000cfdb800000,0x000000cfdb900000)]
  0x0000023127ee7800 JavaThread "jar transforms Thread 34" [_thread_blocked, id=18220, stack(0x000000cfdb900000,0x000000cfdba00000)]
  0x0000023127ee6800 JavaThread "jar transforms Thread 35" [_thread_blocked, id=932, stack(0x000000cfdba00000,0x000000cfdbb00000)]
  0x0000023127ee8800 JavaThread "jar transforms Thread 36" [_thread_blocked, id=19376, stack(0x000000cfdbb00000,0x000000cfdbc00000)]
  0x0000023127eea800 JavaThread "jar transforms Thread 37" [_thread_blocked, id=19372, stack(0x000000cfdbc00000,0x000000cfdbd00000)]
  0x0000023127eea000 JavaThread "jar transforms Thread 38" [_thread_blocked, id=19400, stack(0x000000cfdbd00000,0x000000cfdbe00000)]
  0x0000023127ee5000 JavaThread "jar transforms Thread 39" [_thread_blocked, id=19380, stack(0x000000cfdbe00000,0x000000cfdbf00000)]
  0x0000023127eeb800 JavaThread "jar transforms Thread 40" [_thread_blocked, id=19432, stack(0x000000cfdbf00000,0x000000cfdc000000)]
  0x0000023127ee6000 JavaThread "jar transforms Thread 41" [_thread_blocked, id=19348, stack(0x000000cfdc000000,0x000000cfdc100000)]
  0x0000023127eed000 JavaThread "jar transforms Thread 42" [_thread_blocked, id=19344, stack(0x000000cfdc100000,0x000000cfdc200000)]
  0x0000023127ef1800 JavaThread "jar transforms Thread 43" [_thread_blocked, id=18968, stack(0x000000cfdc200000,0x000000cfdc300000)]
  0x0000023127ef2000 JavaThread "jar transforms Thread 44" [_thread_blocked, id=18940, stack(0x000000cfdc300000,0x000000cfdc400000)]
  0x0000023127eec800 JavaThread "jar transforms Thread 45" [_thread_blocked, id=12668, stack(0x000000cfdc400000,0x000000cfdc500000)]
  0x0000023127eef800 JavaThread "jar transforms Thread 46" [_thread_blocked, id=19004, stack(0x000000cfdc500000,0x000000cfdc600000)]
  0x0000023127ef3000 JavaThread "jar transforms Thread 47" [_thread_blocked, id=18996, stack(0x000000cfdc600000,0x000000cfdc700000)]
  0x0000023127ef3800 JavaThread "jar transforms Thread 48" [_thread_blocked, id=18644, stack(0x000000cfdc700000,0x000000cfdc800000)]
  0x0000023127eee000 JavaThread "jar transforms Thread 49" [_thread_blocked, id=19264, stack(0x000000cfdc800000,0x000000cfdc900000)]
  0x0000023127eef000 JavaThread "jar transforms Thread 50" [_thread_blocked, id=19156, stack(0x000000cfdc900000,0x000000cfdca00000)]
  0x0000023127ef0800 JavaThread "jar transforms Thread 51" [_thread_blocked, id=18880, stack(0x000000cfdca00000,0x000000cfdcb00000)]
  0x0000023128cab800 JavaThread "jar transforms Thread 52" [_thread_blocked, id=16432, stack(0x000000cfdcb00000,0x000000cfdcc00000)]
  0x0000023128cae800 JavaThread "jar transforms Thread 53" [_thread_blocked, id=18332, stack(0x000000cfdcc00000,0x000000cfdcd00000)]
  0x0000023128cac000 JavaThread "jar transforms Thread 54" [_thread_blocked, id=19236, stack(0x000000cfdcd00000,0x000000cfdce00000)]
  0x0000023128cae000 JavaThread "jar transforms Thread 55" [_thread_blocked, id=2948, stack(0x000000cfdce00000,0x000000cfdcf00000)]
  0x0000023128cad000 JavaThread "jar transforms Thread 56" [_thread_blocked, id=18492, stack(0x000000cfdcf00000,0x000000cfdd000000)]
  0x0000023128caf800 JavaThread "jar transforms Thread 57" [_thread_blocked, id=9552, stack(0x000000cfdd000000,0x000000cfdd100000)]
  0x0000023128cb0000 JavaThread "jar transforms Thread 58" [_thread_blocked, id=17676, stack(0x000000cfdd100000,0x000000cfdd200000)]
  0x0000023128caa800 JavaThread "jar transforms Thread 59" [_thread_blocked, id=18420, stack(0x000000cfdd200000,0x000000cfdd300000)]
  0x0000023128cb3800 JavaThread "jar transforms Thread 60" [_thread_blocked, id=3560, stack(0x000000cfdd300000,0x000000cfdd400000)]
  0x0000023128cb2000 JavaThread "jar transforms Thread 61" [_thread_blocked, id=15084, stack(0x000000cfdd400000,0x000000cfdd500000)]
  0x0000023128cb5000 JavaThread "jar transforms Thread 62" [_thread_blocked, id=19192, stack(0x000000cfdd500000,0x000000cfdd600000)]
  0x0000023128cb4800 JavaThread "jar transforms Thread 63" [_thread_blocked, id=11400, stack(0x000000cfdd600000,0x000000cfdd700000)]
  0x0000023128cb6000 JavaThread "jar transforms Thread 64" [_thread_blocked, id=10244, stack(0x000000cfdd700000,0x000000cfdd800000)]
  0x0000023128cb2800 JavaThread "jar transforms Thread 65" [_thread_blocked, id=18904, stack(0x000000cfdd800000,0x000000cfdd900000)]
  0x0000023128cb6800 JavaThread "jar transforms Thread 66" [_thread_blocked, id=10340, stack(0x000000cfdd900000,0x000000cfdda00000)]
  0x0000023128cb1000 JavaThread "jar transforms Thread 67" [_thread_blocked, id=1044, stack(0x000000cfdda00000,0x000000cfddb00000)]
  0x0000023128cb7800 JavaThread "jar transforms Thread 68" [_thread_blocked, id=7616, stack(0x000000cfddb00000,0x000000cfddc00000)]
  0x0000023128cb8800 JavaThread "jar transforms Thread 69" [_thread_blocked, id=9752, stack(0x000000cfddc00000,0x000000cfddd00000)]
  0x0000023128cb9000 JavaThread "jar transforms Thread 70" [_thread_blocked, id=7780, stack(0x000000cfddd00000,0x000000cfdde00000)]
  0x000002312a0a4800 JavaThread "jar transforms Thread 71" [_thread_blocked, id=18736, stack(0x000000cfdde00000,0x000000cfddf00000)]
  0x000002312a0a4000 JavaThread "jar transforms Thread 72" [_thread_blocked, id=8724, stack(0x000000cfddf00000,0x000000cfde000000)]
  0x000002312a0a6800 JavaThread "jar transforms Thread 73" [_thread_blocked, id=7824, stack(0x000000cfde000000,0x000000cfde100000)]
  0x000002312a0a3000 JavaThread "jar transforms Thread 74" [_thread_blocked, id=17692, stack(0x000000cfde100000,0x000000cfde200000)]
  0x000002312a0a7000 JavaThread "jar transforms Thread 75" [_thread_blocked, id=19000, stack(0x000000cfde200000,0x000000cfde300000)]
  0x000002312a0a8000 JavaThread "jar transforms Thread 76" [_thread_blocked, id=18796, stack(0x000000cfde300000,0x000000cfde400000)]
  0x000002312a0a5800 JavaThread "jar transforms Thread 77" [_thread_blocked, id=10268, stack(0x000000cfde400000,0x000000cfde500000)]
  0x000002312a0a2800 JavaThread "jar transforms Thread 78" [_thread_blocked, id=18852, stack(0x000000cfde500000,0x000000cfde600000)]
  0x000002312a0aa800 JavaThread "jar transforms Thread 79" [_thread_blocked, id=18480, stack(0x000000cfde600000,0x000000cfde700000)]
  0x000002312a0a9800 JavaThread "jar transforms Thread 80" [_thread_blocked, id=10332, stack(0x000000cfde700000,0x000000cfde800000)]
  0x000002312a0ae800 JavaThread "jar transforms Thread 81" [_thread_blocked, id=16552, stack(0x000000cfde800000,0x000000cfde900000)]
  0x000002312a0ab800 JavaThread "jar transforms Thread 82" [_thread_blocked, id=9032, stack(0x000000cfde900000,0x000000cfdea00000)]
  0x000002312a0a9000 JavaThread "jar transforms Thread 83" [_thread_blocked, id=17972, stack(0x000000cfdea00000,0x000000cfdeb00000)]
  0x000002312a0ad800 JavaThread "jar transforms Thread 84" [_thread_blocked, id=19024, stack(0x000000cfdeb00000,0x000000cfdec00000)]
  0x000002312a0af800 JavaThread "jar transforms Thread 85" [_thread_blocked, id=17668, stack(0x000000cfdec00000,0x000000cfded00000)]
  0x000002312a0b0000 JavaThread "jar transforms Thread 86" [_thread_blocked, id=7536, stack(0x000000cfded00000,0x000000cfdee00000)]
  0x000002312a0b1000 JavaThread "jar transforms Thread 87" [_thread_blocked, id=19404, stack(0x000000cfdee00000,0x000000cfdef00000)]
  0x000002312a0ac000 JavaThread "jar transforms Thread 88" [_thread_blocked, id=17872, stack(0x000000cfdef00000,0x000000cfdf000000)]
  0x000002312a0ad000 JavaThread "jar transforms Thread 89" [_thread_blocked, id=18844, stack(0x000000cfdf000000,0x000000cfdf100000)]
  0x000002312a9c6000 JavaThread "jar transforms Thread 90" [_thread_blocked, id=18872, stack(0x000000cfdf100000,0x000000cfdf200000)]
  0x000002312a9c3800 JavaThread "jar transforms Thread 91" [_thread_blocked, id=3556, stack(0x000000cfdf200000,0x000000cfdf300000)]
  0x000002312a9c0800 JavaThread "jar transforms Thread 92" [_thread_blocked, id=17720, stack(0x000000cfdf300000,0x000000cfdf400000)]
  0x000002312a9c4800 JavaThread "jar transforms Thread 93" [_thread_blocked, id=19184, stack(0x000000cfdf400000,0x000000cfdf500000)]
  0x000002312a9c7000 JavaThread "jar transforms Thread 94" [_thread_blocked, id=5668, stack(0x000000cfdf500000,0x000000cfdf600000)]
  0x000002312a9c5800 JavaThread "jar transforms Thread 95" [_thread_blocked, id=18948, stack(0x000000cfdf600000,0x000000cfdf700000)]
  0x000002312a9c2000 JavaThread "jar transforms Thread 96" [_thread_blocked, id=17896, stack(0x000000cfdf700000,0x000000cfdf800000)]
  0x000002312a9c1000 JavaThread "jar transforms Thread 97" [_thread_blocked, id=16568, stack(0x000000cfdf800000,0x000000cfdf900000)]
  0x000002312a9c8800 JavaThread "Memory manager" [_thread_blocked, id=19268, stack(0x000000cfdf900000,0x000000cfdfa00000)]

Other Threads:
=>0x00000231255e5000 VMThread "VM Thread" [stack: 0x000000cfd7000000,0x000000cfd7100000] [id=19304]
  0x00000231260da800 WatcherThread [stack: 0x000000cfd7a00000,0x000000cfd7b00000] [id=19440]
  0x000002310bbc4800 GCTaskThread "GC Thread#0" [stack: 0x000000cfd6b00000,0x000000cfd6c00000] [id=19044]
  0x0000023126866800 GCTaskThread "GC Thread#1" [stack: 0x000000cfd7b00000,0x000000cfd7c00000] [id=17532]
  0x0000023126281800 GCTaskThread "GC Thread#2" [stack: 0x000000cfd8800000,0x000000cfd8900000] [id=4132]
  0x00000231263dd000 GCTaskThread "GC Thread#3" [stack: 0x000000cfd8900000,0x000000cfd8a00000] [id=8696]
  0x000002310bbf4800 ConcurrentGCThread "G1 Main Marker" [stack: 0x000000cfd6c00000,0x000000cfd6d00000] [id=12256]
  0x000002310bbf7000 ConcurrentGCThread "G1 Conc#0" [stack: 0x000000cfd6d00000,0x000000cfd6e00000] [id=14864]
  0x000002310bc4f800 ConcurrentGCThread "G1 Refine#0" [stack: 0x000000cfd6e00000,0x000000cfd6f00000] [id=16820]
  0x000002310bc50800 ConcurrentGCThread "G1 Young RemSet Sampling" [stack: 0x000000cfd6f00000,0x000000cfd7000000] [id=18500]

Threads with active compile tasks:
C2 CompilerThread0  19970 5142       4       org.objectweb.asm.Frame::execute (2318 bytes)

VM state:at safepoint (normal execution)

VM Mutex/Monitor currently owned by a thread:  ([mutex/lock_event])
[0x000002310bba8570] Threads_lock - owner thread: 0x00000231255e5000
[0x000002310bba87b0] Heap_lock - owner thread: 0x0000023127168000

Heap address: 0x0000000080000000, size: 2048 MB, Compressed Oops mode: 32-bit
Narrow klass base: 0x0000000000000000, Narrow klass shift: 3
Compressed class space size: 1073741824 Address: 0x0000000100000000

Heap:
 garbage-first heap   total 92160K, used 39871K [0x0000000080000000, 0x0000000100000000)
  region size 1024K, 3 young (3072K), 3 survivors (3072K)
 Metaspace       used 55962K, capacity 57250K, committed 57600K, reserved 1099776K
  class space    used 7107K, capacity 7585K, committed 7680K, reserved 1048576K
Heap Regions: E=young(eden), S=young(survivor), O=old, HS=humongous(starts), HC=humongous(continues), CS=collection set, F=free, A=archive, TAMS=top-at-mark-start (previous, next)
|   0|0x0000000080000000, 0x0000000080100000, 0x0000000080100000|100%| O|  |TAMS 0x0000000080100000, 0x0000000080000000| Untracked 
|   1|0x0000000080100000, 0x0000000080200000, 0x0000000080200000|100%| O|  |TAMS 0x0000000080200000, 0x0000000080100000| Untracked 
|   2|0x0000000080200000, 0x0000000080300000, 0x0000000080300000|100%| O|  |TAMS 0x0000000080300000, 0x0000000080200000| Untracked 
|   3|0x0000000080300000, 0x0000000080400000, 0x0000000080400000|100%|HS|  |TAMS 0x0000000080400000, 0x0000000080300000| Complete 
|   4|0x0000000080400000, 0x0000000080500000, 0x0000000080500000|100%|HC|  |TAMS 0x0000000080500000, 0x0000000080400000| Complete 
|   5|0x0000000080500000, 0x0000000080600000, 0x0000000080600000|100%|HC|  |TAMS 0x0000000080600000, 0x0000000080500000| Complete 
|   6|0x0000000080600000, 0x0000000080700000, 0x0000000080700000|100%| O|  |TAMS 0x0000000080700000, 0x0000000080600000| Untracked 
|   7|0x0000000080700000, 0x0000000080800000, 0x0000000080800000|100%| O|  |TAMS 0x0000000080800000, 0x0000000080700000| Untracked 
|   8|0x0000000080800000, 0x0000000080900000, 0x0000000080900000|100%| O|  |TAMS 0x0000000080900000, 0x0000000080800000| Untracked 
|   9|0x0000000080900000, 0x0000000080a00000, 0x0000000080a00000|100%| O|  |TAMS 0x0000000080a00000, 0x0000000080900000| Untracked 
|  10|0x0000000080a00000, 0x0000000080b00000, 0x0000000080b00000|100%| O|  |TAMS 0x0000000080b00000, 0x0000000080a00000| Untracked 
|  11|0x0000000080b00000, 0x0000000080c00000, 0x0000000080c00000|100%| O|  |TAMS 0x0000000080c00000, 0x0000000080b00000| Untracked 
|  12|0x0000000080c00000, 0x0000000080d00000, 0x0000000080d00000|100%| O|  |TAMS 0x0000000080d00000, 0x0000000080c00000| Untracked 
|  13|0x0000000080d00000, 0x0000000080e00000, 0x0000000080e00000|100%| O|  |TAMS 0x0000000080e00000, 0x0000000080d00000| Untracked 
|  14|0x0000000080e00000, 0x0000000080f00000, 0x0000000080f00000|100%| O|  |TAMS 0x0000000080f00000, 0x0000000080e00000| Untracked 
|  15|0x0000000080f00000, 0x0000000081000000, 0x0000000081000000|100%| O|  |TAMS 0x0000000081000000, 0x0000000080f00000| Untracked 
|  16|0x0000000081000000, 0x0000000081100000, 0x0000000081100000|100%| O|  |TAMS 0x0000000081100000, 0x0000000081000000| Untracked 
|  17|0x0000000081100000, 0x0000000081200000, 0x0000000081200000|100%| O|  |TAMS 0x0000000081200000, 0x0000000081100000| Untracked 
|  18|0x0000000081200000, 0x0000000081300000, 0x0000000081300000|100%| O|  |TAMS 0x0000000081300000, 0x0000000081200000| Untracked 
|  19|0x0000000081300000, 0x0000000081400000, 0x0000000081400000|100%| O|  |TAMS 0x0000000081400000, 0x0000000081300000| Untracked 
|  20|0x0000000081400000, 0x0000000081500000, 0x0000000081500000|100%| O|  |TAMS 0x0000000081500000, 0x0000000081400000| Untracked 
|  21|0x0000000081500000, 0x0000000081600000, 0x0000000081600000|100%| O|  |TAMS 0x0000000081600000, 0x0000000081500000| Untracked 
|  22|0x0000000081600000, 0x0000000081700000, 0x0000000081700000|100%| O|  |TAMS 0x0000000081700000, 0x0000000081600000| Untracked 
|  23|0x0000000081700000, 0x0000000081800000, 0x0000000081800000|100%| O|  |TAMS 0x0000000081800000, 0x0000000081700000| Untracked 
|  24|0x0000000081800000, 0x0000000081900000, 0x0000000081900000|100%|HS|  |TAMS 0x0000000081900000, 0x0000000081800000| Complete 
|  25|0x0000000081900000, 0x0000000081a00000, 0x0000000081a00000|100%| O|  |TAMS 0x0000000081a00000, 0x0000000081900000| Untracked 
|  26|0x0000000081a00000, 0x0000000081b00000, 0x0000000081b00000|100%|HS|  |TAMS 0x0000000081b00000, 0x0000000081a00000| Complete 
|  27|0x0000000081b00000, 0x0000000081c00000, 0x0000000081c00000|100%|HC|  |TAMS 0x0000000081c00000, 0x0000000081b00000| Complete 
|  28|0x0000000081c00000, 0x0000000081d00000, 0x0000000081d00000|100%| O|  |TAMS 0x0000000081d00000, 0x0000000081c00000| Untracked 
|  29|0x0000000081d00000, 0x0000000081e00000, 0x0000000081e00000|100%| O|  |TAMS 0x0000000081e00000, 0x0000000081d00000| Untracked 
|  30|0x0000000081e00000, 0x0000000081f00000, 0x0000000081f00000|100%| O|  |TAMS 0x0000000081f00000, 0x0000000081e00000| Untracked 
|  31|0x0000000081f00000, 0x0000000082000000, 0x0000000082000000|100%| O|  |TAMS 0x0000000082000000, 0x0000000081f00000| Untracked 
|  32|0x0000000082000000, 0x0000000082100000, 0x0000000082100000|100%| O|  |TAMS 0x0000000082100000, 0x0000000082000000| Untracked 
|  33|0x0000000082100000, 0x0000000082200000, 0x0000000082200000|100%| O|  |TAMS 0x0000000082200000, 0x0000000082100000| Untracked 
|  34|0x0000000082200000, 0x0000000082300000, 0x0000000082300000|100%| O|  |TAMS 0x0000000082300000, 0x0000000082200000| Untracked 
|  35|0x0000000082300000, 0x0000000082400000, 0x0000000082400000|100%| O|  |TAMS 0x0000000082400000, 0x0000000082300000| Untracked 
|  36|0x0000000082400000, 0x000000008241d600, 0x0000000082500000| 11%| O|  |TAMS 0x000000008241d600, 0x0000000082400000| Untracked 
|  37|0x0000000082500000, 0x0000000082500000, 0x0000000082600000|  0%| F|  |TAMS 0x0000000082500000, 0x0000000082500000| Untracked 
|  38|0x0000000082600000, 0x0000000082600000, 0x0000000082700000|  0%| F|  |TAMS 0x0000000082600000, 0x0000000082600000| Untracked 
|  39|0x0000000082700000, 0x0000000082700000, 0x0000000082800000|  0%| F|  |TAMS 0x0000000082700000, 0x0000000082700000| Untracked 
|  40|0x0000000082800000, 0x0000000082800000, 0x0000000082900000|  0%| F|  |TAMS 0x0000000082800000, 0x0000000082800000| Untracked 
|  41|0x0000000082900000, 0x0000000082900000, 0x0000000082a00000|  0%| F|  |TAMS 0x0000000082900000, 0x0000000082900000| Untracked 
|  42|0x0000000082a00000, 0x0000000082a00000, 0x0000000082b00000|  0%| F|  |TAMS 0x0000000082a00000, 0x0000000082a00000| Untracked 
|  43|0x0000000082b00000, 0x0000000082b00000, 0x0000000082c00000|  0%| F|  |TAMS 0x0000000082b00000, 0x0000000082b00000| Untracked 
|  44|0x0000000082c00000, 0x0000000082c00000, 0x0000000082d00000|  0%| F|  |TAMS 0x0000000082c00000, 0x0000000082c00000| Untracked 
|  45|0x0000000082d00000, 0x0000000082d00000, 0x0000000082e00000|  0%| F|  |TAMS 0x0000000082d00000, 0x0000000082d00000| Untracked 
|  46|0x0000000082e00000, 0x0000000082e00000, 0x0000000082f00000|  0%| F|  |TAMS 0x0000000082e00000, 0x0000000082e00000| Untracked 
|  47|0x0000000082f00000, 0x0000000082f00000, 0x0000000083000000|  0%| F|  |TAMS 0x0000000082f00000, 0x0000000082f00000| Untracked 
|  48|0x0000000083000000, 0x0000000083000000, 0x0000000083100000|  0%| F|  |TAMS 0x0000000083000000, 0x0000000083000000| Untracked 
|  49|0x0000000083100000, 0x0000000083100000, 0x0000000083200000|  0%| F|  |TAMS 0x0000000083100000, 0x0000000083100000| Untracked 
|  50|0x0000000083200000, 0x00000000832d26e8, 0x0000000083300000| 82%| S|CS|TAMS 0x0000000083200000, 0x0000000083200000| Complete 
|  51|0x0000000083300000, 0x0000000083400000, 0x0000000083400000|100%| S|CS|TAMS 0x0000000083300000, 0x0000000083300000| Complete 
|  52|0x0000000083400000, 0x0000000083400000, 0x0000000083500000|  0%| F|  |TAMS 0x0000000083400000, 0x0000000083400000| Untracked 
|  53|0x0000000083500000, 0x0000000083500000, 0x0000000083600000|  0%| F|  |TAMS 0x0000000083500000, 0x0000000083500000| Untracked 
|  54|0x0000000083600000, 0x0000000083700000, 0x0000000083700000|100%| S|CS|TAMS 0x0000000083600000, 0x0000000083600000| Complete 
|  55|0x0000000083700000, 0x0000000083700000, 0x0000000083800000|  0%| F|  |TAMS 0x0000000083700000, 0x0000000083700000| Untracked 
|  56|0x0000000083800000, 0x0000000083800000, 0x0000000083900000|  0%| F|  |TAMS 0x0000000083800000, 0x0000000083800000| Untracked 
|  57|0x0000000083900000, 0x0000000083900000, 0x0000000083a00000|  0%| F|  |TAMS 0x0000000083900000, 0x0000000083900000| Untracked 
|  58|0x0000000083a00000, 0x0000000083a00000, 0x0000000083b00000|  0%| F|  |TAMS 0x0000000083a00000, 0x0000000083a00000| Untracked 
|  59|0x0000000083b00000, 0x0000000083b00000, 0x0000000083c00000|  0%| F|  |TAMS 0x0000000083b00000, 0x0000000083b00000| Untracked 
|  60|0x0000000083c00000, 0x0000000083c00000, 0x0000000083d00000|  0%| F|  |TAMS 0x0000000083c00000, 0x0000000083c00000| Untracked 
|  61|0x0000000083d00000, 0x0000000083d00000, 0x0000000083e00000|  0%| F|  |TAMS 0x0000000083d00000, 0x0000000083d00000| Untracked 
|  62|0x0000000083e00000, 0x0000000083e00000, 0x0000000083f00000|  0%| F|  |TAMS 0x0000000083e00000, 0x0000000083e00000| Untracked 
|  63|0x0000000083f00000, 0x0000000083f00000, 0x0000000084000000|  0%| F|  |TAMS 0x0000000083f00000, 0x0000000083f00000| Untracked 
|  64|0x0000000084000000, 0x0000000084000000, 0x0000000084100000|  0%| F|  |TAMS 0x0000000084000000, 0x0000000084000000| Untracked 
|  65|0x0000000084100000, 0x0000000084100000, 0x0000000084200000|  0%| F|  |TAMS 0x0000000084100000, 0x0000000084100000| Untracked 
|  66|0x0000000084200000, 0x0000000084200000, 0x0000000084300000|  0%| F|  |TAMS 0x0000000084200000, 0x0000000084200000| Untracked 
|  67|0x0000000084300000, 0x0000000084300000, 0x0000000084400000|  0%| F|  |TAMS 0x0000000084300000, 0x0000000084300000| Untracked 
|  68|0x0000000084400000, 0x0000000084400000, 0x0000000084500000|  0%| F|  |TAMS 0x0000000084400000, 0x0000000084400000| Untracked 
|  69|0x0000000084500000, 0x0000000084500000, 0x0000000084600000|  0%| F|  |TAMS 0x0000000084500000, 0x0000000084500000| Untracked 
|  70|0x0000000084600000, 0x0000000084600000, 0x0000000084700000|  0%| F|  |TAMS 0x0000000084600000, 0x0000000084600000| Untracked 
|  71|0x0000000084700000, 0x0000000084700000, 0x0000000084800000|  0%| F|  |TAMS 0x0000000084700000, 0x0000000084700000| Untracked 
|  72|0x0000000084800000, 0x0000000084800000, 0x0000000084900000|  0%| F|  |TAMS 0x0000000084800000, 0x0000000084800000| Untracked 
|  73|0x0000000084900000, 0x0000000084900000, 0x0000000084a00000|  0%| F|  |TAMS 0x0000000084900000, 0x0000000084900000| Untracked 
|  74|0x0000000084a00000, 0x0000000084a00000, 0x0000000084b00000|  0%| F|  |TAMS 0x0000000084a00000, 0x0000000084a00000| Untracked 

Card table byte_map: [0x000002311e920000,0x000002311ed20000] _byte_map_base: 0x000002311e520000

Marking Bits (Prev, Next): (CMBitMap*) 0x000002310bbeb9f0, (CMBitMap*) 0x000002310bbeb9b8
 Prev Bits: [0x0000023121120000, 0x0000023123120000)
 Next Bits: [0x000002311f120000, 0x0000023121120000)

Polling page: 0x000002310b380000

Metaspace:

Usage:
  Non-class:     48.50 MB capacity,    47.71 MB ( 98%) used,   684.16 KB (  1%) free+waste,   125.63 KB ( <1%) overhead. 
      Class:      7.41 MB capacity,     6.94 MB ( 94%) used,   417.55 KB (  6%) free+waste,    60.00 KB ( <1%) overhead. 
       Both:     55.91 MB capacity,    54.65 MB ( 98%) used,     1.08 MB (  2%) free+waste,   185.63 KB ( <1%) overhead. 

Virtual space:
  Non-class space:       50.00 MB reserved,      48.75 MB ( 98%) committed 
      Class space:        1.00 GB reserved,       7.50 MB ( <1%) committed 
             Both:        1.05 GB reserved,      56.25 MB (  5%) committed 

Chunk freelists:
   Non-Class:  63.00 KB
       Class:  31.00 KB
        Both:  94.00 KB

MaxMetaspaceSize: 17179869184.00 GB
CompressedClassSpaceSize: 1.00 GB

CodeHeap 'non-profiled nmethods': size=120064Kb used=2322Kb max_used=2322Kb free=117741Kb
 bounds [0x0000023116fe0000, 0x0000023117250000, 0x000002311e520000]
CodeHeap 'profiled nmethods': size=120000Kb used=10551Kb max_used=10551Kb free=109448Kb
 bounds [0x000002310fab0000, 0x0000023110510000, 0x0000023116fe0000]
CodeHeap 'non-nmethods': size=5696Kb used=2222Kb max_used=2255Kb free=3473Kb
 bounds [0x000002310f520000, 0x000002310f790000, 0x000002310fab0000]
 total_blobs=5760 nmethods=4961 adapters=710
 compilation: enabled
              stopped_count=0, restarted_count=0
 full_count=0

Compilation events (20 events):
Event: 19.824 Thread 0x0000023125f6a800 5171       3       sun.security.util.ObjectIdentifier::checkOidSize (51 bytes)
Event: 19.825 Thread 0x0000023125f6a800 nmethod 5171 0x00000231104f9190 code [0x00000231104f9440, 0x00000231104f9e68]
Event: 19.838 Thread 0x0000023125f6a800 5172       3       java.lang.invoke.MethodType::listToArray (22 bytes)
Event: 19.839 Thread 0x0000023125f6a800 nmethod 5172 0x00000231104fa210 code [0x00000231104fa460, 0x00000231104fabe8]
Event: 19.839 Thread 0x0000023125f6a800 5173       3       java.io.ByteArrayOutputStream::<init> (7 bytes)
Event: 19.839 Thread 0x0000023125f6a800 nmethod 5173 0x00000231104fae90 code [0x00000231104fb040, 0x00000231104fb168]
Event: 19.839 Thread 0x0000023125f6a800 5174  s    3       java.io.ByteArrayInputStream::available (10 bytes)
Event: 19.840 Thread 0x0000023125f6a800 nmethod 5174 0x00000231104fb210 code [0x00000231104fb3c0, 0x00000231104fb638]
Event: 19.840 Thread 0x0000023125f6a800 5175       1       sun.util.calendar.CalendarDate::getDayOfMonth (5 bytes)
Event: 19.840 Thread 0x0000023125f6a800 nmethod 5175 0x0000023117224510 code [0x00000231172246c0, 0x0000023117224778]
Event: 19.840 Thread 0x0000023125f6a800 5176       1       sun.util.calendar.BaseCalendar$Date::getCachedJan1 (5 bytes)
Event: 19.840 Thread 0x0000023125f6a800 nmethod 5176 0x0000023117224810 code [0x00000231172249c0, 0x0000023117224a78]
Event: 19.840 Thread 0x0000023125f6a800 5177       3       java.io.ByteArrayInputStream::mark (9 bytes)
Event: 19.841 Thread 0x0000023125f6a800 nmethod 5177 0x00000231104fb710 code [0x00000231104fb8c0, 0x00000231104fb9b8]
Event: 19.850 Thread 0x0000023125f6a800 5178       3       sun.security.util.DerInputStream::getLength (243 bytes)
Event: 19.854 Thread 0x0000023125f6a800 nmethod 5178 0x00000231104fba90 code [0x00000231104fbfc0, 0x00000231104fe4d8]
Event: 19.854 Thread 0x0000023125f6a800 5179  s    3       java.io.ByteArrayOutputStream::write (43 bytes)
Event: 19.855 Thread 0x0000023125f6a800 nmethod 5179 0x00000231104ff110 code [0x00000231104ff320, 0x00000231104ff908]
Event: 19.855 Thread 0x0000023125f6a800 5180       3       sun.security.util.DerInputStream::available (8 bytes)
Event: 19.855 Thread 0x0000023125f6a800 nmethod 5180 0x00000231104ffb10 code [0x00000231104ffcc0, 0x0000023110500038]

GC Heap History (20 events):
Event: 9.782 GC heap after
{Heap after GC invocations=11 (full 0):
 garbage-first heap   total 63488K, used 21594K [0x0000000080000000, 0x0000000100000000)
  region size 1024K, 4 young (4096K), 4 survivors (4096K)
 Metaspace       used 34897K, capacity 35638K, committed 35840K, reserved 1081344K
  class space    used 4533K, capacity 4817K, committed 4864K, reserved 1048576K
}
Event: 9.824 GC heap before
{Heap before GC invocations=11 (full 0):
 garbage-first heap   total 63488K, used 22618K [0x0000000080000000, 0x0000000100000000)
  region size 1024K, 6 young (6144K), 4 survivors (4096K)
 Metaspace       used 35096K, capacity 35780K, committed 35840K, reserved 1081344K
  class space    used 4557K, capacity 4822K, committed 4864K, reserved 1048576K
}
Event: 9.838 GC heap after
{Heap after GC invocations=12 (full 0):
 garbage-first heap   total 63488K, used 22213K [0x0000000080000000, 0x0000000100000000)
  region size 1024K, 1 young (1024K), 1 survivors (1024K)
 Metaspace       used 35096K, capacity 35780K, committed 35840K, reserved 1081344K
  class space    used 4557K, capacity 4822K, committed 4864K, reserved 1048576K
}
Event: 10.272 GC heap before
{Heap before GC invocations=13 (full 0):
 garbage-first heap   total 63488K, used 40645K [0x0000000080000000, 0x0000000100000000)
  region size 1024K, 17 young (17408K), 1 survivors (1024K)
 Metaspace       used 37023K, capacity 37799K, committed 38144K, reserved 1083392K
  class space    used 4724K, capacity 5024K, committed 5120K, reserved 1048576K
}
Event: 10.277 GC heap after
{Heap after GC invocations=14 (full 0):
 garbage-first heap   total 76800K, used 22824K [0x0000000080000000, 0x0000000100000000)
  region size 1024K, 2 young (2048K), 2 survivors (2048K)
 Metaspace       used 37023K, capacity 37799K, committed 38144K, reserved 1083392K
  class space    used 4724K, capacity 5024K, committed 5120K, reserved 1048576K
}
Event: 11.291 GC heap before
{Heap before GC invocations=14 (full 0):
 garbage-first heap   total 76800K, used 46376K [0x0000000080000000, 0x0000000100000000)
  region size 1024K, 25 young (25600K), 2 survivors (2048K)
 Metaspace       used 39830K, capacity 40629K, committed 40704K, reserved 1085440K
  class space    used 5047K, capacity 5362K, committed 5376K, reserved 1048576K
}
Event: 11.297 GC heap after
{Heap after GC invocations=15 (full 0):
 garbage-first heap   total 76800K, used 23964K [0x0000000080000000, 0x0000000100000000)
  region size 1024K, 3 young (3072K), 3 survivors (3072K)
 Metaspace       used 39830K, capacity 40629K, committed 40704K, reserved 1085440K
  class space    used 5047K, capacity 5362K, committed 5376K, reserved 1048576K
}
Event: 11.757 GC heap before
{Heap before GC invocations=15 (full 0):
 garbage-first heap   total 76800K, used 48540K [0x0000000080000000, 0x0000000100000000)
  region size 1024K, 27 young (27648K), 3 survivors (3072K)
 Metaspace       used 41363K, capacity 42258K, committed 42496K, reserved 1085440K
  class space    used 5292K, capacity 5610K, committed 5632K, reserved 1048576K
}
Event: 11.763 GC heap after
{Heap after GC invocations=16 (full 0):
 garbage-first heap   total 76800K, used 25099K [0x0000000080000000, 0x0000000100000000)
  region size 1024K, 3 young (3072K), 3 survivors (3072K)
 Metaspace       used 41363K, capacity 42258K, committed 42496K, reserved 1085440K
  class space    used 5292K, capacity 5610K, committed 5632K, reserved 1048576K
}
Event: 12.512 GC heap before
{Heap before GC invocations=16 (full 0):
 garbage-first heap   total 76800K, used 50699K [0x0000000080000000, 0x0000000100000000)
  region size 1024K, 28 young (28672K), 3 survivors (3072K)
 Metaspace       used 43605K, capacity 44559K, committed 44672K, reserved 1087488K
  class space    used 5583K, capacity 5911K, committed 6016K, reserved 1048576K
}
Event: 12.521 GC heap after
{Heap after GC invocations=17 (full 0):
 garbage-first heap   total 76800K, used 27006K [0x0000000080000000, 0x0000000100000000)
  region size 1024K, 3 young (3072K), 3 survivors (3072K)
 Metaspace       used 43605K, capacity 44559K, committed 44672K, reserved 1087488K
  class space    used 5583K, capacity 5911K, committed 6016K, reserved 1048576K
}
Event: 13.124 GC heap before
{Heap before GC invocations=17 (full 0):
 garbage-first heap   total 76800K, used 53630K [0x0000000080000000, 0x0000000100000000)
  region size 1024K, 29 young (29696K), 3 survivors (3072K)
 Metaspace       used 44362K, capacity 45430K, committed 45568K, reserved 1089536K
  class space    used 5673K, capacity 6049K, committed 6144K, reserved 1048576K
}
Event: 13.134 GC heap after
{Heap after GC invocations=18 (full 0):
 garbage-first heap   total 76800K, used 30638K [0x0000000080000000, 0x0000000100000000)
  region size 1024K, 4 young (4096K), 4 survivors (4096K)
 Metaspace       used 44362K, capacity 45430K, committed 45568K, reserved 1089536K
  class space    used 5673K, capacity 6049K, committed 6144K, reserved 1048576K
}
Event: 14.143 GC heap before
{Heap before GC invocations=18 (full 0):
 garbage-first heap   total 76800K, used 57262K [0x0000000080000000, 0x0000000100000000)
  region size 1024K, 29 young (29696K), 4 survivors (4096K)
 Metaspace       used 46437K, capacity 47619K, committed 47872K, reserved 1091584K
  class space    used 5954K, capacity 6362K, committed 6400K, reserved 1048576K
}
Event: 14.163 GC heap after
{Heap after GC invocations=19 (full 0):
 garbage-first heap   total 76800K, used 37191K [0x0000000080000000, 0x0000000100000000)
  region size 1024K, 4 young (4096K), 4 survivors (4096K)
 Metaspace       used 46437K, capacity 47619K, committed 47872K, reserved 1091584K
  class space    used 5954K, capacity 6362K, committed 6400K, reserved 1048576K
}
Event: 16.188 GC heap before
{Heap before GC invocations=19 (full 0):
 garbage-first heap   total 76800K, used 57671K [0x0000000080000000, 0x0000000100000000)
  region size 1024K, 24 young (24576K), 4 survivors (4096K)
 Metaspace       used 49773K, capacity 50926K, committed 51072K, reserved 1093632K
  class space    used 6326K, capacity 6722K, committed 6784K, reserved 1048576K
}
Event: 16.195 GC heap after
{Heap after GC invocations=20 (full 0):
 garbage-first heap   total 76800K, used 37809K [0x0000000080000000, 0x0000000100000000)
  region size 1024K, 1 young (1024K), 1 survivors (1024K)
 Metaspace       used 49773K, capacity 50926K, committed 51072K, reserved 1093632K
  class space    used 6326K, capacity 6722K, committed 6784K, reserved 1048576K
}
Event: 18.074 GC heap before
{Heap before GC invocations=20 (full 0):
 garbage-first heap   total 76800K, used 58289K [0x0000000080000000, 0x0000000100000000)
  region size 1024K, 21 young (21504K), 1 survivors (1024K)
 Metaspace       used 52691K, capacity 53935K, committed 54016K, reserved 1095680K
  class space    used 6679K, capacity 7102K, committed 7168K, reserved 1048576K
}
Event: 18.085 GC heap after
{Heap after GC invocations=21 (full 0):
 garbage-first heap   total 76800K, used 38411K [0x0000000080000000, 0x0000000100000000)
  region size 1024K, 2 young (2048K), 2 survivors (2048K)
 Metaspace       used 52691K, capacity 53935K, committed 54016K, reserved 1095680K
  class space    used 6679K, capacity 7102K, committed 7168K, reserved 1048576K
}
Event: 19.860 GC heap before
{Heap before GC invocations=22 (full 0):
 garbage-first heap   total 76800K, used 58891K [0x0000000080000000, 0x0000000100000000)
  region size 1024K, 22 young (22528K), 2 survivors (2048K)
 Metaspace       used 55962K, capacity 57250K, committed 57600K, reserved 1099776K
  class space    used 7107K, capacity 7585K, committed 7680K, reserved 1048576K
}

Deoptimization events (20 events):
Event: 18.561 Thread 0x0000023127168000 Uncommon trap: trap_request=0xffffff4d fr.pc=0x00000231171fe970 relative=0x00000000000003b0
Event: 18.561 Thread 0x0000023127168000 Uncommon trap: reason=unstable_if action=reinterpret pc=0x00000231171fe970 method=java.lang.String.equalsIgnoreCase(Ljava/lang/String;)Z @ 36 c2
Event: 18.561 Thread 0x0000023127168000 DEOPT PACKING pc=0x00000231171fe970 sp=0x000000cfd84f7a30
Event: 18.561 Thread 0x0000023127168000 DEOPT UNPACKING pc=0x000002310f5474af sp=0x000000cfd84f79f0 mode 2
Event: 19.505 Thread 0x0000023127168000 Uncommon trap: trap_request=0xffffff4d fr.pc=0x00000231171c90c8 relative=0x0000000000000228
Event: 19.505 Thread 0x0000023127168000 Uncommon trap: reason=unstable_if action=reinterpret pc=0x00000231171c90c8 method=java.security.SecureClassLoader$CodeSourceKey.hashCode()I @ 9 c2
Event: 19.505 Thread 0x0000023127168000 DEOPT PACKING pc=0x00000231171c90c8 sp=0x000000cfd84f27b0
Event: 19.505 Thread 0x0000023127168000 DEOPT UNPACKING pc=0x000002310f5474af sp=0x000000cfd84f2740 mode 2
Event: 19.754 Thread 0x0000023127168000 Uncommon trap: trap_request=0xffffff4d fr.pc=0x00000231171a0418 relative=0x0000000000002cd8
Event: 19.754 Thread 0x0000023127168000 Uncommon trap: reason=unstable_if action=reinterpret pc=0x00000231171a0418 method=java.util.jar.JarFile.maybeInstantiateVerifier()V @ 61 c2
Event: 19.754 Thread 0x0000023127168000 DEOPT PACKING pc=0x00000231171a0418 sp=0x000000cfd84f47c0
Event: 19.754 Thread 0x0000023127168000 DEOPT UNPACKING pc=0x000002310f5474af sp=0x000000cfd84f4660 mode 2
Event: 19.770 Thread 0x0000023127168000 Uncommon trap: trap_request=0xffffff4d fr.pc=0x000002311714ad78 relative=0x0000000000000138
Event: 19.770 Thread 0x0000023127168000 Uncommon trap: reason=unstable_if action=reinterpret pc=0x000002311714ad78 method=java.lang.ThreadLocal.get()Ljava/lang/Object; @ 11 c2
Event: 19.770 Thread 0x0000023127168000 DEOPT PACKING pc=0x000002311714ad78 sp=0x000000cfd84f4350
Event: 19.770 Thread 0x0000023127168000 DEOPT UNPACKING pc=0x000002310f5474af sp=0x000000cfd84f4300 mode 2
Event: 19.857 Thread 0x0000023127168000 Uncommon trap: trap_request=0xffffff4d fr.pc=0x0000023117190d0c relative=0x000000000000052c
Event: 19.857 Thread 0x0000023127168000 Uncommon trap: reason=unstable_if action=reinterpret pc=0x0000023117190d0c method=java.util.jar.JarFile.maybeInstantiateVerifier()V @ 61 c2
Event: 19.857 Thread 0x0000023127168000 DEOPT PACKING pc=0x0000023117190d0c sp=0x000000cfd84f4210
Event: 19.857 Thread 0x0000023127168000 DEOPT UNPACKING pc=0x000002310f5474af sp=0x000000cfd84f4148 mode 2

Classes redefined (0 events):
No events

Internal exceptions (20 events):
Event: 13.493 Thread 0x00000231271a3800 Exception <a 'java/lang/NoSuchMethodError'{0x0000000083e18280}: <clinit>> (0x0000000083e18280) thrown at [./src/hotspot/share/prims/jni.cpp, line 1362]
Event: 13.496 Thread 0x00000231271a3800 Exception <a 'java/lang/NoSuchMethodError'{0x0000000083e30cb8}: <clinit>> (0x0000000083e30cb8) thrown at [./src/hotspot/share/prims/jni.cpp, line 1362]
Event: 13.511 Thread 0x0000023127168000 Exception <a 'java/lang/ClassNotFoundException'{0x0000000083e919a8}: build_85rz5pvj0259qn2mqclfzfzsvBeanInfo> (0x0000000083e919a8) thrown at [./src/hotspot/share/classfile/systemDictionary.cpp, line 231]
Event: 13.511 Thread 0x0000023127168000 Exception <a 'java/lang/ClassNotFoundException'{0x0000000083e9a7b0}: build_85rz5pvj0259qn2mqclfzfzsvCustomizer> (0x0000000083e9a7b0) thrown at [./src/hotspot/share/classfile/systemDictionary.cpp, line 231]
Event: 13.524 Thread 0x0000023127168000 Exception <a 'java/lang/ClassNotFoundException'{0x0000000083d0a358}: org/gradle/plugin/use/internal/PluginRequestCollector$PluginDependenciesSpecImplBeanInfo> (0x0000000083d0a358) thrown at [./src/hotspot/share/classfile/systemDictionary.cpp, line 231]
Event: 13.525 Thread 0x0000023127168000 Exception <a 'java/lang/ClassNotFoundException'{0x0000000083d300c8}: org/gradle/plugin/use/internal/PluginRequestCollector$PluginDependenciesSpecImplCustomizer> (0x0000000083d300c8) thrown at [./src/hotspot/share/classfile/systemDictionary.cpp, line 231]
Event: 13.541 Thread 0x0000023127168000 Exception <a 'java/lang/NoSuchMethodError'{0x0000000083da1e50}: 'void java.lang.invoke.DirectMethodHandle$Holder.invokeInterface(java.lang.Object, java.lang.Object)'> (0x0000000083da1e50) thrown at [./src/hotspot/share/interpreter/linkResolver.cpp, line 773]
Event: 13.585 Thread 0x0000023127168000 Exception <a 'java/lang/ClassNotFoundException'{0x0000000083b618b0}: org/gradle/api/internal/plugins/DefaultObjectConfigurationActionBeanInfo> (0x0000000083b618b0) thrown at [./src/hotspot/share/classfile/systemDictionary.cpp, line 231]
Event: 13.586 Thread 0x0000023127168000 Exception <a 'java/lang/ClassNotFoundException'{0x0000000083b8d958}: org/gradle/api/internal/plugins/DefaultObjectConfigurationActionCustomizer> (0x0000000083b8d958) thrown at [./src/hotspot/share/classfile/systemDictionary.cpp, line 231]
Event: 14.108 Thread 0x0000023127168000 Exception <a 'java/lang/NoSuchMethodError'{0x000000008325d410}: 'java.lang.Object java.lang.invoke.DirectMethodHandle$Holder.invokeStatic(java.lang.Object, java.lang.Object, java.lang.Object, java.lang.Object, int)'> (0x000000008325d410) thrown at [./src/hotspot/share/interpreter/linkResolver.cpp, line 773]
Event: 14.108 Thread 0x0000023127168000 Exception <a 'java/lang/NoSuchMethodError'{0x0000000083261e08}: 'java.lang.Object java.lang.invoke.DirectMethodHandle$Holder.invokeSpecial(java.lang.Object, java.lang.Object, java.lang.Object, java.lang.Object, java.lang.Object, int)'> (0x0000000083261e08) thrown at [./src/hotspot/share/interpreter/linkResolver.cpp, line 773]
Event: 14.109 Thread 0x0000023127168000 Exception <a 'java/lang/NoSuchMethodError'{0x0000000083266758}: 'java.lang.Object java.lang.invoke.Invokers$Holder.linkToTargetMethod(java.lang.Object, java.lang.Object, java.lang.Object, int, java.lang.Object)'> (0x0000000083266758) thrown at [./src/hotspot/share/interpreter/linkResolver.cpp, line 773]
Event: 16.172 Thread 0x0000023127168000 Exception <a 'java/lang/NoSuchMethodError'{0x00000000837a2a20}: 'java.lang.Object java.lang.invoke.DirectMethodHandle$Holder.invokeSpecial(java.lang.Object, java.lang.Object, int, int, java.lang.Object, java.lang.Object, java.lang.Object)'> (0x00000000837a2a20) thrown at [./src/hotspot/share/interpreter/linkResolver.cpp, line 773]
Event: 16.173 Thread 0x0000023127168000 Exception <a 'java/lang/NoSuchMethodError'{0x00000000837a6fa0}: 'java.lang.Object java.lang.invoke.DelegatingMethodHandle$Holder.reinvoke_L(java.lang.Object, int, int, java.lang.Object, java.lang.Object, java.lang.Object)'> (0x00000000837a6fa0) thrown at [./src/hotspot/share/interpreter/linkResolver.cpp, line 773]
Event: 17.211 Thread 0x0000023127168000 Exception <a 'java/lang/NoSuchMethodError'{0x0000000083e19c30}: 'int java.lang.invoke.DirectMethodHandle$Holder.invokeInterface(java.lang.Object, java.lang.Object, java.lang.Object, java.lang.Object)'> (0x0000000083e19c30) thrown at [./src/hotspot/share/interpreter/linkResolver.cpp, line 773]
Event: 18.519 Thread 0x0000023127168000 Exception <a 'java/lang/NoSuchMethodError'{0x00000000848145c8}: 'void java.lang.invoke.DirectMethodHandle$Holder.invokeInterface(java.lang.Object, java.lang.Object, java.lang.Object, java.lang.Object)'> (0x00000000848145c8) thrown at [./src/hotspot/share/interpreter/linkResolver.cpp, line 773]
Event: 18.870 Thread 0x0000023127168000 Exception <a 'java/lang/IncompatibleClassChangeError'{0x00000000841a1de0}: Found class java.lang.Object, but interface was expected> (0x00000000841a1de0) thrown at [./src/hotspot/share/interpreter/linkResolver.cpp, line 839]
Event: 18.941 Thread 0x0000023127168000 Exception <a 'java/lang/NoSuchMethodError'{0x000000008403e4a0}: 'void java.lang.invoke.DirectMethodHandle$Holder.invokeStatic(java.lang.Object, java.lang.Object, java.lang.Object, java.lang.Object, java.lang.Object)'> (0x000000008403e4a0) thrown at [./src/hotspot/share/interpreter/linkResolver.cpp, line 773]
Event: 19.505 Thread 0x0000023127168000 Implicit null exception at 0x00000231171c8ed4 to 0x00000231171c90b8
Event: 19.770 Thread 0x0000023127168000 Implicit null exception at 0x000002311714ac8b to 0x000002311714ad64

Events (20 events):
Event: 19.848 loading class sun/security/util/DisabledAlgorithmConstraints$Constraints done
Event: 19.848 loading class sun/security/util/DisabledAlgorithmConstraints$DisabledConstraint
Event: 19.848 loading class sun/security/util/DisabledAlgorithmConstraints$Constraint
Event: 19.849 loading class sun/security/util/DisabledAlgorithmConstraints$Constraint done
Event: 19.849 loading class sun/security/util/DisabledAlgorithmConstraints$DisabledConstraint done
Event: 19.849 loading class sun/security/util/DisabledAlgorithmConstraints$KeySizeConstraint
Event: 19.849 loading class sun/security/util/DisabledAlgorithmConstraints$KeySizeConstraint done
Event: 19.849 loading class sun/security/util/DisabledAlgorithmConstraints$Constraint$Operator
Event: 19.849 loading class sun/security/util/DisabledAlgorithmConstraints$Constraint$Operator done
Event: 19.850 loading class sun/security/util/DisabledAlgorithmConstraints$1
Event: 19.850 loading class sun/security/util/DisabledAlgorithmConstraints$1 done
Event: 19.850 loading class sun/security/pkcs/PKCS9Attributes
Event: 19.851 loading class sun/security/pkcs/PKCS9Attributes done
Event: 19.851 loading class sun/security/pkcs/PKCS9Attribute
Event: 19.852 loading class sun/security/pkcs/PKCS9Attribute done
Event: 19.855 loading class org/bouncycastle/operator/OperatorException
Event: 19.855 loading class org/bouncycastle/operator/OperatorException done
Event: 19.856 loading class org/bouncycastle/jce/provider/BouncyCastleProvider
Event: 19.856 loading class org/bouncycastle/jce/provider/BouncyCastleProvider done
Event: 19.860 Executing VM operation: G1CollectForAllocation


Dynamic libraries:
0x00007ff787cc0000 - 0x00007ff787cca000 	C:\Program Files\Android\Android Studio\jre\bin\java.exe
0x00007ffef2800000 - 0x00007ffef29f0000 	C:\WINDOWS\SYSTEM32\ntdll.dll
0x00007ffef1040000 - 0x00007ffef10f2000 	C:\WINDOWS\System32\KERNEL32.DLL
0x00007ffef0270000 - 0x00007ffef0515000 	C:\WINDOWS\System32\KERNELBASE.dll
0x00007ffeef810000 - 0x00007ffeef90a000 	C:\WINDOWS\System32\ucrtbase.dll
0x00007ffed7d90000 - 0x00007ffed7da7000 	C:\Program Files\Android\Android Studio\jre\bin\VCRUNTIME140.dll
0x00007ffeb7ea0000 - 0x00007ffeb7eb9000 	C:\Program Files\Android\Android Studio\jre\bin\jli.dll
0x00007ffef2130000 - 0x00007ffef22c4000 	C:\WINDOWS\System32\USER32.dll
0x00007ffef0650000 - 0x00007ffef0671000 	C:\WINDOWS\System32\win32u.dll
0x00007ffef1180000 - 0x00007ffef11a6000 	C:\WINDOWS\System32\GDI32.dll
0x00007ffef0710000 - 0x00007ffef08a8000 	C:\WINDOWS\System32\gdi32full.dll
0x00007ffeef770000 - 0x00007ffeef80e000 	C:\WINDOWS\System32\msvcp_win.dll
0x00007ffedccb0000 - 0x00007ffedcf34000 	C:\WINDOWS\WinSxS\amd64_microsoft.windows.common-controls_6595b64144ccf1df_6.0.18362.1440_none_9e7dbfb9e45e8e67\COMCTL32.dll
0x00007ffef1f40000 - 0x00007ffef1fde000 	C:\WINDOWS\System32\msvcrt.dll
0x00007ffef1a70000 - 0x00007ffef1da6000 	C:\WINDOWS\System32\combase.dll
0x00007ffef24b0000 - 0x00007ffef25cf000 	C:\WINDOWS\System32\RPCRT4.dll
0x00007ffef0680000 - 0x00007ffef0701000 	C:\WINDOWS\System32\bcryptPrimitives.dll
0x00007ffef2480000 - 0x00007ffef24ae000 	C:\WINDOWS\System32\IMM32.DLL
0x00007ffea3c40000 - 0x00007ffea3cdd000 	C:\Program Files\Android\Android Studio\jre\bin\msvcp140.dll
0x00007ffea9d20000 - 0x00007ffeaa7dc000 	C:\Program Files\Android\Android Studio\jre\bin\server\jvm.dll
0x00007ffef1fe0000 - 0x00007ffef2083000 	C:\WINDOWS\System32\ADVAPI32.dll
0x00007ffef26c0000 - 0x00007ffef2757000 	C:\WINDOWS\System32\sechost.dll
0x00007ffeebdb0000 - 0x00007ffeebdd4000 	C:\WINDOWS\SYSTEM32\WINMM.dll
0x00007ffef2120000 - 0x00007ffef2128000 	C:\WINDOWS\System32\PSAPI.DLL
0x00007ffee7b10000 - 0x00007ffee7b1a000 	C:\WINDOWS\SYSTEM32\VERSION.dll
0x00007ffedb0a0000 - 0x00007ffedb0a9000 	C:\WINDOWS\SYSTEM32\WSOCK32.dll
0x00007ffef2650000 - 0x00007ffef26bf000 	C:\WINDOWS\System32\ws2_32.DLL
0x00007ffeebd80000 - 0x00007ffeebdad000 	C:\WINDOWS\SYSTEM32\WINMMBASE.dll
0x00007ffef0520000 - 0x00007ffef056a000 	C:\WINDOWS\System32\cfgmgr32.dll
0x00007ffeef6c0000 - 0x00007ffeef6d1000 	C:\WINDOWS\System32\kernel.appcore.dll
0x00007ffea9d00000 - 0x00007ffea9d11000 	C:\Program Files\Android\Android Studio\jre\bin\verify.dll
0x00007ffeedf80000 - 0x00007ffeee174000 	C:\WINDOWS\SYSTEM32\DBGHELP.DLL
0x00007ffeda520000 - 0x00007ffeda54a000 	C:\WINDOWS\SYSTEM32\dbgcore.DLL
0x00007ffea9cd0000 - 0x00007ffea9cf9000 	C:\Program Files\Android\Android Studio\jre\bin\java.dll
0x00007ffea9cc0000 - 0x00007ffea9ccb000 	C:\Program Files\Android\Android Studio\jre\bin\jimage.dll
0x00007ffea9ca0000 - 0x00007ffea9cb8000 	C:\Program Files\Android\Android Studio\jre\bin\zip.dll
0x00007ffef1380000 - 0x00007ffef1a68000 	C:\WINDOWS\System32\SHELL32.dll
0x00007ffef0f90000 - 0x00007ffef1037000 	C:\WINDOWS\System32\shcore.dll
0x00007ffeefa90000 - 0x00007ffef020b000 	C:\WINDOWS\System32\windows.storage.dll
0x00007ffeef6e0000 - 0x00007ffeef6fe000 	C:\WINDOWS\System32\profapi.dll
0x00007ffeef700000 - 0x00007ffeef74a000 	C:\WINDOWS\System32\powrprof.dll
0x00007ffeef6b0000 - 0x00007ffeef6c0000 	C:\WINDOWS\System32\UMPDC.dll
0x00007ffef0980000 - 0x00007ffef09d2000 	C:\WINDOWS\System32\shlwapi.dll
0x00007ffeefa70000 - 0x00007ffeefa87000 	C:\WINDOWS\System32\cryptsp.dll
0x00007ffea9c80000 - 0x00007ffea9c9a000 	C:\Program Files\Android\Android Studio\jre\bin\net.dll
0x00007ffee0420000 - 0x00007ffee051a000 	C:\WINDOWS\SYSTEM32\WINHTTP.dll
0x00007ffeeee90000 - 0x00007ffeeeef7000 	C:\WINDOWS\system32\mswsock.dll
0x00007ffea9c60000 - 0x00007ffea9c74000 	C:\Program Files\Android\Android Studio\jre\bin\nio.dll
0x00007ffebff20000 - 0x00007ffebff47000 	C:\Users\Amjad Khan\.gradle\native\fdc75f09e3144964f2cf3f50f0aa648679c211496f362492102eb8c894070792\windows-amd64\native-platform.dll
0x00007ffea8950000 - 0x00007ffea8ae6000 	C:\Users\Amjad Khan\.gradle\native\12488b8bf47d2d4c9fbf2f6322a914ad602e24e48041cd04a747c6da556b65c4\windows-amd64\native-platform-file-events.dll
0x00007ffea9b00000 - 0x00007ffea9b0a000 	C:\Program Files\Android\Android Studio\jre\bin\management.dll
0x00007ffea9af0000 - 0x00007ffea9afc000 	C:\Program Files\Android\Android Studio\jre\bin\management_ext.dll
0x00007ffeeea10000 - 0x00007ffeeea43000 	C:\WINDOWS\system32\rsaenh.dll
0x00007ffef0620000 - 0x00007ffef0646000 	C:\WINDOWS\System32\bcrypt.dll
0x00007ffeef590000 - 0x00007ffeef5b5000 	C:\WINDOWS\SYSTEM32\USERENV.dll
0x00007ffeef060000 - 0x00007ffeef06c000 	C:\WINDOWS\SYSTEM32\CRYPTBASE.dll
0x00007ffeeeba0000 - 0x00007ffeeebda000 	C:\WINDOWS\SYSTEM32\IPHLPAPI.DLL
0x00007ffef1370000 - 0x00007ffef1378000 	C:\WINDOWS\System32\NSI.dll
0x00007ffee5fd0000 - 0x00007ffee5fe6000 	C:\WINDOWS\SYSTEM32\dhcpcsvc6.DLL
0x00007ffee5ab0000 - 0x00007ffee5acc000 	C:\WINDOWS\SYSTEM32\dhcpcsvc.DLL
0x00007ffeeebe0000 - 0x00007ffeeecab000 	C:\WINDOWS\SYSTEM32\DNSAPI.dll
0x00007ffee68c0000 - 0x00007ffee68cb000 	C:\WINDOWS\SYSTEM32\WINNSI.DLL

dbghelp: loaded successfully - version: 4.0.5 - missing functions: none
symbol engine: initialized successfully - sym options: 0x614 - pdb path: .;C:\Program Files\Android\Android Studio\jre\bin;C:\WINDOWS\SYSTEM32;C:\WINDOWS\WinSxS\amd64_microsoft.windows.common-controls_6595b64144ccf1df_6.0.18362.1440_none_9e7dbfb9e45e8e67;C:\Program Files\Android\Android Studio\jre\bin\server;C:\Users\Amjad Khan\.gradle\native\fdc75f09e3144964f2cf3f50f0aa648679c211496f362492102eb8c894070792\windows-amd64;C:\Users\Amjad Khan\.gradle\native\12488b8bf47d2d4c9fbf2f6322a914ad602e24e48041cd04a747c6da556b65c4\windows-amd64

VM Arguments:
jvm_args: --add-opens=java.base/java.util=ALL-UNNAMED --add-opens=java.base/java.lang=ALL-UNNAMED --add-opens=java.base/java.lang.invoke=ALL-UNNAMED --add-opens=java.prefs/java.util.prefs=ALL-UNNAMED -Xmx2048m -Dfile.encoding=UTF-8 -Duser.country=US -Duser.language=en -Duser.variant 
java_command: org.gradle.launcher.daemon.bootstrap.GradleDaemon 6.7.1
java_class_path (initial): C:\Users\Amjad Khan\.gradle\wrapper\dists\gradle-6.7.1-bin\bwlcbys1h7rz3272sye1xwiv6\gradle-6.7.1\lib\gradle-launcher-6.7.1.jar
Launcher Type: SUN_STANDARD

[Global flags]
     intx CICompilerCount                          = 3                                         {product} {ergonomic}
     uint ConcGCThreads                            = 1                                         {product} {ergonomic}
     uint G1ConcRefinementThreads                  = 4                                         {product} {ergonomic}
   size_t G1HeapRegionSize                         = 1048576                                   {product} {ergonomic}
    uintx GCDrainStackTargetSize                   = 64                                        {product} {ergonomic}
   size_t InitialHeapSize                          = 65011712                                  {product} {ergonomic}
   size_t MarkStackSize                            = 4194304                                   {product} {ergonomic}
   size_t MaxHeapSize                              = 2147483648                                {product} {command line}
   size_t MaxNewSize                               = 1287651328                                {product} {ergonomic}
   size_t MinHeapDeltaBytes                        = 1048576                                   {product} {ergonomic}
    uintx NonNMethodCodeHeapSize                   = 5830732                                {pd product} {ergonomic}
    uintx NonProfiledCodeHeapSize                  = 122913754                              {pd product} {ergonomic}
    uintx ProfiledCodeHeapSize                     = 122913754                              {pd product} {ergonomic}
    uintx ReservedCodeCacheSize                    = 251658240                              {pd product} {ergonomic}
     bool SegmentedCodeCache                       = true                                      {product} {ergonomic}
     bool UseCompressedClassPointers               = true                                 {lp64_product} {ergonomic}
     bool UseCompressedOops                        = true                                 {lp64_product} {ergonomic}
     bool UseG1GC                                  = true                                      {product} {ergonomic}
     bool UseLargePagesIndividualAllocation        = false                                  {pd product} {ergonomic}

Logging:
Log output configuration:
 #0: stdout all=warning uptime,level,tags
 #1: stderr all=off uptime,level,tags

Environment Variables:
PATH=C:\Program Files (x86)\Common Files\Oracle\Java\javapath;C:\WINDOWS\system32;C:\WINDOWS;C:\WINDOWS\System32\Wbem;C:\WINDOWS\System32\WindowsPowerShell\v1.0\;C:\WINDOWS\System32\OpenSSH\;C:\Program Files\swipl\bin;C:\Program Files\Microsoft SQL Server\130\Tools\Binn\;C:\Program Files\dotnet\;C:\Program Files\Microsoft SQL Server\Client SDK\ODBC\170\Tools\Binn\;C:\Program Files (x86)\Microsoft SQL Server\150\Tools\Binn\;C:\Program Files\Microsoft SQL Server\150\Tools\Binn\;C:\Program Files\Microsoft SQL Server\150\DTS\Binn\;C:\Program Files (x86)\Microsoft SQL Server\150\DTS\Binn\;C:\Program Files\Azure Data Studio\bin;C:\Users\Amjad Khan\Desktop\jdk-16.0.1\bin;C:\Users\Amjad Khan\AppData\Local\Microsoft\WindowsApps;;C:\Program Files\Azure Data Studio\bin
USERNAME=Amjad Khan
OS=Windows_NT
PROCESSOR_IDENTIFIER=Intel64 Family 6 Model 142 Stepping 9, GenuineIntel



---------------  S Y S T E M  ---------------

OS: Windows 10 , 64 bit Build 18362 (10.0.18362.1350)
OS uptime: 0 days 0:14 hours

CPU:total 4 (initial active 4) (2 cores per cpu, 2 threads per core) family 6 model 142 stepping 9, cmov, cx8, fxsr, mmx, sse, sse2, sse3, ssse3, sse4.1, sse4.2, popcnt, avx, avx2, aes, clmul, erms, 3dnowpref, lzcnt, ht, tsc, tscinvbit, bmi1, bmi2, adx, fma

Memory: 4k page, system-wide physical 3961M (124M free)
TotalPageFile size 16249M (AvailPageFile size 16M)
current process WorkingSet (physical memory assigned to process): 202M, peak: 212M
current process commit charge ("private bytes"): 279M, peak: 293M

vm_info: OpenJDK 64-Bit Server VM (11.0.8+10-b944.6842174) for windows-amd64 JRE (11.0.8+10-b944.6842174), built on Sep 19 2020 01:11:42 by "builder" with MS VC++ 14.0 (VS2015)

END.
